2025-03-31 15:04:47 INFO  - Starting PodoCareWebsiteApplication using Java 21.0.2 with PID 7828 (C:\Users\Wojtek\Desktop\nowy projekt\PodoCarePRO\be\PodoCareWebsite\target\classes started by Wojtek in C:\Users\Wojtek\Desktop\nowy projekt\PodoCarePRO\be)
2025-03-31 15:04:47 INFO  - No active profile set, falling back to 1 default profile: "default"
2025-03-31 15:04:48 INFO  - Bootstrapping Spring Data JPA repositories in DEFAULT mode.
2025-03-31 15:04:48 INFO  - Finished Spring Data repository scanning in 82 ms. Found 10 JPA repository interfaces.
2025-03-31 15:04:49 INFO  - Tomcat initialized with port 8080 (http)
2025-03-31 15:04:49 INFO  - Initializing ProtocolHandler ["http-nio-8080"]
2025-03-31 15:04:49 INFO  - Starting service [Tomcat]
2025-03-31 15:04:49 INFO  - Starting Servlet engine: [Apache Tomcat/10.1.30]
2025-03-31 15:04:49 INFO  - Initializing Spring embedded WebApplicationContext
2025-03-31 15:04:49 INFO  - Root WebApplicationContext: initialization completed in 1377 ms
2025-03-31 15:04:49 INFO  - HikariPool-1 - Starting...
2025-03-31 15:04:49 INFO  - HikariPool-1 - Added connection org.postgresql.jdbc.PgConnection@14d25b6e
2025-03-31 15:04:49 INFO  - HikariPool-1 - Start completed.
2025-03-31 15:04:49 INFO  - Set default schema name to public
2025-03-31 15:04:50 INFO  - Reading from public.databasechangelog
2025-03-31 15:04:50 INFO  - Reading from public.databasechangelog
2025-03-31 15:04:50 INFO  - UPDATE SUMMARY
2025-03-31 15:04:50 INFO  - Run:                          0
2025-03-31 15:04:50 INFO  - Previously run:               4
2025-03-31 15:04:50 INFO  - Filtered out:                 0
2025-03-31 15:04:50 INFO  - -------------------------------
2025-03-31 15:04:50 INFO  - Total change sets:            4

2025-03-31 15:04:50 INFO  - Update summary generated
2025-03-31 15:04:50 INFO  - Successfully released change log lock
2025-03-31 15:04:50 INFO  - Command execution complete
2025-03-31 15:04:50 INFO  - HHH000204: Processing PersistenceUnitInfo [name: default]
2025-03-31 15:04:50 INFO  - HHH000412: Hibernate ORM core version 6.5.3.Final
2025-03-31 15:04:50 INFO  - HHH000026: Second-level cache disabled
2025-03-31 15:04:50 INFO  - No LoadTimeWeaver setup: ignoring JPA class transformer
2025-03-31 15:04:50 WARN  - HHH90000025: PostgreSQLDialect does not need to be specified explicitly using 'hibernate.dialect' (remove the property setting and it will be selected by default)
2025-03-31 15:04:51 INFO  - HHH000489: No JTA platform available (set 'hibernate.transaction.jta.platform' to enable JTA platform integration)
2025-03-31 15:04:51 INFO  - Initialized JPA EntityManagerFactory for persistence unit 'default'
2025-03-31 15:04:51 INFO  - Hibernate is in classpath; If applicable, HQL parser will be used.
2025-03-31 15:04:53 WARN  - spring.jpa.open-in-view is enabled by default. Therefore, database queries may be performed during view rendering. Explicitly configure spring.jpa.open-in-view to disable this warning
2025-03-31 15:04:53 INFO  - Starting ProtocolHandler ["http-nio-8080"]
2025-03-31 15:04:53 INFO  - Tomcat started on port 8080 (http) with context path '/'
2025-03-31 15:04:53 INFO  - Started PodoCareWebsiteApplication in 6.393 seconds (process running for 6.948)
2025-03-31 15:07:34 INFO  - Initializing Spring DispatcherServlet 'dispatcherServlet'
2025-03-31 15:07:34 INFO  - Initializing Servlet 'dispatcherServlet'
2025-03-31 15:07:34 INFO  - Completed initialization in 1 ms
2025-03-31 18:51:44 INFO  - Closing JPA EntityManagerFactory for persistence unit 'default'
2025-03-31 18:51:44 INFO  - HikariPool-1 - Shutdown initiated...
2025-03-31 18:51:44 INFO  - HikariPool-1 - Shutdown completed.
