2025-03-27 16:43:13 INFO  - Starting PodoCareWebsiteApplication using Java 21.0.2 with PID 4696 (C:\Users\Wojtek\Desktop\nowy projekt\PodoCarePRO\be\PodoCareWebsite\target\classes started by Wojtek in C:\Users\Wojtek\Desktop\nowy projekt\PodoCarePRO\be)
2025-03-27 16:43:13 INFO  - No active profile set, falling back to 1 default profile: "default"
2025-03-27 16:43:14 INFO  - Bootstrapping Spring Data JPA repositories in DEFAULT mode.
2025-03-27 16:43:14 INFO  - Finished Spring Data repository scanning in 121 ms. Found 10 JPA repository interfaces.
2025-03-27 16:43:15 INFO  - Tomcat initialized with port 8080 (http)
2025-03-27 16:43:15 INFO  - Initializing ProtocolHandler ["http-nio-8080"]
2025-03-27 16:43:15 INFO  - Starting service [Tomcat]
2025-03-27 16:43:15 INFO  - Starting Servlet engine: [Apache Tomcat/10.1.30]
2025-03-27 16:43:15 INFO  - Initializing Spring embedded WebApplicationContext
2025-03-27 16:43:15 INFO  - Root WebApplicationContext: initialization completed in 1554 ms
2025-03-27 16:43:15 INFO  - HikariPool-1 - Starting...
2025-03-27 16:43:15 INFO  - HikariPool-1 - Added connection org.postgresql.jdbc.PgConnection@31acfd4e
2025-03-27 16:43:15 INFO  - HikariPool-1 - Start completed.
2025-03-27 16:43:16 INFO  - Set default schema name to public
2025-03-27 16:43:16 INFO  - Reading from public.databasechangelog
2025-03-27 16:43:16 INFO  - Reading from public.databasechangelog
2025-03-27 16:43:16 INFO  - UPDATE SUMMARY
2025-03-27 16:43:16 INFO  - Run:                          0
2025-03-27 16:43:16 INFO  - Previously run:               4
2025-03-27 16:43:16 INFO  - Filtered out:                 0
2025-03-27 16:43:16 INFO  - -------------------------------
2025-03-27 16:43:16 INFO  - Total change sets:            4

2025-03-27 16:43:16 INFO  - Update summary generated
2025-03-27 16:43:16 INFO  - Successfully released change log lock
2025-03-27 16:43:16 INFO  - Command execution complete
2025-03-27 16:43:16 INFO  - HHH000204: Processing PersistenceUnitInfo [name: default]
2025-03-27 16:43:16 INFO  - HHH000412: Hibernate ORM core version 6.5.3.Final
2025-03-27 16:43:16 INFO  - HHH000026: Second-level cache disabled
2025-03-27 16:43:17 INFO  - No LoadTimeWeaver setup: ignoring JPA class transformer
2025-03-27 16:43:17 WARN  - HHH90000025: PostgreSQLDialect does not need to be specified explicitly using 'hibernate.dialect' (remove the property setting and it will be selected by default)
2025-03-27 16:43:18 INFO  - HHH000489: No JTA platform available (set 'hibernate.transaction.jta.platform' to enable JTA platform integration)
2025-03-27 16:43:18 INFO  - Initialized JPA EntityManagerFactory for persistence unit 'default'
2025-03-27 16:43:18 INFO  - Hibernate is in classpath; If applicable, HQL parser will be used.
2025-03-27 16:43:20 WARN  - spring.jpa.open-in-view is enabled by default. Therefore, database queries may be performed during view rendering. Explicitly configure spring.jpa.open-in-view to disable this warning
2025-03-27 16:43:20 INFO  - Starting ProtocolHandler ["http-nio-8080"]
2025-03-27 16:43:20 INFO  - Tomcat started on port 8080 (http) with context path '/'
2025-03-27 16:43:20 INFO  - Started PodoCareWebsiteApplication in 6.708 seconds (process running for 7.423)
2025-03-27 16:43:56 INFO  - Initializing Spring DispatcherServlet 'dispatcherServlet'
2025-03-27 16:43:56 INFO  - Initializing Servlet 'dispatcherServlet'
2025-03-27 16:43:56 INFO  - Completed initialization in 1 ms
2025-03-27 17:27:22 INFO  - Closing JPA EntityManagerFactory for persistence unit 'default'
2025-03-27 17:27:22 INFO  - HikariPool-1 - Shutdown initiated...
2025-03-27 17:27:22 INFO  - HikariPool-1 - Shutdown completed.
2025-03-27 17:27:24 INFO  - Starting PodoCareWebsiteApplication using Java 21.0.2 with PID 19336 (C:\Users\Wojtek\Desktop\nowy projekt\PodoCarePRO\be\PodoCareWebsite\target\classes started by Wojtek in C:\Users\Wojtek\Desktop\nowy projekt\PodoCarePRO\be)
2025-03-27 17:27:24 INFO  - No active profile set, falling back to 1 default profile: "default"
2025-03-27 17:27:25 INFO  - Bootstrapping Spring Data JPA repositories in DEFAULT mode.
2025-03-27 17:27:25 INFO  - Finished Spring Data repository scanning in 90 ms. Found 10 JPA repository interfaces.
2025-03-27 17:27:26 INFO  - Tomcat initialized with port 8080 (http)
2025-03-27 17:27:26 INFO  - Initializing ProtocolHandler ["http-nio-8080"]
2025-03-27 17:27:26 INFO  - Starting service [Tomcat]
2025-03-27 17:27:26 INFO  - Starting Servlet engine: [Apache Tomcat/10.1.30]
2025-03-27 17:27:26 INFO  - Initializing Spring embedded WebApplicationContext
2025-03-27 17:27:26 INFO  - Root WebApplicationContext: initialization completed in 1467 ms
2025-03-27 17:27:26 INFO  - HikariPool-1 - Starting...
2025-03-27 17:27:26 INFO  - HikariPool-1 - Added connection org.postgresql.jdbc.PgConnection@1283ca23
2025-03-27 17:27:26 INFO  - HikariPool-1 - Start completed.
2025-03-27 17:27:26 INFO  - Set default schema name to public
2025-03-27 17:27:27 INFO  - Reading from public.databasechangelog
2025-03-27 17:27:27 INFO  - Reading from public.databasechangelog
2025-03-27 17:27:27 INFO  - UPDATE SUMMARY
2025-03-27 17:27:27 INFO  - Run:                          0
2025-03-27 17:27:27 INFO  - Previously run:               4
2025-03-27 17:27:27 INFO  - Filtered out:                 0
2025-03-27 17:27:27 INFO  - -------------------------------
2025-03-27 17:27:27 INFO  - Total change sets:            4

2025-03-27 17:27:27 INFO  - Update summary generated
2025-03-27 17:27:27 INFO  - Successfully released change log lock
2025-03-27 17:27:27 INFO  - Command execution complete
2025-03-27 17:27:27 INFO  - HHH000204: Processing PersistenceUnitInfo [name: default]
2025-03-27 17:27:27 INFO  - HHH000412: Hibernate ORM core version 6.5.3.Final
2025-03-27 17:27:27 INFO  - HHH000026: Second-level cache disabled
2025-03-27 17:27:27 INFO  - No LoadTimeWeaver setup: ignoring JPA class transformer
2025-03-27 17:27:27 WARN  - HHH90000025: PostgreSQLDialect does not need to be specified explicitly using 'hibernate.dialect' (remove the property setting and it will be selected by default)
2025-03-27 17:27:28 INFO  - HHH000489: No JTA platform available (set 'hibernate.transaction.jta.platform' to enable JTA platform integration)
2025-03-27 17:27:28 INFO  - Initialized JPA EntityManagerFactory for persistence unit 'default'
2025-03-27 17:27:28 INFO  - Hibernate is in classpath; If applicable, HQL parser will be used.
2025-03-27 17:27:30 WARN  - spring.jpa.open-in-view is enabled by default. Therefore, database queries may be performed during view rendering. Explicitly configure spring.jpa.open-in-view to disable this warning
2025-03-27 17:27:30 INFO  - Starting ProtocolHandler ["http-nio-8080"]
2025-03-27 17:27:30 INFO  - Tomcat started on port 8080 (http) with context path '/'
2025-03-27 17:27:30 INFO  - Started PodoCareWebsiteApplication in 5.971 seconds (process running for 6.75)
2025-03-27 17:27:48 INFO  - Initializing Spring DispatcherServlet 'dispatcherServlet'
2025-03-27 17:27:48 INFO  - Initializing Servlet 'dispatcherServlet'
2025-03-27 17:27:48 INFO  - Completed initialization in 1 ms
2025-03-27 17:52:13 INFO  - Closing JPA EntityManagerFactory for persistence unit 'default'
2025-03-27 17:52:13 INFO  - HikariPool-1 - Shutdown initiated...
2025-03-27 17:52:13 INFO  - HikariPool-1 - Shutdown completed.
2025-03-27 17:52:17 INFO  - Starting PodoCareWebsiteApplication using Java 21.0.2 with PID 19528 (C:\Users\Wojtek\Desktop\nowy projekt\PodoCarePRO\be\PodoCareWebsite\target\classes started by Wojtek in C:\Users\Wojtek\Desktop\nowy projekt\PodoCarePRO\be)
2025-03-27 17:52:17 INFO  - No active profile set, falling back to 1 default profile: "default"
2025-03-27 17:52:17 INFO  - Bootstrapping Spring Data JPA repositories in DEFAULT mode.
2025-03-27 17:52:17 INFO  - Finished Spring Data repository scanning in 76 ms. Found 10 JPA repository interfaces.
2025-03-27 17:52:18 INFO  - Tomcat initialized with port 8080 (http)
2025-03-27 17:52:18 INFO  - Initializing ProtocolHandler ["http-nio-8080"]
2025-03-27 17:52:18 INFO  - Starting service [Tomcat]
2025-03-27 17:52:18 INFO  - Starting Servlet engine: [Apache Tomcat/10.1.30]
2025-03-27 17:52:18 INFO  - Initializing Spring embedded WebApplicationContext
2025-03-27 17:52:18 INFO  - Root WebApplicationContext: initialization completed in 1090 ms
2025-03-27 17:52:18 INFO  - HikariPool-1 - Starting...
2025-03-27 17:52:18 INFO  - HikariPool-1 - Added connection org.postgresql.jdbc.PgConnection@71664560
2025-03-27 17:52:18 INFO  - HikariPool-1 - Start completed.
2025-03-27 17:52:18 INFO  - Set default schema name to public
2025-03-27 17:52:19 INFO  - Reading from public.databasechangelog
2025-03-27 17:52:19 INFO  - Reading from public.databasechangelog
2025-03-27 17:52:19 INFO  - UPDATE SUMMARY
2025-03-27 17:52:19 INFO  - Run:                          0
2025-03-27 17:52:19 INFO  - Previously run:               4
2025-03-27 17:52:19 INFO  - Filtered out:                 0
2025-03-27 17:52:19 INFO  - -------------------------------
2025-03-27 17:52:19 INFO  - Total change sets:            4

2025-03-27 17:52:19 INFO  - Update summary generated
2025-03-27 17:52:19 INFO  - Successfully released change log lock
2025-03-27 17:52:19 INFO  - Command execution complete
2025-03-27 17:52:19 INFO  - HHH000204: Processing PersistenceUnitInfo [name: default]
2025-03-27 17:52:19 INFO  - HHH000412: Hibernate ORM core version 6.5.3.Final
2025-03-27 17:52:19 INFO  - HHH000026: Second-level cache disabled
2025-03-27 17:52:19 INFO  - No LoadTimeWeaver setup: ignoring JPA class transformer
2025-03-27 17:52:19 WARN  - HHH90000025: PostgreSQLDialect does not need to be specified explicitly using 'hibernate.dialect' (remove the property setting and it will be selected by default)
2025-03-27 17:52:20 INFO  - HHH000489: No JTA platform available (set 'hibernate.transaction.jta.platform' to enable JTA platform integration)
2025-03-27 17:52:20 INFO  - Initialized JPA EntityManagerFactory for persistence unit 'default'
2025-03-27 17:52:20 INFO  - Hibernate is in classpath; If applicable, HQL parser will be used.
2025-03-27 17:52:22 WARN  - spring.jpa.open-in-view is enabled by default. Therefore, database queries may be performed during view rendering. Explicitly configure spring.jpa.open-in-view to disable this warning
2025-03-27 17:52:22 INFO  - Starting ProtocolHandler ["http-nio-8080"]
2025-03-27 17:52:22 INFO  - Tomcat started on port 8080 (http) with context path '/'
2025-03-27 17:52:22 INFO  - Started PodoCareWebsiteApplication in 5.551 seconds (process running for 6.049)
2025-03-27 17:52:29 INFO  - Initializing Spring DispatcherServlet 'dispatcherServlet'
2025-03-27 17:52:29 INFO  - Initializing Servlet 'dispatcherServlet'
2025-03-27 17:52:29 INFO  - Completed initialization in 1 ms
2025-03-27 18:23:19 INFO  - Closing JPA EntityManagerFactory for persistence unit 'default'
2025-03-27 18:23:19 INFO  - HikariPool-1 - Shutdown initiated...
2025-03-27 18:23:19 INFO  - HikariPool-1 - Shutdown completed.
