2025-04-08 12:06:06 INFO  - Starting PodoCareWebsiteApplication using Java 21.0.2 with PID 17032 (C:\Users\Wojtek\Desktop\nowy projekt\PodoCarePRO\be\PodoCareWebsite\target\classes started by Wojtek in C:\Users\Wojtek\Desktop\nowy projekt\PodoCarePRO\be)
2025-04-08 12:06:06 INFO  - No active profile set, falling back to 1 default profile: "default"
2025-04-08 12:06:07 INFO  - Bootstrapping Spring Data JPA repositories in DEFAULT mode.
2025-04-08 12:06:07 INFO  - Finished Spring Data repository scanning in 124 ms. Found 10 JPA repository interfaces.
2025-04-08 12:06:08 INFO  - Tomcat initialized with port 8080 (http)
2025-04-08 12:06:08 INFO  - Initializing ProtocolHandler ["http-nio-8080"]
2025-04-08 12:06:09 INFO  - Starting service [Tomcat]
2025-04-08 12:06:09 INFO  - Starting Servlet engine: [Apache Tomcat/10.1.30]
2025-04-08 12:06:09 INFO  - Initializing Spring embedded WebApplicationContext
2025-04-08 12:06:09 INFO  - Root WebApplicationContext: initialization completed in 2625 ms
2025-04-08 12:06:09 INFO  - HikariPool-1 - Starting...
2025-04-08 12:06:09 INFO  - HikariPool-1 - Added connection org.postgresql.jdbc.PgConnection@3815146b
2025-04-08 12:06:09 INFO  - HikariPool-1 - Start completed.
2025-04-08 12:06:10 INFO  - Set default schema name to public
2025-04-08 12:06:10 INFO  - Reading from public.databasechangelog
2025-04-08 12:06:10 INFO  - Reading from public.databasechangelog
2025-04-08 12:06:10 INFO  - UPDATE SUMMARY
2025-04-08 12:06:10 INFO  - Run:                          0
2025-04-08 12:06:10 INFO  - Previously run:               4
2025-04-08 12:06:10 INFO  - Filtered out:                 0
2025-04-08 12:06:10 INFO  - -------------------------------
2025-04-08 12:06:10 INFO  - Total change sets:            4

2025-04-08 12:06:10 INFO  - Update summary generated
2025-04-08 12:06:10 INFO  - Successfully released change log lock
2025-04-08 12:06:10 INFO  - Command execution complete
2025-04-08 12:06:11 INFO  - HHH000204: Processing PersistenceUnitInfo [name: default]
2025-04-08 12:06:11 INFO  - HHH000412: Hibernate ORM core version 6.5.3.Final
2025-04-08 12:06:11 INFO  - HHH000026: Second-level cache disabled
2025-04-08 12:06:11 INFO  - No LoadTimeWeaver setup: ignoring JPA class transformer
2025-04-08 12:06:11 WARN  - HHH90000025: PostgreSQLDialect does not need to be specified explicitly using 'hibernate.dialect' (remove the property setting and it will be selected by default)
2025-04-08 12:06:12 INFO  - HHH000489: No JTA platform available (set 'hibernate.transaction.jta.platform' to enable JTA platform integration)
2025-04-08 12:06:12 INFO  - Initialized JPA EntityManagerFactory for persistence unit 'default'
2025-04-08 12:06:12 INFO  - Hibernate is in classpath; If applicable, HQL parser will be used.
2025-04-08 12:06:14 WARN  - spring.jpa.open-in-view is enabled by default. Therefore, database queries may be performed during view rendering. Explicitly configure spring.jpa.open-in-view to disable this warning
2025-04-08 12:06:15 INFO  - Starting ProtocolHandler ["http-nio-8080"]
2025-04-08 12:06:15 INFO  - Tomcat started on port 8080 (http) with context path '/'
2025-04-08 12:06:15 INFO  - Started PodoCareWebsiteApplication in 9.774 seconds (process running for 11.659)
2025-04-08 12:06:30 INFO  - Initializing Spring DispatcherServlet 'dispatcherServlet'
2025-04-08 12:06:30 INFO  - Initializing Servlet 'dispatcherServlet'
2025-04-08 12:06:30 INFO  - Completed initialization in 1 ms
2025-04-08 16:59:11 INFO  - Closing JPA EntityManagerFactory for persistence unit 'default'
2025-04-08 16:59:11 INFO  - HikariPool-1 - Shutdown initiated...
2025-04-08 16:59:11 INFO  - HikariPool-1 - Shutdown completed.
2025-04-08 16:59:15 INFO  - Starting PodoCareWebsiteApplication using Java 21.0.2 with PID 17968 (C:\Users\Wojtek\Desktop\nowy projekt\PodoCarePRO\be\PodoCareWebsite\target\classes started by Wojtek in C:\Users\Wojtek\Desktop\nowy projekt\PodoCarePRO\be)
2025-04-08 16:59:15 INFO  - No active profile set, falling back to 1 default profile: "default"
2025-04-08 16:59:16 INFO  - Bootstrapping Spring Data JPA repositories in DEFAULT mode.
2025-04-08 16:59:16 INFO  - Finished Spring Data repository scanning in 91 ms. Found 10 JPA repository interfaces.
2025-04-08 16:59:17 INFO  - Tomcat initialized with port 8080 (http)
2025-04-08 16:59:17 INFO  - Initializing ProtocolHandler ["http-nio-8080"]
2025-04-08 16:59:17 INFO  - Starting service [Tomcat]
2025-04-08 16:59:17 INFO  - Starting Servlet engine: [Apache Tomcat/10.1.30]
2025-04-08 16:59:17 INFO  - Initializing Spring embedded WebApplicationContext
2025-04-08 16:59:17 INFO  - Root WebApplicationContext: initialization completed in 1279 ms
2025-04-08 16:59:17 INFO  - HikariPool-1 - Starting...
2025-04-08 16:59:17 INFO  - HikariPool-1 - Added connection org.postgresql.jdbc.PgConnection@3b0d3a63
2025-04-08 16:59:17 INFO  - HikariPool-1 - Start completed.
2025-04-08 16:59:17 INFO  - Set default schema name to public
2025-04-08 16:59:18 INFO  - Reading from public.databasechangelog
2025-04-08 16:59:18 INFO  - Reading from public.databasechangelog
2025-04-08 16:59:18 INFO  - UPDATE SUMMARY
2025-04-08 16:59:18 INFO  - Run:                          0
2025-04-08 16:59:18 INFO  - Previously run:               4
2025-04-08 16:59:18 INFO  - Filtered out:                 0
2025-04-08 16:59:18 INFO  - -------------------------------
2025-04-08 16:59:18 INFO  - Total change sets:            4

2025-04-08 16:59:18 INFO  - Update summary generated
2025-04-08 16:59:18 INFO  - Successfully released change log lock
2025-04-08 16:59:18 INFO  - Command execution complete
2025-04-08 16:59:18 INFO  - HHH000204: Processing PersistenceUnitInfo [name: default]
2025-04-08 16:59:18 INFO  - HHH000412: Hibernate ORM core version 6.5.3.Final
2025-04-08 16:59:18 INFO  - HHH000026: Second-level cache disabled
2025-04-08 16:59:18 INFO  - No LoadTimeWeaver setup: ignoring JPA class transformer
2025-04-08 16:59:18 WARN  - HHH90000025: PostgreSQLDialect does not need to be specified explicitly using 'hibernate.dialect' (remove the property setting and it will be selected by default)
2025-04-08 16:59:19 INFO  - HHH000489: No JTA platform available (set 'hibernate.transaction.jta.platform' to enable JTA platform integration)
2025-04-08 16:59:19 INFO  - Initialized JPA EntityManagerFactory for persistence unit 'default'
2025-04-08 16:59:19 INFO  - Hibernate is in classpath; If applicable, HQL parser will be used.
2025-04-08 16:59:21 WARN  - spring.jpa.open-in-view is enabled by default. Therefore, database queries may be performed during view rendering. Explicitly configure spring.jpa.open-in-view to disable this warning
2025-04-08 16:59:22 INFO  - Starting ProtocolHandler ["http-nio-8080"]
2025-04-08 16:59:22 INFO  - Tomcat started on port 8080 (http) with context path '/'
2025-04-08 16:59:22 INFO  - Started PodoCareWebsiteApplication in 6.519 seconds (process running for 7.118)
2025-04-08 17:06:47 INFO  - Initializing Spring DispatcherServlet 'dispatcherServlet'
2025-04-08 17:06:47 INFO  - Initializing Servlet 'dispatcherServlet'
2025-04-08 17:06:47 INFO  - Completed initialization in 1 ms
2025-04-08 17:15:44 INFO  - Closing JPA EntityManagerFactory for persistence unit 'default'
2025-04-08 17:15:44 INFO  - HikariPool-1 - Shutdown initiated...
2025-04-08 17:15:44 INFO  - HikariPool-1 - Shutdown completed.
2025-04-08 17:15:46 INFO  - Starting PodoCareWebsiteApplication using Java 21.0.2 with PID 15336 (C:\Users\Wojtek\Desktop\nowy projekt\PodoCarePRO\be\PodoCareWebsite\target\classes started by Wojtek in C:\Users\Wojtek\Desktop\nowy projekt\PodoCarePRO\be)
2025-04-08 17:15:46 INFO  - No active profile set, falling back to 1 default profile: "default"
2025-04-08 17:15:47 INFO  - Bootstrapping Spring Data JPA repositories in DEFAULT mode.
2025-04-08 17:15:47 INFO  - Finished Spring Data repository scanning in 90 ms. Found 10 JPA repository interfaces.
2025-04-08 17:15:48 INFO  - Tomcat initialized with port 8080 (http)
2025-04-08 17:15:48 INFO  - Initializing ProtocolHandler ["http-nio-8080"]
2025-04-08 17:15:48 INFO  - Starting service [Tomcat]
2025-04-08 17:15:48 INFO  - Starting Servlet engine: [Apache Tomcat/10.1.30]
2025-04-08 17:15:48 INFO  - Initializing Spring embedded WebApplicationContext
2025-04-08 17:15:48 INFO  - Root WebApplicationContext: initialization completed in 1246 ms
2025-04-08 17:15:48 INFO  - HikariPool-1 - Starting...
2025-04-08 17:15:48 INFO  - HikariPool-1 - Added connection org.postgresql.jdbc.PgConnection@17ff8810
2025-04-08 17:15:48 INFO  - HikariPool-1 - Start completed.
2025-04-08 17:15:48 INFO  - Set default schema name to public
2025-04-08 17:15:49 INFO  - Reading from public.databasechangelog
2025-04-08 17:15:49 INFO  - Reading from public.databasechangelog
2025-04-08 17:15:49 INFO  - UPDATE SUMMARY
2025-04-08 17:15:49 INFO  - Run:                          0
2025-04-08 17:15:49 INFO  - Previously run:               4
2025-04-08 17:15:49 INFO  - Filtered out:                 0
2025-04-08 17:15:49 INFO  - -------------------------------
2025-04-08 17:15:49 INFO  - Total change sets:            4

2025-04-08 17:15:49 INFO  - Update summary generated
2025-04-08 17:15:49 INFO  - Successfully released change log lock
2025-04-08 17:15:49 INFO  - Command execution complete
2025-04-08 17:15:49 INFO  - HHH000204: Processing PersistenceUnitInfo [name: default]
2025-04-08 17:15:49 INFO  - HHH000412: Hibernate ORM core version 6.5.3.Final
2025-04-08 17:15:49 INFO  - HHH000026: Second-level cache disabled
2025-04-08 17:15:49 INFO  - No LoadTimeWeaver setup: ignoring JPA class transformer
2025-04-08 17:15:49 WARN  - HHH90000025: PostgreSQLDialect does not need to be specified explicitly using 'hibernate.dialect' (remove the property setting and it will be selected by default)
2025-04-08 17:15:50 INFO  - HHH000489: No JTA platform available (set 'hibernate.transaction.jta.platform' to enable JTA platform integration)
2025-04-08 17:15:50 INFO  - Initialized JPA EntityManagerFactory for persistence unit 'default'
2025-04-08 17:15:50 INFO  - Hibernate is in classpath; If applicable, HQL parser will be used.
2025-04-08 17:15:52 WARN  - spring.jpa.open-in-view is enabled by default. Therefore, database queries may be performed during view rendering. Explicitly configure spring.jpa.open-in-view to disable this warning
2025-04-08 17:15:52 INFO  - Starting ProtocolHandler ["http-nio-8080"]
2025-04-08 17:15:52 INFO  - Tomcat started on port 8080 (http) with context path '/'
2025-04-08 17:15:52 INFO  - Started PodoCareWebsiteApplication in 6.426 seconds (process running for 7.043)
2025-04-08 17:17:18 INFO  - Initializing Spring DispatcherServlet 'dispatcherServlet'
2025-04-08 17:17:18 INFO  - Initializing Servlet 'dispatcherServlet'
2025-04-08 17:17:18 INFO  - Completed initialization in 1 ms
2025-04-08 17:21:33 INFO  - Closing JPA EntityManagerFactory for persistence unit 'default'
2025-04-08 17:21:33 INFO  - HikariPool-1 - Shutdown initiated...
2025-04-08 17:21:33 INFO  - HikariPool-1 - Shutdown completed.
2025-04-08 17:21:34 INFO  - Starting PodoCareWebsiteApplication using Java 21.0.2 with PID 17460 (C:\Users\Wojtek\Desktop\nowy projekt\PodoCarePRO\be\PodoCareWebsite\target\classes started by Wojtek in C:\Users\Wojtek\Desktop\nowy projekt\PodoCarePRO\be)
2025-04-08 17:21:34 INFO  - No active profile set, falling back to 1 default profile: "default"
2025-04-08 17:21:35 INFO  - Bootstrapping Spring Data JPA repositories in DEFAULT mode.
2025-04-08 17:21:35 INFO  - Finished Spring Data repository scanning in 92 ms. Found 10 JPA repository interfaces.
2025-04-08 17:21:36 INFO  - Tomcat initialized with port 8080 (http)
2025-04-08 17:21:36 INFO  - Initializing ProtocolHandler ["http-nio-8080"]
2025-04-08 17:21:36 INFO  - Starting service [Tomcat]
2025-04-08 17:21:36 INFO  - Starting Servlet engine: [Apache Tomcat/10.1.30]
2025-04-08 17:21:36 INFO  - Initializing Spring embedded WebApplicationContext
2025-04-08 17:21:36 INFO  - Root WebApplicationContext: initialization completed in 1283 ms
2025-04-08 17:21:36 INFO  - HikariPool-1 - Starting...
2025-04-08 17:21:36 INFO  - HikariPool-1 - Added connection org.postgresql.jdbc.PgConnection@28be7fec
2025-04-08 17:21:36 INFO  - HikariPool-1 - Start completed.
2025-04-08 17:21:36 INFO  - Set default schema name to public
2025-04-08 17:21:37 INFO  - Reading from public.databasechangelog
2025-04-08 17:21:37 INFO  - Reading from public.databasechangelog
2025-04-08 17:21:37 INFO  - UPDATE SUMMARY
2025-04-08 17:21:37 INFO  - Run:                          0
2025-04-08 17:21:37 INFO  - Previously run:               4
2025-04-08 17:21:37 INFO  - Filtered out:                 0
2025-04-08 17:21:37 INFO  - -------------------------------
2025-04-08 17:21:37 INFO  - Total change sets:            4

2025-04-08 17:21:37 INFO  - Update summary generated
2025-04-08 17:21:37 INFO  - Successfully released change log lock
2025-04-08 17:21:37 INFO  - Command execution complete
2025-04-08 17:21:37 INFO  - HHH000204: Processing PersistenceUnitInfo [name: default]
2025-04-08 17:21:37 INFO  - HHH000412: Hibernate ORM core version 6.5.3.Final
2025-04-08 17:21:37 INFO  - HHH000026: Second-level cache disabled
2025-04-08 17:21:37 INFO  - No LoadTimeWeaver setup: ignoring JPA class transformer
2025-04-08 17:21:37 WARN  - HHH90000025: PostgreSQLDialect does not need to be specified explicitly using 'hibernate.dialect' (remove the property setting and it will be selected by default)
2025-04-08 17:21:38 INFO  - HHH000489: No JTA platform available (set 'hibernate.transaction.jta.platform' to enable JTA platform integration)
2025-04-08 17:21:38 INFO  - Initialized JPA EntityManagerFactory for persistence unit 'default'
2025-04-08 17:21:39 INFO  - Hibernate is in classpath; If applicable, HQL parser will be used.
2025-04-08 17:21:40 WARN  - spring.jpa.open-in-view is enabled by default. Therefore, database queries may be performed during view rendering. Explicitly configure spring.jpa.open-in-view to disable this warning
2025-04-08 17:21:41 INFO  - Starting ProtocolHandler ["http-nio-8080"]
2025-04-08 17:21:41 INFO  - Tomcat started on port 8080 (http) with context path '/'
2025-04-08 17:21:41 INFO  - Started PodoCareWebsiteApplication in 6.621 seconds (process running for 7.212)
2025-04-08 17:21:48 INFO  - Initializing Spring DispatcherServlet 'dispatcherServlet'
2025-04-08 17:21:48 INFO  - Initializing Servlet 'dispatcherServlet'
2025-04-08 17:21:48 INFO  - Completed initialization in 1 ms
2025-04-08 17:32:01 ERROR - Order not found: Order not found with ID: 119
2025-04-08 17:51:39 ERROR - Order deletion failed: Failed to delete the Order
2025-04-08 17:53:08 ERROR - Order not found: Order not found with ID: 119
2025-04-08 17:54:50 ERROR - Order deletion failed: Failed to delete the Order
2025-04-08 17:57:05 WARN  - HikariPool-1 - Thread starvation or clock leap detected (housekeeper delta=1m22s966ms491µs900ns).
2025-04-08 17:57:53 WARN  - HikariPool-1 - Thread starvation or clock leap detected (housekeeper delta=47s707ms508µs300ns).
2025-04-08 17:57:53 ERROR - Order deletion failed: Failed to delete the Order
2025-04-08 17:59:15 INFO  - Closing JPA EntityManagerFactory for persistence unit 'default'
2025-04-08 17:59:15 INFO  - HikariPool-1 - Shutdown initiated...
2025-04-08 17:59:15 INFO  - HikariPool-1 - Shutdown completed.
2025-04-08 17:59:17 INFO  - Starting PodoCareWebsiteApplication using Java 21.0.2 with PID 14764 (C:\Users\Wojtek\Desktop\nowy projekt\PodoCarePRO\be\PodoCareWebsite\target\classes started by Wojtek in C:\Users\Wojtek\Desktop\nowy projekt\PodoCarePRO\be)
2025-04-08 17:59:17 INFO  - No active profile set, falling back to 1 default profile: "default"
2025-04-08 17:59:18 INFO  - Bootstrapping Spring Data JPA repositories in DEFAULT mode.
2025-04-08 17:59:18 INFO  - Finished Spring Data repository scanning in 92 ms. Found 10 JPA repository interfaces.
2025-04-08 17:59:19 INFO  - Tomcat initialized with port 8080 (http)
2025-04-08 17:59:19 INFO  - Initializing ProtocolHandler ["http-nio-8080"]
2025-04-08 17:59:19 INFO  - Starting service [Tomcat]
2025-04-08 17:59:19 INFO  - Starting Servlet engine: [Apache Tomcat/10.1.30]
2025-04-08 17:59:19 INFO  - Initializing Spring embedded WebApplicationContext
2025-04-08 17:59:19 INFO  - Root WebApplicationContext: initialization completed in 1308 ms
2025-04-08 17:59:19 INFO  - HikariPool-1 - Starting...
2025-04-08 17:59:19 INFO  - HikariPool-1 - Added connection org.postgresql.jdbc.PgConnection@14de1901
2025-04-08 17:59:19 INFO  - HikariPool-1 - Start completed.
2025-04-08 17:59:19 INFO  - Set default schema name to public
2025-04-08 17:59:20 INFO  - Reading from public.databasechangelog
2025-04-08 17:59:20 INFO  - Reading from public.databasechangelog
2025-04-08 17:59:20 INFO  - UPDATE SUMMARY
2025-04-08 17:59:20 INFO  - Run:                          0
2025-04-08 17:59:20 INFO  - Previously run:               4
2025-04-08 17:59:20 INFO  - Filtered out:                 0
2025-04-08 17:59:20 INFO  - -------------------------------
2025-04-08 17:59:20 INFO  - Total change sets:            4

2025-04-08 17:59:20 INFO  - Update summary generated
2025-04-08 17:59:20 INFO  - Successfully released change log lock
2025-04-08 17:59:20 INFO  - Command execution complete
2025-04-08 17:59:20 INFO  - HHH000204: Processing PersistenceUnitInfo [name: default]
2025-04-08 17:59:20 INFO  - HHH000412: Hibernate ORM core version 6.5.3.Final
2025-04-08 17:59:20 INFO  - HHH000026: Second-level cache disabled
2025-04-08 17:59:20 INFO  - No LoadTimeWeaver setup: ignoring JPA class transformer
2025-04-08 17:59:20 WARN  - HHH90000025: PostgreSQLDialect does not need to be specified explicitly using 'hibernate.dialect' (remove the property setting and it will be selected by default)
2025-04-08 17:59:21 INFO  - HHH000489: No JTA platform available (set 'hibernate.transaction.jta.platform' to enable JTA platform integration)
2025-04-08 17:59:21 INFO  - Initialized JPA EntityManagerFactory for persistence unit 'default'
2025-04-08 17:59:22 INFO  - Hibernate is in classpath; If applicable, HQL parser will be used.
2025-04-08 17:59:23 WARN  - spring.jpa.open-in-view is enabled by default. Therefore, database queries may be performed during view rendering. Explicitly configure spring.jpa.open-in-view to disable this warning
2025-04-08 17:59:23 INFO  - Starting ProtocolHandler ["http-nio-8080"]
2025-04-08 17:59:23 INFO  - Tomcat started on port 8080 (http) with context path '/'
2025-04-08 17:59:23 INFO  - Started PodoCareWebsiteApplication in 6.485 seconds (process running for 7.265)
2025-04-08 18:04:57 INFO  - Closing JPA EntityManagerFactory for persistence unit 'default'
2025-04-08 18:04:57 INFO  - HikariPool-1 - Shutdown initiated...
2025-04-08 18:04:57 INFO  - HikariPool-1 - Shutdown completed.
2025-04-08 18:05:00 INFO  - Starting PodoCareWebsiteApplication using Java 21.0.2 with PID 17688 (C:\Users\Wojtek\Desktop\nowy projekt\PodoCarePRO\be\PodoCareWebsite\target\classes started by Wojtek in C:\Users\Wojtek\Desktop\nowy projekt\PodoCarePRO\be)
2025-04-08 18:05:00 INFO  - No active profile set, falling back to 1 default profile: "default"
2025-04-08 18:05:00 INFO  - Bootstrapping Spring Data JPA repositories in DEFAULT mode.
2025-04-08 18:05:00 INFO  - Finished Spring Data repository scanning in 86 ms. Found 10 JPA repository interfaces.
2025-04-08 18:05:01 INFO  - Tomcat initialized with port 8080 (http)
2025-04-08 18:05:01 INFO  - Initializing ProtocolHandler ["http-nio-8080"]
2025-04-08 18:05:01 INFO  - Starting service [Tomcat]
2025-04-08 18:05:01 INFO  - Starting Servlet engine: [Apache Tomcat/10.1.30]
2025-04-08 18:05:01 INFO  - Initializing Spring embedded WebApplicationContext
2025-04-08 18:05:01 INFO  - Root WebApplicationContext: initialization completed in 1239 ms
2025-04-08 18:05:01 INFO  - HikariPool-1 - Starting...
2025-04-08 18:05:01 INFO  - HikariPool-1 - Added connection org.postgresql.jdbc.PgConnection@de77146
2025-04-08 18:05:01 INFO  - HikariPool-1 - Start completed.
2025-04-08 18:05:01 INFO  - Set default schema name to public
2025-04-08 18:05:02 INFO  - Reading from public.databasechangelog
2025-04-08 18:05:02 INFO  - Reading from public.databasechangelog
2025-04-08 18:05:02 INFO  - UPDATE SUMMARY
2025-04-08 18:05:02 INFO  - Run:                          0
2025-04-08 18:05:02 INFO  - Previously run:               4
2025-04-08 18:05:02 INFO  - Filtered out:                 0
2025-04-08 18:05:02 INFO  - -------------------------------
2025-04-08 18:05:02 INFO  - Total change sets:            4

2025-04-08 18:05:02 INFO  - Update summary generated
2025-04-08 18:05:02 INFO  - Successfully released change log lock
2025-04-08 18:05:02 INFO  - Command execution complete
2025-04-08 18:05:02 INFO  - HHH000204: Processing PersistenceUnitInfo [name: default]
2025-04-08 18:05:02 INFO  - HHH000412: Hibernate ORM core version 6.5.3.Final
2025-04-08 18:05:02 INFO  - HHH000026: Second-level cache disabled
2025-04-08 18:05:02 INFO  - No LoadTimeWeaver setup: ignoring JPA class transformer
2025-04-08 18:05:03 WARN  - HHH90000025: PostgreSQLDialect does not need to be specified explicitly using 'hibernate.dialect' (remove the property setting and it will be selected by default)
2025-04-08 18:05:04 INFO  - HHH000489: No JTA platform available (set 'hibernate.transaction.jta.platform' to enable JTA platform integration)
2025-04-08 18:05:04 INFO  - Initialized JPA EntityManagerFactory for persistence unit 'default'
2025-04-08 18:05:04 INFO  - Hibernate is in classpath; If applicable, HQL parser will be used.
2025-04-08 18:05:06 WARN  - spring.jpa.open-in-view is enabled by default. Therefore, database queries may be performed during view rendering. Explicitly configure spring.jpa.open-in-view to disable this warning
2025-04-08 18:05:06 INFO  - Starting ProtocolHandler ["http-nio-8080"]
2025-04-08 18:05:06 INFO  - Tomcat started on port 8080 (http) with context path '/'
2025-04-08 18:05:06 INFO  - Started PodoCareWebsiteApplication in 6.484 seconds (process running for 7.043)
2025-04-08 18:05:15 INFO  - Initializing Spring DispatcherServlet 'dispatcherServlet'
2025-04-08 18:05:15 INFO  - Initializing Servlet 'dispatcherServlet'
2025-04-08 18:05:15 INFO  - Completed initialization in 1 ms
2025-04-08 18:05:26 ERROR - Order deletion failed: Failed to delete the Order
2025-04-08 18:06:04 ERROR - Order deletion failed: Failed to delete the Order
2025-04-08 18:10:03 INFO  - Closing JPA EntityManagerFactory for persistence unit 'default'
2025-04-08 18:10:03 INFO  - HikariPool-1 - Shutdown initiated...
2025-04-08 18:10:03 INFO  - HikariPool-1 - Shutdown completed.
2025-04-08 18:10:06 INFO  - Starting PodoCareWebsiteApplication using Java 21.0.2 with PID 17548 (C:\Users\Wojtek\Desktop\nowy projekt\PodoCarePRO\be\PodoCareWebsite\target\classes started by Wojtek in C:\Users\Wojtek\Desktop\nowy projekt\PodoCarePRO\be)
2025-04-08 18:10:06 INFO  - No active profile set, falling back to 1 default profile: "default"
2025-04-08 18:10:07 INFO  - Bootstrapping Spring Data JPA repositories in DEFAULT mode.
2025-04-08 18:10:07 INFO  - Finished Spring Data repository scanning in 94 ms. Found 10 JPA repository interfaces.
2025-04-08 18:10:08 INFO  - Tomcat initialized with port 8080 (http)
2025-04-08 18:10:08 INFO  - Initializing ProtocolHandler ["http-nio-8080"]
2025-04-08 18:10:08 INFO  - Starting service [Tomcat]
2025-04-08 18:10:08 INFO  - Starting Servlet engine: [Apache Tomcat/10.1.30]
2025-04-08 18:10:08 INFO  - Initializing Spring embedded WebApplicationContext
2025-04-08 18:10:08 INFO  - Root WebApplicationContext: initialization completed in 1240 ms
2025-04-08 18:10:08 INFO  - HikariPool-1 - Starting...
2025-04-08 18:10:08 INFO  - HikariPool-1 - Added connection org.postgresql.jdbc.PgConnection@5cfed0ba
2025-04-08 18:10:08 INFO  - HikariPool-1 - Start completed.
2025-04-08 18:10:08 INFO  - Set default schema name to public
2025-04-08 18:10:09 INFO  - Reading from public.databasechangelog
2025-04-08 18:10:09 INFO  - Reading from public.databasechangelog
2025-04-08 18:10:09 INFO  - UPDATE SUMMARY
2025-04-08 18:10:09 INFO  - Run:                          0
2025-04-08 18:10:09 INFO  - Previously run:               4
2025-04-08 18:10:09 INFO  - Filtered out:                 0
2025-04-08 18:10:09 INFO  - -------------------------------
2025-04-08 18:10:09 INFO  - Total change sets:            4

2025-04-08 18:10:09 INFO  - Update summary generated
2025-04-08 18:10:09 INFO  - Successfully released change log lock
2025-04-08 18:10:09 INFO  - Command execution complete
2025-04-08 18:10:09 INFO  - HHH000204: Processing PersistenceUnitInfo [name: default]
2025-04-08 18:10:09 INFO  - HHH000412: Hibernate ORM core version 6.5.3.Final
2025-04-08 18:10:09 INFO  - HHH000026: Second-level cache disabled
2025-04-08 18:10:09 INFO  - No LoadTimeWeaver setup: ignoring JPA class transformer
2025-04-08 18:10:09 WARN  - HHH90000025: PostgreSQLDialect does not need to be specified explicitly using 'hibernate.dialect' (remove the property setting and it will be selected by default)
2025-04-08 18:10:10 INFO  - HHH000489: No JTA platform available (set 'hibernate.transaction.jta.platform' to enable JTA platform integration)
2025-04-08 18:10:10 INFO  - Initialized JPA EntityManagerFactory for persistence unit 'default'
2025-04-08 18:10:10 INFO  - Hibernate is in classpath; If applicable, HQL parser will be used.
2025-04-08 18:10:12 WARN  - spring.jpa.open-in-view is enabled by default. Therefore, database queries may be performed during view rendering. Explicitly configure spring.jpa.open-in-view to disable this warning
2025-04-08 18:10:12 INFO  - Starting ProtocolHandler ["http-nio-8080"]
2025-04-08 18:10:12 INFO  - Tomcat started on port 8080 (http) with context path '/'
2025-04-08 18:10:12 INFO  - Started PodoCareWebsiteApplication in 6.248 seconds (process running for 6.823)
2025-04-08 18:10:24 INFO  - Initializing Spring DispatcherServlet 'dispatcherServlet'
2025-04-08 18:10:24 INFO  - Initializing Servlet 'dispatcherServlet'
2025-04-08 18:10:24 INFO  - Completed initialization in 1 ms
2025-04-08 18:10:24 ERROR - Order deletion failed: Failed to delete the Order
2025-04-08 18:11:13 ERROR - Order deletion failed: Failed to delete the Order
2025-04-08 18:11:25 ERROR - Order deletion failed: Failed to delete the Order
2025-04-08 18:12:04 ERROR - Order deletion failed: Failed to delete the Order
2025-04-08 18:13:30 WARN  - HikariPool-1 - Thread starvation or clock leap detected (housekeeper delta=1m6s743ms471µs500ns).
2025-04-08 18:14:16 WARN  - HikariPool-1 - Thread starvation or clock leap detected (housekeeper delta=46s517ms794µs600ns).
2025-04-08 18:15:15 ERROR - Order deletion failed: Failed to delete the Order
2025-04-08 18:16:01 ERROR - Order deletion failed: Failed to delete the Order
2025-04-08 18:19:48 WARN  - HikariPool-1 - Thread starvation or clock leap detected (housekeeper delta=1m18s663ms736µs500ns).
2025-04-08 18:22:02 WARN  - HikariPool-1 - Thread starvation or clock leap detected (housekeeper delta=1m36s26ms889µs500ns).
2025-04-08 18:22:02 ERROR - Order deletion failed: Failed to delete the Order
2025-04-08 18:26:43 WARN  - HikariPool-1 - Thread starvation or clock leap detected (housekeeper delta=1m11s69ms558µs800ns).
2025-04-08 18:27:35 WARN  - HikariPool-1 - Thread starvation or clock leap detected (housekeeper delta=51s882ms798µs700ns).
2025-04-08 18:27:43 ERROR - Order deletion failed: Failed to delete the Order
2025-04-08 18:35:28 ERROR - Order deletion failed: Failed to delete the Order
2025-04-08 18:36:06 ERROR - Order deletion failed: Failed to delete the Order
2025-04-08 18:39:07 ERROR - Order deletion failed: Failed to delete the Order
2025-04-08 18:39:15 ERROR - Order creation failed: Failed to update existing Order.
2025-04-08 18:43:00 WARN  - HikariPool-1 - Thread starvation or clock leap detected (housekeeper delta=54s342ms831µs200ns).
2025-04-08 18:47:40 INFO  - Closing JPA EntityManagerFactory for persistence unit 'default'
2025-04-08 18:47:40 INFO  - HikariPool-1 - Shutdown initiated...
2025-04-08 18:47:40 INFO  - HikariPool-1 - Shutdown completed.
2025-04-08 18:47:44 INFO  - Starting PodoCareWebsiteApplication using Java 21.0.2 with PID 17604 (C:\Users\Wojtek\Desktop\nowy projekt\PodoCarePRO\be\PodoCareWebsite\target\classes started by Wojtek in C:\Users\Wojtek\Desktop\nowy projekt\PodoCarePRO\be)
2025-04-08 18:47:44 INFO  - No active profile set, falling back to 1 default profile: "default"
2025-04-08 18:47:44 INFO  - Bootstrapping Spring Data JPA repositories in DEFAULT mode.
2025-04-08 18:47:44 INFO  - Finished Spring Data repository scanning in 82 ms. Found 10 JPA repository interfaces.
2025-04-08 18:47:45 INFO  - Tomcat initialized with port 8080 (http)
2025-04-08 18:47:45 INFO  - Initializing ProtocolHandler ["http-nio-8080"]
2025-04-08 18:47:45 INFO  - Starting service [Tomcat]
2025-04-08 18:47:45 INFO  - Starting Servlet engine: [Apache Tomcat/10.1.30]
2025-04-08 18:47:45 INFO  - Initializing Spring embedded WebApplicationContext
2025-04-08 18:47:45 INFO  - Root WebApplicationContext: initialization completed in 1149 ms
2025-04-08 18:47:45 INFO  - HikariPool-1 - Starting...
2025-04-08 18:47:45 INFO  - HikariPool-1 - Added connection org.postgresql.jdbc.PgConnection@5e9bbd9d
2025-04-08 18:47:45 INFO  - HikariPool-1 - Start completed.
2025-04-08 18:47:45 INFO  - Set default schema name to public
2025-04-08 18:47:46 INFO  - Reading from public.databasechangelog
2025-04-08 18:47:46 INFO  - Reading from public.databasechangelog
2025-04-08 18:47:46 INFO  - UPDATE SUMMARY
2025-04-08 18:47:46 INFO  - Run:                          0
2025-04-08 18:47:46 INFO  - Previously run:               4
2025-04-08 18:47:46 INFO  - Filtered out:                 0
2025-04-08 18:47:46 INFO  - -------------------------------
2025-04-08 18:47:46 INFO  - Total change sets:            4

2025-04-08 18:47:46 INFO  - Update summary generated
2025-04-08 18:47:46 INFO  - Successfully released change log lock
2025-04-08 18:47:46 INFO  - Command execution complete
2025-04-08 18:47:46 INFO  - HHH000204: Processing PersistenceUnitInfo [name: default]
2025-04-08 18:47:46 INFO  - HHH000412: Hibernate ORM core version 6.5.3.Final
2025-04-08 18:47:46 INFO  - HHH000026: Second-level cache disabled
2025-04-08 18:47:46 INFO  - No LoadTimeWeaver setup: ignoring JPA class transformer
2025-04-08 18:47:46 WARN  - HHH90000025: PostgreSQLDialect does not need to be specified explicitly using 'hibernate.dialect' (remove the property setting and it will be selected by default)
2025-04-08 18:47:47 INFO  - HHH000489: No JTA platform available (set 'hibernate.transaction.jta.platform' to enable JTA platform integration)
2025-04-08 18:47:47 INFO  - Initialized JPA EntityManagerFactory for persistence unit 'default'
2025-04-08 18:47:47 INFO  - Hibernate is in classpath; If applicable, HQL parser will be used.
2025-04-08 18:47:49 WARN  - spring.jpa.open-in-view is enabled by default. Therefore, database queries may be performed during view rendering. Explicitly configure spring.jpa.open-in-view to disable this warning
2025-04-08 18:47:49 INFO  - Starting ProtocolHandler ["http-nio-8080"]
2025-04-08 18:47:49 INFO  - Tomcat started on port 8080 (http) with context path '/'
2025-04-08 18:47:49 INFO  - Started PodoCareWebsiteApplication in 5.707 seconds (process running for 6.205)
2025-04-08 18:47:54 INFO  - Initializing Spring DispatcherServlet 'dispatcherServlet'
2025-04-08 18:47:54 INFO  - Initializing Servlet 'dispatcherServlet'
2025-04-08 18:47:54 INFO  - Completed initialization in 1 ms
2025-04-08 18:48:51 ERROR - Order creation failed: Failed to update existing Order.
2025-04-08 18:49:52 INFO  - Closing JPA EntityManagerFactory for persistence unit 'default'
2025-04-08 18:49:52 INFO  - HikariPool-1 - Shutdown initiated...
2025-04-08 18:49:52 INFO  - HikariPool-1 - Shutdown completed.
2025-04-08 18:49:56 INFO  - Starting PodoCareWebsiteApplication using Java 21.0.2 with PID 8480 (C:\Users\Wojtek\Desktop\nowy projekt\PodoCarePRO\be\PodoCareWebsite\target\classes started by Wojtek in C:\Users\Wojtek\Desktop\nowy projekt\PodoCarePRO\be)
2025-04-08 18:49:56 INFO  - No active profile set, falling back to 1 default profile: "default"
2025-04-08 18:49:56 INFO  - Bootstrapping Spring Data JPA repositories in DEFAULT mode.
2025-04-08 18:49:56 INFO  - Finished Spring Data repository scanning in 99 ms. Found 10 JPA repository interfaces.
2025-04-08 18:49:57 INFO  - Tomcat initialized with port 8080 (http)
2025-04-08 18:49:57 INFO  - Initializing ProtocolHandler ["http-nio-8080"]
2025-04-08 18:49:57 INFO  - Starting service [Tomcat]
2025-04-08 18:49:57 INFO  - Starting Servlet engine: [Apache Tomcat/10.1.30]
2025-04-08 18:49:57 INFO  - Initializing Spring embedded WebApplicationContext
2025-04-08 18:49:57 INFO  - Root WebApplicationContext: initialization completed in 1296 ms
2025-04-08 18:49:57 INFO  - HikariPool-1 - Starting...
2025-04-08 18:49:57 INFO  - HikariPool-1 - Added connection org.postgresql.jdbc.PgConnection@3d2f3dcb
2025-04-08 18:49:57 INFO  - HikariPool-1 - Start completed.
2025-04-08 18:49:57 INFO  - Set default schema name to public
2025-04-08 18:49:58 INFO  - Reading from public.databasechangelog
2025-04-08 18:49:58 INFO  - Reading from public.databasechangelog
2025-04-08 18:49:58 INFO  - UPDATE SUMMARY
2025-04-08 18:49:58 INFO  - Run:                          0
2025-04-08 18:49:58 INFO  - Previously run:               4
2025-04-08 18:49:58 INFO  - Filtered out:                 0
2025-04-08 18:49:58 INFO  - -------------------------------
2025-04-08 18:49:58 INFO  - Total change sets:            4

2025-04-08 18:49:58 INFO  - Update summary generated
2025-04-08 18:49:58 INFO  - Successfully released change log lock
2025-04-08 18:49:58 INFO  - Command execution complete
2025-04-08 18:49:58 INFO  - HHH000204: Processing PersistenceUnitInfo [name: default]
2025-04-08 18:49:58 INFO  - HHH000412: Hibernate ORM core version 6.5.3.Final
2025-04-08 18:49:58 INFO  - HHH000026: Second-level cache disabled
2025-04-08 18:49:58 INFO  - No LoadTimeWeaver setup: ignoring JPA class transformer
2025-04-08 18:49:58 WARN  - HHH90000025: PostgreSQLDialect does not need to be specified explicitly using 'hibernate.dialect' (remove the property setting and it will be selected by default)
2025-04-08 18:49:59 INFO  - HHH000489: No JTA platform available (set 'hibernate.transaction.jta.platform' to enable JTA platform integration)
2025-04-08 18:49:59 INFO  - Initialized JPA EntityManagerFactory for persistence unit 'default'
2025-04-08 18:50:00 INFO  - Hibernate is in classpath; If applicable, HQL parser will be used.
2025-04-08 18:50:01 WARN  - spring.jpa.open-in-view is enabled by default. Therefore, database queries may be performed during view rendering. Explicitly configure spring.jpa.open-in-view to disable this warning
2025-04-08 18:50:02 INFO  - Starting ProtocolHandler ["http-nio-8080"]
2025-04-08 18:50:02 INFO  - Tomcat started on port 8080 (http) with context path '/'
2025-04-08 18:50:02 INFO  - Started PodoCareWebsiteApplication in 6.276 seconds (process running for 6.776)
2025-04-08 18:50:11 INFO  - Initializing Spring DispatcherServlet 'dispatcherServlet'
2025-04-08 18:50:11 INFO  - Initializing Servlet 'dispatcherServlet'
2025-04-08 18:50:11 INFO  - Completed initialization in 1 ms
2025-04-08 18:52:49 INFO  - Closing JPA EntityManagerFactory for persistence unit 'default'
2025-04-08 18:52:49 INFO  - HikariPool-1 - Shutdown initiated...
2025-04-08 18:52:49 INFO  - HikariPool-1 - Shutdown completed.
2025-04-08 18:52:53 INFO  - Starting PodoCareWebsiteApplication using Java 21.0.2 with PID 17860 (C:\Users\Wojtek\Desktop\nowy projekt\PodoCarePRO\be\PodoCareWebsite\target\classes started by Wojtek in C:\Users\Wojtek\Desktop\nowy projekt\PodoCarePRO\be)
2025-04-08 18:52:53 INFO  - No active profile set, falling back to 1 default profile: "default"
2025-04-08 18:52:53 INFO  - Bootstrapping Spring Data JPA repositories in DEFAULT mode.
2025-04-08 18:52:53 INFO  - Finished Spring Data repository scanning in 84 ms. Found 10 JPA repository interfaces.
2025-04-08 18:52:54 INFO  - Tomcat initialized with port 8080 (http)
2025-04-08 18:52:54 INFO  - Initializing ProtocolHandler ["http-nio-8080"]
2025-04-08 18:52:54 INFO  - Starting service [Tomcat]
2025-04-08 18:52:54 INFO  - Starting Servlet engine: [Apache Tomcat/10.1.30]
2025-04-08 18:52:54 INFO  - Initializing Spring embedded WebApplicationContext
2025-04-08 18:52:54 INFO  - Root WebApplicationContext: initialization completed in 1132 ms
2025-04-08 18:52:54 INFO  - HikariPool-1 - Starting...
2025-04-08 18:52:54 INFO  - HikariPool-1 - Added connection org.postgresql.jdbc.PgConnection@674da77b
2025-04-08 18:52:54 INFO  - HikariPool-1 - Start completed.
2025-04-08 18:52:54 INFO  - Set default schema name to public
2025-04-08 18:52:55 INFO  - Reading from public.databasechangelog
2025-04-08 18:52:55 INFO  - Reading from public.databasechangelog
2025-04-08 18:52:55 INFO  - UPDATE SUMMARY
2025-04-08 18:52:55 INFO  - Run:                          0
2025-04-08 18:52:55 INFO  - Previously run:               4
2025-04-08 18:52:55 INFO  - Filtered out:                 0
2025-04-08 18:52:55 INFO  - -------------------------------
2025-04-08 18:52:55 INFO  - Total change sets:            4

2025-04-08 18:52:55 INFO  - Update summary generated
2025-04-08 18:52:55 INFO  - Successfully released change log lock
2025-04-08 18:52:55 INFO  - Command execution complete
2025-04-08 18:52:55 INFO  - HHH000204: Processing PersistenceUnitInfo [name: default]
2025-04-08 18:52:55 INFO  - HHH000412: Hibernate ORM core version 6.5.3.Final
2025-04-08 18:52:55 INFO  - HHH000026: Second-level cache disabled
2025-04-08 18:52:55 INFO  - No LoadTimeWeaver setup: ignoring JPA class transformer
2025-04-08 18:52:55 WARN  - HHH90000025: PostgreSQLDialect does not need to be specified explicitly using 'hibernate.dialect' (remove the property setting and it will be selected by default)
2025-04-08 18:52:56 INFO  - HHH000489: No JTA platform available (set 'hibernate.transaction.jta.platform' to enable JTA platform integration)
2025-04-08 18:52:56 INFO  - Initialized JPA EntityManagerFactory for persistence unit 'default'
2025-04-08 18:52:56 INFO  - Hibernate is in classpath; If applicable, HQL parser will be used.
2025-04-08 18:52:58 WARN  - spring.jpa.open-in-view is enabled by default. Therefore, database queries may be performed during view rendering. Explicitly configure spring.jpa.open-in-view to disable this warning
2025-04-08 18:52:58 INFO  - Starting ProtocolHandler ["http-nio-8080"]
2025-04-08 18:52:58 INFO  - Tomcat started on port 8080 (http) with context path '/'
2025-04-08 18:52:58 INFO  - Started PodoCareWebsiteApplication in 5.762 seconds (process running for 6.249)
2025-04-08 18:53:02 INFO  - Initializing Spring DispatcherServlet 'dispatcherServlet'
2025-04-08 18:53:02 INFO  - Initializing Servlet 'dispatcherServlet'
2025-04-08 18:53:02 INFO  - Completed initialization in 1 ms
2025-04-08 18:53:40 INFO  - Closing JPA EntityManagerFactory for persistence unit 'default'
2025-04-08 18:53:40 INFO  - HikariPool-1 - Shutdown initiated...
2025-04-08 18:53:40 INFO  - HikariPool-1 - Shutdown completed.
