2025-04-01 14:46:58 INFO  - Starting PodoCareWebsiteApplication using Java 21.0.2 with PID 17356 (C:\Users\Wojtek\Desktop\nowy projekt\PodoCarePRO\be\PodoCareWebsite\target\classes started by Wojtek in C:\Users\Wojtek\Desktop\nowy projekt\PodoCarePRO\be)
2025-04-01 14:46:58 INFO  - No active profile set, falling back to 1 default profile: "default"
2025-04-01 14:46:58 INFO  - Bootstrapping Spring Data JPA repositories in DEFAULT mode.
2025-04-01 14:46:58 INFO  - Finished Spring Data repository scanning in 91 ms. Found 10 JPA repository interfaces.
2025-04-01 14:46:59 INFO  - Tomcat initialized with port 8080 (http)
2025-04-01 14:46:59 INFO  - Initializing ProtocolHandler ["http-nio-8080"]
2025-04-01 14:46:59 INFO  - Starting service [Tomcat]
2025-04-01 14:46:59 INFO  - Starting Servlet engine: [Apache Tomcat/10.1.30]
2025-04-01 14:46:59 INFO  - Initializing Spring embedded WebApplicationContext
2025-04-01 14:46:59 INFO  - Root WebApplicationContext: initialization completed in 1504 ms
2025-04-01 14:46:59 INFO  - HikariPool-1 - Starting...
2025-04-01 14:47:00 INFO  - HikariPool-1 - Added connection org.postgresql.jdbc.PgConnection@624b523
2025-04-01 14:47:00 INFO  - HikariPool-1 - Start completed.
2025-04-01 14:47:00 INFO  - Set default schema name to public
2025-04-01 14:47:00 INFO  - Reading from public.databasechangelog
2025-04-01 14:47:00 INFO  - Reading from public.databasechangelog
2025-04-01 14:47:00 INFO  - UPDATE SUMMARY
2025-04-01 14:47:00 INFO  - Run:                          0
2025-04-01 14:47:00 INFO  - Previously run:               4
2025-04-01 14:47:00 INFO  - Filtered out:                 0
2025-04-01 14:47:00 INFO  - -------------------------------
2025-04-01 14:47:00 INFO  - Total change sets:            4

2025-04-01 14:47:00 INFO  - Update summary generated
2025-04-01 14:47:00 INFO  - Successfully released change log lock
2025-04-01 14:47:00 INFO  - Command execution complete
2025-04-01 14:47:00 INFO  - HHH000204: Processing PersistenceUnitInfo [name: default]
2025-04-01 14:47:00 INFO  - HHH000412: Hibernate ORM core version 6.5.3.Final
2025-04-01 14:47:00 INFO  - HHH000026: Second-level cache disabled
2025-04-01 14:47:01 INFO  - No LoadTimeWeaver setup: ignoring JPA class transformer
2025-04-01 14:47:01 WARN  - HHH90000025: PostgreSQLDialect does not need to be specified explicitly using 'hibernate.dialect' (remove the property setting and it will be selected by default)
2025-04-01 14:47:02 INFO  - HHH000489: No JTA platform available (set 'hibernate.transaction.jta.platform' to enable JTA platform integration)
2025-04-01 14:47:02 INFO  - Initialized JPA EntityManagerFactory for persistence unit 'default'
2025-04-01 14:47:02 INFO  - Hibernate is in classpath; If applicable, HQL parser will be used.
2025-04-01 14:47:03 WARN  - spring.jpa.open-in-view is enabled by default. Therefore, database queries may be performed during view rendering. Explicitly configure spring.jpa.open-in-view to disable this warning
2025-04-01 14:47:04 INFO  - Starting ProtocolHandler ["http-nio-8080"]
2025-04-01 14:47:04 INFO  - Tomcat started on port 8080 (http) with context path '/'
2025-04-01 14:47:04 INFO  - Started PodoCareWebsiteApplication in 6.509 seconds (process running for 7.189)
2025-04-01 14:47:25 INFO  - Initializing Spring DispatcherServlet 'dispatcherServlet'
2025-04-01 14:47:25 INFO  - Initializing Servlet 'dispatcherServlet'
2025-04-01 14:47:25 INFO  - Completed initialization in 0 ms
2025-04-01 20:39:46 INFO  - Closing JPA EntityManagerFactory for persistence unit 'default'
2025-04-01 20:39:46 INFO  - HikariPool-1 - Shutdown initiated...
2025-04-01 20:39:46 INFO  - HikariPool-1 - Shutdown completed.
