2025-07-07 13:11:50 INFO  - Starting PodoCareWebsiteApplication using Java 21.0.2 with PID 10968 (C:\Users\Wojtek\Desktop\nowy projekt\PodoCarePRO\be\PodoCareWebsite\target\classes started by Wojtek in C:\Users\Wojtek\Desktop\nowy projekt\PodoCarePRO\be)
2025-07-07 13:11:50 INFO  - No active profile set, falling back to 1 default profile: "default"
2025-07-07 13:11:51 INFO  - Bootstrapping Spring Data JPA repositories in DEFAULT mode.
2025-07-07 13:11:51 INFO  - Finished Spring Data repository scanning in 83 ms. Found 6 JPA repository interfaces.
2025-07-07 13:11:52 INFO  - Tomcat initialized with port 8080 (http)
2025-07-07 13:11:52 INFO  - Initializing ProtocolHandler ["http-nio-8080"]
2025-07-07 13:11:52 INFO  - Starting service [Tomcat]
2025-07-07 13:11:52 INFO  - Starting Servlet engine: [Apache Tomcat/10.1.30]
2025-07-07 13:11:52 INFO  - Initializing Spring embedded WebApplicationContext
2025-07-07 13:11:52 INFO  - Root WebApplicationContext: initialization completed in 1458 ms
2025-07-07 13:11:52 INFO  - HikariPool-1 - Starting...
2025-07-07 13:11:52 INFO  - HikariPool-1 - Added connection org.postgresql.jdbc.PgConnection@7fdd43cd
2025-07-07 13:11:52 INFO  - HikariPool-1 - Start completed.
2025-07-07 13:11:52 INFO  - Set default schema name to public
2025-07-07 13:11:53 INFO  - Reading from public.databasechangelog
2025-07-07 13:11:53 INFO  - Reading from public.databasechangelog
2025-07-07 13:11:53 INFO  - UPDATE SUMMARY
2025-07-07 13:11:53 INFO  - Run:                          0
2025-07-07 13:11:53 INFO  - Previously run:               7
2025-07-07 13:11:53 INFO  - Filtered out:                 0
2025-07-07 13:11:53 INFO  - -------------------------------
2025-07-07 13:11:53 INFO  - Total change sets:            7

2025-07-07 13:11:53 INFO  - Update summary generated
2025-07-07 13:11:53 INFO  - Successfully released change log lock
2025-07-07 13:11:53 INFO  - Command execution complete
2025-07-07 13:11:53 INFO  - HHH000204: Processing PersistenceUnitInfo [name: default]
2025-07-07 13:11:53 INFO  - HHH000412: Hibernate ORM core version 6.5.3.Final
2025-07-07 13:11:53 INFO  - HHH000026: Second-level cache disabled
2025-07-07 13:11:54 INFO  - No LoadTimeWeaver setup: ignoring JPA class transformer
2025-07-07 13:11:54 INFO  - HHH000489: No JTA platform available (set 'hibernate.transaction.jta.platform' to enable JTA platform integration)
2025-07-07 13:11:54 INFO  - Initialized JPA EntityManagerFactory for persistence unit 'default'
2025-07-07 13:11:55 INFO  - Hibernate is in classpath; If applicable, HQL parser will be used.
2025-07-07 13:11:56 WARN  - spring.jpa.open-in-view is enabled by default. Therefore, database queries may be performed during view rendering. Explicitly configure spring.jpa.open-in-view to disable this warning
2025-07-07 13:11:56 INFO  - Starting ProtocolHandler ["http-nio-8080"]
2025-07-07 13:11:56 INFO  - Tomcat started on port 8080 (http) with context path '/'
2025-07-07 13:11:56 INFO  - Started PodoCareWebsiteApplication in 6.067 seconds (process running for 6.739)
2025-07-07 13:12:45 INFO  - Initializing Spring DispatcherServlet 'dispatcherServlet'
2025-07-07 13:12:45 INFO  - Initializing Servlet 'dispatcherServlet'
2025-07-07 13:12:45 INFO  - Completed initialization in 1 ms
