2025-04-10 10:36:39 INFO  - Starting PodoCareWebsiteApplication using Java 21.0.2 with PID 17688 (C:\Users\Wojtek\Desktop\nowy projekt\PodoCarePRO\be\PodoCareWebsite\target\classes started by Wojtek in C:\Users\Wojtek\Desktop\nowy projekt\PodoCarePRO\be)
2025-04-10 10:36:39 INFO  - No active profile set, falling back to 1 default profile: "default"
2025-04-10 10:36:39 INFO  - Bootstrapping Spring Data JPA repositories in DEFAULT mode.
2025-04-10 10:36:40 INFO  - Finished Spring Data repository scanning in 108 ms. Found 10 JPA repository interfaces.
2025-04-10 10:36:40 INFO  - Tomcat initialized with port 8080 (http)
2025-04-10 10:36:40 INFO  - Initializing ProtocolHandler ["http-nio-8080"]
2025-04-10 10:36:40 INFO  - Starting service [Tomcat]
2025-04-10 10:36:40 INFO  - Starting Servlet engine: [Apache Tomcat/10.1.30]
2025-04-10 10:36:40 INFO  - Initializing Spring embedded WebApplicationContext
2025-04-10 10:36:40 INFO  - Root WebApplicationContext: initialization completed in 1494 ms
2025-04-10 10:36:40 INFO  - HikariPool-1 - Starting...
2025-04-10 10:36:41 INFO  - HikariPool-1 - Added connection org.postgresql.jdbc.PgConnection@508ad266
2025-04-10 10:36:41 INFO  - HikariPool-1 - Start completed.
2025-04-10 10:36:41 INFO  - Set default schema name to public
2025-04-10 10:36:41 INFO  - Reading from public.databasechangelog
2025-04-10 10:36:41 INFO  - Reading from public.databasechangelog
2025-04-10 10:36:41 INFO  - UPDATE SUMMARY
2025-04-10 10:36:41 INFO  - Run:                          0
2025-04-10 10:36:41 INFO  - Previously run:               4
2025-04-10 10:36:41 INFO  - Filtered out:                 0
2025-04-10 10:36:41 INFO  - -------------------------------
2025-04-10 10:36:41 INFO  - Total change sets:            4

2025-04-10 10:36:41 INFO  - Update summary generated
2025-04-10 10:36:41 INFO  - Successfully released change log lock
2025-04-10 10:36:41 INFO  - Command execution complete
2025-04-10 10:36:41 INFO  - HHH000204: Processing PersistenceUnitInfo [name: default]
2025-04-10 10:36:42 INFO  - HHH000412: Hibernate ORM core version 6.5.3.Final
2025-04-10 10:36:42 INFO  - HHH000026: Second-level cache disabled
2025-04-10 10:36:42 INFO  - No LoadTimeWeaver setup: ignoring JPA class transformer
2025-04-10 10:36:42 WARN  - HHH90000025: PostgreSQLDialect does not need to be specified explicitly using 'hibernate.dialect' (remove the property setting and it will be selected by default)
2025-04-10 10:36:43 INFO  - HHH000489: No JTA platform available (set 'hibernate.transaction.jta.platform' to enable JTA platform integration)
2025-04-10 10:36:43 INFO  - Initialized JPA EntityManagerFactory for persistence unit 'default'
2025-04-10 10:36:44 INFO  - Hibernate is in classpath; If applicable, HQL parser will be used.
2025-04-10 10:36:46 WARN  - spring.jpa.open-in-view is enabled by default. Therefore, database queries may be performed during view rendering. Explicitly configure spring.jpa.open-in-view to disable this warning
2025-04-10 10:36:46 INFO  - Starting ProtocolHandler ["http-nio-8080"]
2025-04-10 10:36:46 INFO  - Tomcat started on port 8080 (http) with context path '/'
2025-04-10 10:36:46 INFO  - Started PodoCareWebsiteApplication in 7.9 seconds (process running for 8.964)
2025-04-10 10:36:46 INFO  - Initializing Spring DispatcherServlet 'dispatcherServlet'
2025-04-10 10:36:46 INFO  - Initializing Servlet 'dispatcherServlet'
2025-04-10 10:36:46 INFO  - Completed initialization in 1 ms
2025-04-10 10:40:35 WARN  - HikariPool-1 - Thread starvation or clock leap detected (housekeeper delta=2m54s355ms809µs500ns).
2025-04-10 11:03:29 WARN  - HikariPool-1 - Thread starvation or clock leap detected (housekeeper delta=21m39s722ms575µs500ns).
2025-04-10 11:20:33 INFO  - Closing JPA EntityManagerFactory for persistence unit 'default'
2025-04-10 11:20:33 INFO  - HikariPool-1 - Shutdown initiated...
2025-04-10 11:20:33 INFO  - HikariPool-1 - Shutdown completed.
2025-04-10 11:20:38 INFO  - Starting PodoCareWebsiteApplication using Java 21.0.2 with PID 15092 (C:\Users\Wojtek\Desktop\nowy projekt\PodoCarePRO\be\PodoCareWebsite\target\classes started by Wojtek in C:\Users\Wojtek\Desktop\nowy projekt\PodoCarePRO\be)
2025-04-10 11:20:38 INFO  - No active profile set, falling back to 1 default profile: "default"
2025-04-10 11:20:38 INFO  - Bootstrapping Spring Data JPA repositories in DEFAULT mode.
2025-04-10 11:20:38 INFO  - Finished Spring Data repository scanning in 97 ms. Found 10 JPA repository interfaces.
2025-04-10 11:20:39 INFO  - Tomcat initialized with port 8080 (http)
2025-04-10 11:20:39 INFO  - Initializing ProtocolHandler ["http-nio-8080"]
2025-04-10 11:20:39 INFO  - Starting service [Tomcat]
2025-04-10 11:20:39 INFO  - Starting Servlet engine: [Apache Tomcat/10.1.30]
2025-04-10 11:20:39 INFO  - Initializing Spring embedded WebApplicationContext
2025-04-10 11:20:39 INFO  - Root WebApplicationContext: initialization completed in 1345 ms
2025-04-10 11:20:39 INFO  - HikariPool-1 - Starting...
2025-04-10 11:20:39 INFO  - HikariPool-1 - Added connection org.postgresql.jdbc.PgConnection@437ed416
2025-04-10 11:20:39 INFO  - HikariPool-1 - Start completed.
2025-04-10 11:20:39 INFO  - Set default schema name to public
2025-04-10 11:20:40 INFO  - Reading from public.databasechangelog
2025-04-10 11:20:40 INFO  - Reading from public.databasechangelog
2025-04-10 11:20:40 INFO  - UPDATE SUMMARY
2025-04-10 11:20:40 INFO  - Run:                          0
2025-04-10 11:20:40 INFO  - Previously run:               4
2025-04-10 11:20:40 INFO  - Filtered out:                 0
2025-04-10 11:20:40 INFO  - -------------------------------
2025-04-10 11:20:40 INFO  - Total change sets:            4

2025-04-10 11:20:40 INFO  - Update summary generated
2025-04-10 11:20:40 INFO  - Successfully released change log lock
2025-04-10 11:20:40 INFO  - Command execution complete
2025-04-10 11:20:40 INFO  - HHH000204: Processing PersistenceUnitInfo [name: default]
2025-04-10 11:20:40 INFO  - HHH000412: Hibernate ORM core version 6.5.3.Final
2025-04-10 11:20:40 INFO  - HHH000026: Second-level cache disabled
2025-04-10 11:20:40 INFO  - No LoadTimeWeaver setup: ignoring JPA class transformer
2025-04-10 11:20:40 WARN  - HHH90000025: PostgreSQLDialect does not need to be specified explicitly using 'hibernate.dialect' (remove the property setting and it will be selected by default)
2025-04-10 11:20:41 ERROR - Failed to initialize JPA EntityManagerFactory: Entity 'com.podocare.PodoCareWebsite.DTO.ProductStatusSnapshot' has no identifier (every '@Entity' class must declare or inherit at least one '@Id' or '@EmbeddedId' property)
2025-04-10 11:20:41 WARN  - Exception encountered during context initialization - cancelling refresh attempt: org.springframework.beans.factory.BeanCreationException: Error creating bean with name 'entityManagerFactory' defined in class path resource [org/springframework/boot/autoconfigure/orm/jpa/HibernateJpaConfiguration.class]: Entity 'com.podocare.PodoCareWebsite.DTO.ProductStatusSnapshot' has no identifier (every '@Entity' class must declare or inherit at least one '@Id' or '@EmbeddedId' property)
2025-04-10 11:20:41 INFO  - HikariPool-1 - Shutdown initiated...
2025-04-10 11:20:41 INFO  - HikariPool-1 - Shutdown completed.
2025-04-10 11:20:41 INFO  - Stopping service [Tomcat]
2025-04-10 11:20:41 INFO  - 

Error starting ApplicationContext. To display the condition evaluation report re-run your application with 'debug' enabled.
2025-04-10 11:20:41 ERROR - Application run failed
org.springframework.beans.factory.BeanCreationException: Error creating bean with name 'entityManagerFactory' defined in class path resource [org/springframework/boot/autoconfigure/orm/jpa/HibernateJpaConfiguration.class]: Entity 'com.podocare.PodoCareWebsite.DTO.ProductStatusSnapshot' has no identifier (every '@Entity' class must declare or inherit at least one '@Id' or '@EmbeddedId' property)
	at org.springframework.beans.factory.support.AbstractAutowireCapableBeanFactory.initializeBean(AbstractAutowireCapableBeanFactory.java:1806)
	at org.springframework.beans.factory.support.AbstractAutowireCapableBeanFactory.doCreateBean(AbstractAutowireCapableBeanFactory.java:600)
	at org.springframework.beans.factory.support.AbstractAutowireCapableBeanFactory.createBean(AbstractAutowireCapableBeanFactory.java:522)
	at org.springframework.beans.factory.support.AbstractBeanFactory.lambda$doGetBean$0(AbstractBeanFactory.java:337)
	at org.springframework.beans.factory.support.DefaultSingletonBeanRegistry.getSingleton(DefaultSingletonBeanRegistry.java:234)
	at org.springframework.beans.factory.support.AbstractBeanFactory.doGetBean(AbstractBeanFactory.java:335)
	at org.springframework.beans.factory.support.AbstractBeanFactory.getBean(AbstractBeanFactory.java:205)
	at org.springframework.context.support.AbstractApplicationContext.finishBeanFactoryInitialization(AbstractApplicationContext.java:954)
	at org.springframework.context.support.AbstractApplicationContext.refresh(AbstractApplicationContext.java:625)
	at org.springframework.boot.web.servlet.context.ServletWebServerApplicationContext.refresh(ServletWebServerApplicationContext.java:146)
	at org.springframework.boot.SpringApplication.refresh(SpringApplication.java:754)
	at org.springframework.boot.SpringApplication.refreshContext(SpringApplication.java:456)
	at org.springframework.boot.SpringApplication.run(SpringApplication.java:335)
	at org.springframework.boot.SpringApplication.run(SpringApplication.java:1363)
	at org.springframework.boot.SpringApplication.run(SpringApplication.java:1352)
	at com.podocare.PodoCareWebsite.PodoCareWebsiteApplication.main(PodoCareWebsiteApplication.java:10)
Caused by: org.hibernate.AnnotationException: Entity 'com.podocare.PodoCareWebsite.DTO.ProductStatusSnapshot' has no identifier (every '@Entity' class must declare or inherit at least one '@Id' or '@EmbeddedId' property)
	at org.hibernate.boot.model.internal.InheritanceState.determineDefaultAccessType(InheritanceState.java:279)
	at org.hibernate.boot.model.internal.InheritanceState.getElementsToProcess(InheritanceState.java:215)
	at org.hibernate.boot.model.internal.InheritanceState.postProcess(InheritanceState.java:160)
	at org.hibernate.boot.model.internal.EntityBinder.handleIdentifier(EntityBinder.java:407)
	at org.hibernate.boot.model.internal.EntityBinder.bindEntityClass(EntityBinder.java:248)
	at org.hibernate.boot.model.internal.AnnotationBinder.bindClass(AnnotationBinder.java:399)
	at org.hibernate.boot.model.source.internal.annotations.AnnotationMetadataSourceProcessorImpl.processEntityHierarchies(AnnotationMetadataSourceProcessorImpl.java:259)
	at org.hibernate.boot.model.process.spi.MetadataBuildingProcess$1.processEntityHierarchies(MetadataBuildingProcess.java:281)
	at org.hibernate.boot.model.process.spi.MetadataBuildingProcess.complete(MetadataBuildingProcess.java:324)
	at org.hibernate.jpa.boot.internal.EntityManagerFactoryBuilderImpl.metadata(EntityManagerFactoryBuilderImpl.java:1431)
	at org.hibernate.jpa.boot.internal.EntityManagerFactoryBuilderImpl.build(EntityManagerFactoryBuilderImpl.java:1502)
	at org.springframework.orm.jpa.vendor.SpringHibernateJpaPersistenceProvider.createContainerEntityManagerFactory(SpringHibernateJpaPersistenceProvider.java:75)
	at org.springframework.orm.jpa.LocalContainerEntityManagerFactoryBean.createNativeEntityManagerFactory(LocalContainerEntityManagerFactoryBean.java:390)
	at org.springframework.orm.jpa.AbstractEntityManagerFactoryBean.buildNativeEntityManagerFactory(AbstractEntityManagerFactoryBean.java:409)
	at org.springframework.orm.jpa.AbstractEntityManagerFactoryBean.afterPropertiesSet(AbstractEntityManagerFactoryBean.java:396)
	at org.springframework.orm.jpa.LocalContainerEntityManagerFactoryBean.afterPropertiesSet(LocalContainerEntityManagerFactoryBean.java:366)
	at org.springframework.beans.factory.support.AbstractAutowireCapableBeanFactory.invokeInitMethods(AbstractAutowireCapableBeanFactory.java:1853)
	at org.springframework.beans.factory.support.AbstractAutowireCapableBeanFactory.initializeBean(AbstractAutowireCapableBeanFactory.java:1802)
	... 15 common frames omitted
2025-04-10 11:22:19 INFO  - Starting PodoCareWebsiteApplication using Java 21.0.2 with PID 13192 (C:\Users\Wojtek\Desktop\nowy projekt\PodoCarePRO\be\PodoCareWebsite\target\classes started by Wojtek in C:\Users\Wojtek\Desktop\nowy projekt\PodoCarePRO\be)
2025-04-10 11:22:19 INFO  - No active profile set, falling back to 1 default profile: "default"
2025-04-10 11:22:20 INFO  - Bootstrapping Spring Data JPA repositories in DEFAULT mode.
2025-04-10 11:22:20 INFO  - Finished Spring Data repository scanning in 97 ms. Found 10 JPA repository interfaces.
2025-04-10 11:22:21 INFO  - Tomcat initialized with port 8080 (http)
2025-04-10 11:22:21 INFO  - Initializing ProtocolHandler ["http-nio-8080"]
2025-04-10 11:22:21 INFO  - Starting service [Tomcat]
2025-04-10 11:22:21 INFO  - Starting Servlet engine: [Apache Tomcat/10.1.30]
2025-04-10 11:22:21 INFO  - Initializing Spring embedded WebApplicationContext
2025-04-10 11:22:21 INFO  - Root WebApplicationContext: initialization completed in 1258 ms
2025-04-10 11:22:21 INFO  - HikariPool-1 - Starting...
2025-04-10 11:22:21 INFO  - HikariPool-1 - Added connection org.postgresql.jdbc.PgConnection@5934ca1e
2025-04-10 11:22:21 INFO  - HikariPool-1 - Start completed.
2025-04-10 11:22:21 INFO  - Set default schema name to public
2025-04-10 11:22:21 INFO  - Reading from public.databasechangelog
2025-04-10 11:22:21 INFO  - Reading from public.databasechangelog
2025-04-10 11:22:22 INFO  - UPDATE SUMMARY
2025-04-10 11:22:22 INFO  - Run:                          0
2025-04-10 11:22:22 INFO  - Previously run:               4
2025-04-10 11:22:22 INFO  - Filtered out:                 0
2025-04-10 11:22:22 INFO  - -------------------------------
2025-04-10 11:22:22 INFO  - Total change sets:            4

2025-04-10 11:22:22 INFO  - Update summary generated
2025-04-10 11:22:22 INFO  - Successfully released change log lock
2025-04-10 11:22:22 INFO  - Command execution complete
2025-04-10 11:22:22 INFO  - HHH000204: Processing PersistenceUnitInfo [name: default]
2025-04-10 11:22:22 INFO  - HHH000412: Hibernate ORM core version 6.5.3.Final
2025-04-10 11:22:22 INFO  - HHH000026: Second-level cache disabled
2025-04-10 11:22:22 INFO  - No LoadTimeWeaver setup: ignoring JPA class transformer
2025-04-10 11:22:22 WARN  - HHH90000025: PostgreSQLDialect does not need to be specified explicitly using 'hibernate.dialect' (remove the property setting and it will be selected by default)
2025-04-10 11:22:23 INFO  - HHH000489: No JTA platform available (set 'hibernate.transaction.jta.platform' to enable JTA platform integration)
2025-04-10 11:22:23 INFO  - Initialized JPA EntityManagerFactory for persistence unit 'default'
2025-04-10 11:22:23 INFO  - Hibernate is in classpath; If applicable, HQL parser will be used.
2025-04-10 11:22:25 WARN  - spring.jpa.open-in-view is enabled by default. Therefore, database queries may be performed during view rendering. Explicitly configure spring.jpa.open-in-view to disable this warning
2025-04-10 11:22:25 INFO  - Starting ProtocolHandler ["http-nio-8080"]
2025-04-10 11:22:25 INFO  - Tomcat started on port 8080 (http) with context path '/'
2025-04-10 11:22:25 INFO  - Started PodoCareWebsiteApplication in 5.786 seconds (process running for 6.277)
2025-04-10 11:40:12 INFO  - Closing JPA EntityManagerFactory for persistence unit 'default'
2025-04-10 11:40:12 INFO  - HikariPool-1 - Shutdown initiated...
2025-04-10 11:40:12 INFO  - HikariPool-1 - Shutdown completed.
2025-04-10 11:40:16 INFO  - Starting PodoCareWebsiteApplication using Java 21.0.2 with PID 11456 (C:\Users\Wojtek\Desktop\nowy projekt\PodoCarePRO\be\PodoCareWebsite\target\classes started by Wojtek in C:\Users\Wojtek\Desktop\nowy projekt\PodoCarePRO\be)
2025-04-10 11:40:16 INFO  - No active profile set, falling back to 1 default profile: "default"
2025-04-10 11:40:17 INFO  - Bootstrapping Spring Data JPA repositories in DEFAULT mode.
2025-04-10 11:40:17 INFO  - Finished Spring Data repository scanning in 75 ms. Found 10 JPA repository interfaces.
2025-04-10 11:40:18 INFO  - Tomcat initialized with port 8080 (http)
2025-04-10 11:40:18 INFO  - Initializing ProtocolHandler ["http-nio-8080"]
2025-04-10 11:40:18 INFO  - Starting service [Tomcat]
2025-04-10 11:40:18 INFO  - Starting Servlet engine: [Apache Tomcat/10.1.30]
2025-04-10 11:40:18 INFO  - Initializing Spring embedded WebApplicationContext
2025-04-10 11:40:18 INFO  - Root WebApplicationContext: initialization completed in 1099 ms
2025-04-10 11:40:18 INFO  - HikariPool-1 - Starting...
2025-04-10 11:40:18 INFO  - HikariPool-1 - Added connection org.postgresql.jdbc.PgConnection@6010d0d1
2025-04-10 11:40:18 INFO  - HikariPool-1 - Start completed.
2025-04-10 11:40:18 INFO  - Set default schema name to public
2025-04-10 11:40:18 INFO  - Reading from public.databasechangelog
2025-04-10 11:40:18 INFO  - Reading from public.databasechangelog
2025-04-10 11:40:18 INFO  - UPDATE SUMMARY
2025-04-10 11:40:18 INFO  - Run:                          0
2025-04-10 11:40:18 INFO  - Previously run:               4
2025-04-10 11:40:18 INFO  - Filtered out:                 0
2025-04-10 11:40:18 INFO  - -------------------------------
2025-04-10 11:40:18 INFO  - Total change sets:            4

2025-04-10 11:40:18 INFO  - Update summary generated
2025-04-10 11:40:18 INFO  - Successfully released change log lock
2025-04-10 11:40:18 INFO  - Command execution complete
2025-04-10 11:40:19 INFO  - HHH000204: Processing PersistenceUnitInfo [name: default]
2025-04-10 11:40:19 INFO  - HHH000412: Hibernate ORM core version 6.5.3.Final
2025-04-10 11:40:19 INFO  - HHH000026: Second-level cache disabled
2025-04-10 11:40:19 INFO  - No LoadTimeWeaver setup: ignoring JPA class transformer
2025-04-10 11:40:19 WARN  - HHH90000025: PostgreSQLDialect does not need to be specified explicitly using 'hibernate.dialect' (remove the property setting and it will be selected by default)
2025-04-10 11:40:20 INFO  - HHH000489: No JTA platform available (set 'hibernate.transaction.jta.platform' to enable JTA platform integration)
2025-04-10 11:40:20 INFO  - Initialized JPA EntityManagerFactory for persistence unit 'default'
2025-04-10 11:40:20 INFO  - Hibernate is in classpath; If applicable, HQL parser will be used.
2025-04-10 11:40:21 WARN  - Exception encountered during context initialization - cancelling refresh attempt: org.springframework.beans.factory.UnsatisfiedDependencyException: Error creating bean with name 'orderController' defined in file [C:\Users\Wojtek\Desktop\nowy projekt\PodoCarePRO\be\PodoCareWebsite\target\classes\com\podocare\PodoCareWebsite\controller\order\OrderController.class]: Unsatisfied dependency expressed through constructor parameter 0: Error creating bean with name 'orderService': Unsatisfied dependency expressed through field 'orderProductService': Error creating bean with name 'orderProductService': Unsatisfied dependency expressed through field 'saleProductService': Error creating bean with name 'saleProductService': Unsatisfied dependency expressed through field 'orderProductRepo': Error creating bean with name 'orderProductRepo' defined in com.podocare.PodoCareWebsite.repo.OrderProductRepo defined in @EnableJpaRepositories declared on JpaRepositoriesRegistrar.EnableJpaRepositoriesConfiguration: Could not create query for public abstract boolean com.podocare.PodoCareWebsite.repo.OrderProductRepo.hasEquipmentProductReference(java.lang.Long); Reason: Validation failed for query for method public abstract boolean com.podocare.PodoCareWebsite.repo.OrderProductRepo.hasEquipmentProductReference(java.lang.Long)
2025-04-10 11:40:21 INFO  - Closing JPA EntityManagerFactory for persistence unit 'default'
2025-04-10 11:40:21 INFO  - HikariPool-1 - Shutdown initiated...
2025-04-10 11:40:21 INFO  - HikariPool-1 - Shutdown completed.
2025-04-10 11:40:21 INFO  - Stopping service [Tomcat]
2025-04-10 11:40:21 INFO  - 

Error starting ApplicationContext. To display the condition evaluation report re-run your application with 'debug' enabled.
2025-04-10 11:40:21 ERROR - Application run failed
org.springframework.beans.factory.UnsatisfiedDependencyException: Error creating bean with name 'orderController' defined in file [C:\Users\Wojtek\Desktop\nowy projekt\PodoCarePRO\be\PodoCareWebsite\target\classes\com\podocare\PodoCareWebsite\controller\order\OrderController.class]: Unsatisfied dependency expressed through constructor parameter 0: Error creating bean with name 'orderService': Unsatisfied dependency expressed through field 'orderProductService': Error creating bean with name 'orderProductService': Unsatisfied dependency expressed through field 'saleProductService': Error creating bean with name 'saleProductService': Unsatisfied dependency expressed through field 'orderProductRepo': Error creating bean with name 'orderProductRepo' defined in com.podocare.PodoCareWebsite.repo.OrderProductRepo defined in @EnableJpaRepositories declared on JpaRepositoriesRegistrar.EnableJpaRepositoriesConfiguration: Could not create query for public abstract boolean com.podocare.PodoCareWebsite.repo.OrderProductRepo.hasEquipmentProductReference(java.lang.Long); Reason: Validation failed for query for method public abstract boolean com.podocare.PodoCareWebsite.repo.OrderProductRepo.hasEquipmentProductReference(java.lang.Long)
	at org.springframework.beans.factory.support.ConstructorResolver.createArgumentArray(ConstructorResolver.java:795)
	at org.springframework.beans.factory.support.ConstructorResolver.autowireConstructor(ConstructorResolver.java:237)
	at org.springframework.beans.factory.support.AbstractAutowireCapableBeanFactory.autowireConstructor(AbstractAutowireCapableBeanFactory.java:1375)
	at org.springframework.beans.factory.support.AbstractAutowireCapableBeanFactory.createBeanInstance(AbstractAutowireCapableBeanFactory.java:1212)
	at org.springframework.beans.factory.support.AbstractAutowireCapableBeanFactory.doCreateBean(AbstractAutowireCapableBeanFactory.java:562)
	at org.springframework.beans.factory.support.AbstractAutowireCapableBeanFactory.createBean(AbstractAutowireCapableBeanFactory.java:522)
	at org.springframework.beans.factory.support.AbstractBeanFactory.lambda$doGetBean$0(AbstractBeanFactory.java:337)
	at org.springframework.beans.factory.support.DefaultSingletonBeanRegistry.getSingleton(DefaultSingletonBeanRegistry.java:234)
	at org.springframework.beans.factory.support.AbstractBeanFactory.doGetBean(AbstractBeanFactory.java:335)
	at org.springframework.beans.factory.support.AbstractBeanFactory.getBean(AbstractBeanFactory.java:200)
	at org.springframework.beans.factory.support.DefaultListableBeanFactory.preInstantiateSingletons(DefaultListableBeanFactory.java:975)
	at org.springframework.context.support.AbstractApplicationContext.finishBeanFactoryInitialization(AbstractApplicationContext.java:971)
	at org.springframework.context.support.AbstractApplicationContext.refresh(AbstractApplicationContext.java:625)
	at org.springframework.boot.web.servlet.context.ServletWebServerApplicationContext.refresh(ServletWebServerApplicationContext.java:146)
	at org.springframework.boot.SpringApplication.refresh(SpringApplication.java:754)
	at org.springframework.boot.SpringApplication.refreshContext(SpringApplication.java:456)
	at org.springframework.boot.SpringApplication.run(SpringApplication.java:335)
	at org.springframework.boot.SpringApplication.run(SpringApplication.java:1363)
	at org.springframework.boot.SpringApplication.run(SpringApplication.java:1352)
	at com.podocare.PodoCareWebsite.PodoCareWebsiteApplication.main(PodoCareWebsiteApplication.java:10)
Caused by: org.springframework.beans.factory.UnsatisfiedDependencyException: Error creating bean with name 'orderService': Unsatisfied dependency expressed through field 'orderProductService': Error creating bean with name 'orderProductService': Unsatisfied dependency expressed through field 'saleProductService': Error creating bean with name 'saleProductService': Unsatisfied dependency expressed through field 'orderProductRepo': Error creating bean with name 'orderProductRepo' defined in com.podocare.PodoCareWebsite.repo.OrderProductRepo defined in @EnableJpaRepositories declared on JpaRepositoriesRegistrar.EnableJpaRepositoriesConfiguration: Could not create query for public abstract boolean com.podocare.PodoCareWebsite.repo.OrderProductRepo.hasEquipmentProductReference(java.lang.Long); Reason: Validation failed for query for method public abstract boolean com.podocare.PodoCareWebsite.repo.OrderProductRepo.hasEquipmentProductReference(java.lang.Long)
	at org.springframework.beans.factory.annotation.AutowiredAnnotationBeanPostProcessor$AutowiredFieldElement.resolveFieldValue(AutowiredAnnotationBeanPostProcessor.java:788)
	at org.springframework.beans.factory.annotation.AutowiredAnnotationBeanPostProcessor$AutowiredFieldElement.inject(AutowiredAnnotationBeanPostProcessor.java:768)
	at org.springframework.beans.factory.annotation.InjectionMetadata.inject(InjectionMetadata.java:145)
	at org.springframework.beans.factory.annotation.AutowiredAnnotationBeanPostProcessor.postProcessProperties(AutowiredAnnotationBeanPostProcessor.java:509)
	at org.springframework.beans.factory.support.AbstractAutowireCapableBeanFactory.populateBean(AbstractAutowireCapableBeanFactory.java:1439)
	at org.springframework.beans.factory.support.AbstractAutowireCapableBeanFactory.doCreateBean(AbstractAutowireCapableBeanFactory.java:599)
	at org.springframework.beans.factory.support.AbstractAutowireCapableBeanFactory.createBean(AbstractAutowireCapableBeanFactory.java:522)
	at org.springframework.beans.factory.support.AbstractBeanFactory.lambda$doGetBean$0(AbstractBeanFactory.java:337)
	at org.springframework.beans.factory.support.DefaultSingletonBeanRegistry.getSingleton(DefaultSingletonBeanRegistry.java:234)
	at org.springframework.beans.factory.support.AbstractBeanFactory.doGetBean(AbstractBeanFactory.java:335)
	at org.springframework.beans.factory.support.AbstractBeanFactory.getBean(AbstractBeanFactory.java:200)
	at org.springframework.beans.factory.config.DependencyDescriptor.resolveCandidate(DependencyDescriptor.java:254)
	at org.springframework.beans.factory.support.DefaultListableBeanFactory.doResolveDependency(DefaultListableBeanFactory.java:1443)
	at org.springframework.beans.factory.support.DefaultListableBeanFactory.resolveDependency(DefaultListableBeanFactory.java:1353)
	at org.springframework.beans.factory.support.ConstructorResolver.resolveAutowiredArgument(ConstructorResolver.java:904)
	at org.springframework.beans.factory.support.ConstructorResolver.createArgumentArray(ConstructorResolver.java:782)
	... 19 common frames omitted
Caused by: org.springframework.beans.factory.UnsatisfiedDependencyException: Error creating bean with name 'orderProductService': Unsatisfied dependency expressed through field 'saleProductService': Error creating bean with name 'saleProductService': Unsatisfied dependency expressed through field 'orderProductRepo': Error creating bean with name 'orderProductRepo' defined in com.podocare.PodoCareWebsite.repo.OrderProductRepo defined in @EnableJpaRepositories declared on JpaRepositoriesRegistrar.EnableJpaRepositoriesConfiguration: Could not create query for public abstract boolean com.podocare.PodoCareWebsite.repo.OrderProductRepo.hasEquipmentProductReference(java.lang.Long); Reason: Validation failed for query for method public abstract boolean com.podocare.PodoCareWebsite.repo.OrderProductRepo.hasEquipmentProductReference(java.lang.Long)
	at org.springframework.beans.factory.annotation.AutowiredAnnotationBeanPostProcessor$AutowiredFieldElement.resolveFieldValue(AutowiredAnnotationBeanPostProcessor.java:788)
	at org.springframework.beans.factory.annotation.AutowiredAnnotationBeanPostProcessor$AutowiredFieldElement.inject(AutowiredAnnotationBeanPostProcessor.java:768)
	at org.springframework.beans.factory.annotation.InjectionMetadata.inject(InjectionMetadata.java:145)
	at org.springframework.beans.factory.annotation.AutowiredAnnotationBeanPostProcessor.postProcessProperties(AutowiredAnnotationBeanPostProcessor.java:509)
	at org.springframework.beans.factory.support.AbstractAutowireCapableBeanFactory.populateBean(AbstractAutowireCapableBeanFactory.java:1439)
	at org.springframework.beans.factory.support.AbstractAutowireCapableBeanFactory.doCreateBean(AbstractAutowireCapableBeanFactory.java:599)
	at org.springframework.beans.factory.support.AbstractAutowireCapableBeanFactory.createBean(AbstractAutowireCapableBeanFactory.java:522)
	at org.springframework.beans.factory.support.AbstractBeanFactory.lambda$doGetBean$0(AbstractBeanFactory.java:337)
	at org.springframework.beans.factory.support.DefaultSingletonBeanRegistry.getSingleton(DefaultSingletonBeanRegistry.java:234)
	at org.springframework.beans.factory.support.AbstractBeanFactory.doGetBean(AbstractBeanFactory.java:335)
	at org.springframework.beans.factory.support.AbstractBeanFactory.getBean(AbstractBeanFactory.java:200)
	at org.springframework.beans.factory.config.DependencyDescriptor.resolveCandidate(DependencyDescriptor.java:254)
	at org.springframework.beans.factory.support.DefaultListableBeanFactory.doResolveDependency(DefaultListableBeanFactory.java:1443)
	at org.springframework.beans.factory.support.DefaultListableBeanFactory.resolveDependency(DefaultListableBeanFactory.java:1353)
	at org.springframework.beans.factory.annotation.AutowiredAnnotationBeanPostProcessor$AutowiredFieldElement.resolveFieldValue(AutowiredAnnotationBeanPostProcessor.java:785)
	... 34 common frames omitted
Caused by: org.springframework.beans.factory.UnsatisfiedDependencyException: Error creating bean with name 'saleProductService': Unsatisfied dependency expressed through field 'orderProductRepo': Error creating bean with name 'orderProductRepo' defined in com.podocare.PodoCareWebsite.repo.OrderProductRepo defined in @EnableJpaRepositories declared on JpaRepositoriesRegistrar.EnableJpaRepositoriesConfiguration: Could not create query for public abstract boolean com.podocare.PodoCareWebsite.repo.OrderProductRepo.hasEquipmentProductReference(java.lang.Long); Reason: Validation failed for query for method public abstract boolean com.podocare.PodoCareWebsite.repo.OrderProductRepo.hasEquipmentProductReference(java.lang.Long)
	at org.springframework.beans.factory.annotation.AutowiredAnnotationBeanPostProcessor$AutowiredFieldElement.resolveFieldValue(AutowiredAnnotationBeanPostProcessor.java:788)
	at org.springframework.beans.factory.annotation.AutowiredAnnotationBeanPostProcessor$AutowiredFieldElement.inject(AutowiredAnnotationBeanPostProcessor.java:768)
	at org.springframework.beans.factory.annotation.InjectionMetadata.inject(InjectionMetadata.java:145)
	at org.springframework.beans.factory.annotation.AutowiredAnnotationBeanPostProcessor.postProcessProperties(AutowiredAnnotationBeanPostProcessor.java:509)
	at org.springframework.beans.factory.support.AbstractAutowireCapableBeanFactory.populateBean(AbstractAutowireCapableBeanFactory.java:1439)
	at org.springframework.beans.factory.support.AbstractAutowireCapableBeanFactory.doCreateBean(AbstractAutowireCapableBeanFactory.java:599)
	at org.springframework.beans.factory.support.AbstractAutowireCapableBeanFactory.createBean(AbstractAutowireCapableBeanFactory.java:522)
	at org.springframework.beans.factory.support.AbstractBeanFactory.lambda$doGetBean$0(AbstractBeanFactory.java:337)
	at org.springframework.beans.factory.support.DefaultSingletonBeanRegistry.getSingleton(DefaultSingletonBeanRegistry.java:234)
	at org.springframework.beans.factory.support.AbstractBeanFactory.doGetBean(AbstractBeanFactory.java:335)
	at org.springframework.beans.factory.support.AbstractBeanFactory.getBean(AbstractBeanFactory.java:200)
	at org.springframework.beans.factory.config.DependencyDescriptor.resolveCandidate(DependencyDescriptor.java:254)
	at org.springframework.beans.factory.support.DefaultListableBeanFactory.doResolveDependency(DefaultListableBeanFactory.java:1443)
	at org.springframework.beans.factory.support.DefaultListableBeanFactory.resolveDependency(DefaultListableBeanFactory.java:1353)
	at org.springframework.beans.factory.annotation.AutowiredAnnotationBeanPostProcessor$AutowiredFieldElement.resolveFieldValue(AutowiredAnnotationBeanPostProcessor.java:785)
	... 48 common frames omitted
Caused by: org.springframework.beans.factory.BeanCreationException: Error creating bean with name 'orderProductRepo' defined in com.podocare.PodoCareWebsite.repo.OrderProductRepo defined in @EnableJpaRepositories declared on JpaRepositoriesRegistrar.EnableJpaRepositoriesConfiguration: Could not create query for public abstract boolean com.podocare.PodoCareWebsite.repo.OrderProductRepo.hasEquipmentProductReference(java.lang.Long); Reason: Validation failed for query for method public abstract boolean com.podocare.PodoCareWebsite.repo.OrderProductRepo.hasEquipmentProductReference(java.lang.Long)
	at org.springframework.beans.factory.support.AbstractAutowireCapableBeanFactory.initializeBean(AbstractAutowireCapableBeanFactory.java:1806)
	at org.springframework.beans.factory.support.AbstractAutowireCapableBeanFactory.doCreateBean(AbstractAutowireCapableBeanFactory.java:600)
	at org.springframework.beans.factory.support.AbstractAutowireCapableBeanFactory.createBean(AbstractAutowireCapableBeanFactory.java:522)
	at org.springframework.beans.factory.support.AbstractBeanFactory.lambda$doGetBean$0(AbstractBeanFactory.java:337)
	at org.springframework.beans.factory.support.DefaultSingletonBeanRegistry.getSingleton(DefaultSingletonBeanRegistry.java:234)
	at org.springframework.beans.factory.support.AbstractBeanFactory.doGetBean(AbstractBeanFactory.java:335)
	at org.springframework.beans.factory.support.AbstractBeanFactory.getBean(AbstractBeanFactory.java:200)
	at org.springframework.beans.factory.config.DependencyDescriptor.resolveCandidate(DependencyDescriptor.java:254)
	at org.springframework.beans.factory.support.DefaultListableBeanFactory.doResolveDependency(DefaultListableBeanFactory.java:1443)
	at org.springframework.beans.factory.support.DefaultListableBeanFactory.resolveDependency(DefaultListableBeanFactory.java:1353)
	at org.springframework.beans.factory.annotation.AutowiredAnnotationBeanPostProcessor$AutowiredFieldElement.resolveFieldValue(AutowiredAnnotationBeanPostProcessor.java:785)
	... 62 common frames omitted
Caused by: org.springframework.data.repository.query.QueryCreationException: Could not create query for public abstract boolean com.podocare.PodoCareWebsite.repo.OrderProductRepo.hasEquipmentProductReference(java.lang.Long); Reason: Validation failed for query for method public abstract boolean com.podocare.PodoCareWebsite.repo.OrderProductRepo.hasEquipmentProductReference(java.lang.Long)
	at org.springframework.data.repository.query.QueryCreationException.create(QueryCreationException.java:101)
	at org.springframework.data.repository.core.support.QueryExecutorMethodInterceptor.lookupQuery(QueryExecutorMethodInterceptor.java:119)
	at org.springframework.data.repository.core.support.QueryExecutorMethodInterceptor.mapMethodsToQuery(QueryExecutorMethodInterceptor.java:103)
	at org.springframework.data.repository.core.support.QueryExecutorMethodInterceptor.lambda$new$0(QueryExecutorMethodInterceptor.java:92)
	at java.base/java.util.Optional.map(Optional.java:260)
	at org.springframework.data.repository.core.support.QueryExecutorMethodInterceptor.<init>(QueryExecutorMethodInterceptor.java:92)
	at org.springframework.data.repository.core.support.RepositoryFactorySupport.getRepository(RepositoryFactorySupport.java:357)
	at org.springframework.data.repository.core.support.RepositoryFactoryBeanSupport.lambda$afterPropertiesSet$5(RepositoryFactoryBeanSupport.java:286)
	at org.springframework.data.util.Lazy.getNullable(Lazy.java:135)
	at org.springframework.data.util.Lazy.get(Lazy.java:113)
	at org.springframework.data.repository.core.support.RepositoryFactoryBeanSupport.afterPropertiesSet(RepositoryFactoryBeanSupport.java:292)
	at org.springframework.data.jpa.repository.support.JpaRepositoryFactoryBean.afterPropertiesSet(JpaRepositoryFactoryBean.java:132)
	at org.springframework.beans.factory.support.AbstractAutowireCapableBeanFactory.invokeInitMethods(AbstractAutowireCapableBeanFactory.java:1853)
	at org.springframework.beans.factory.support.AbstractAutowireCapableBeanFactory.initializeBean(AbstractAutowireCapableBeanFactory.java:1802)
	... 72 common frames omitted
Caused by: java.lang.IllegalArgumentException: Validation failed for query for method public abstract boolean com.podocare.PodoCareWebsite.repo.OrderProductRepo.hasEquipmentProductReference(java.lang.Long)
	at org.springframework.data.jpa.repository.query.SimpleJpaQuery.validateQuery(SimpleJpaQuery.java:100)
	at org.springframework.data.jpa.repository.query.SimpleJpaQuery.<init>(SimpleJpaQuery.java:70)
	at org.springframework.data.jpa.repository.query.JpaQueryFactory.fromMethodWithQueryString(JpaQueryFactory.java:60)
	at org.springframework.data.jpa.repository.query.JpaQueryLookupStrategy$DeclaredQueryLookupStrategy.resolveQuery(JpaQueryLookupStrategy.java:170)
	at org.springframework.data.jpa.repository.query.JpaQueryLookupStrategy$CreateIfNotFoundQueryLookupStrategy.resolveQuery(JpaQueryLookupStrategy.java:252)
	at org.springframework.data.jpa.repository.query.JpaQueryLookupStrategy$AbstractQueryLookupStrategy.resolveQuery(JpaQueryLookupStrategy.java:95)
	at org.springframework.data.repository.core.support.QueryExecutorMethodInterceptor.lookupQuery(QueryExecutorMethodInterceptor.java:115)
	... 84 common frames omitted
Caused by: java.lang.IllegalArgumentException: org.hibernate.query.sqm.UnknownPathException: Could not resolve attribute 'equipmentProduct' of 'com.podocare.PodoCareWebsite.model.OrderProduct' [SELECT COUNT(op) > 0 FROM OrderProduct op WHERE op.equipmentProduct.id = :equipmentProductId]
	at org.hibernate.internal.ExceptionConverterImpl.convert(ExceptionConverterImpl.java:143)
	at org.hibernate.internal.ExceptionConverterImpl.convert(ExceptionConverterImpl.java:167)
	at org.hibernate.internal.ExceptionConverterImpl.convert(ExceptionConverterImpl.java:173)
	at org.hibernate.internal.AbstractSharedSessionContract.createQuery(AbstractSharedSessionContract.java:860)
	at org.hibernate.internal.AbstractSharedSessionContract.createQuery(AbstractSharedSessionContract.java:765)
	at org.hibernate.internal.AbstractSharedSessionContract.createQuery(AbstractSharedSessionContract.java:140)
	at java.base/jdk.internal.reflect.DirectMethodHandleAccessor.invoke(DirectMethodHandleAccessor.java:103)
	at java.base/java.lang.reflect.Method.invoke(Method.java:580)
	at org.springframework.orm.jpa.ExtendedEntityManagerCreator$ExtendedEntityManagerInvocationHandler.invoke(ExtendedEntityManagerCreator.java:364)
	at jdk.proxy2/jdk.proxy2.$Proxy135.createQuery(Unknown Source)
	at org.springframework.data.jpa.repository.query.SimpleJpaQuery.validateQuery(SimpleJpaQuery.java:94)
	... 90 common frames omitted
Caused by: org.hibernate.query.sqm.UnknownPathException: Could not resolve attribute 'equipmentProduct' of 'com.podocare.PodoCareWebsite.model.OrderProduct' [SELECT COUNT(op) > 0 FROM OrderProduct op WHERE op.equipmentProduct.id = :equipmentProductId]
	at org.hibernate.query.hql.internal.StandardHqlTranslator.translate(StandardHqlTranslator.java:88)
	at org.hibernate.query.internal.QueryInterpretationCacheStandardImpl.createHqlInterpretation(QueryInterpretationCacheStandardImpl.java:145)
	at org.hibernate.query.internal.QueryInterpretationCacheStandardImpl.resolveHqlInterpretation(QueryInterpretationCacheStandardImpl.java:132)
	at org.hibernate.internal.AbstractSharedSessionContract.interpretHql(AbstractSharedSessionContract.java:802)
	at org.hibernate.internal.AbstractSharedSessionContract.createQuery(AbstractSharedSessionContract.java:852)
	... 97 common frames omitted
Caused by: org.hibernate.query.sqm.PathElementException: Could not resolve attribute 'equipmentProduct' of 'com.podocare.PodoCareWebsite.model.OrderProduct'
	at org.hibernate.query.sqm.SqmPathSource.getSubPathSource(SqmPathSource.java:95)
	at org.hibernate.query.sqm.tree.domain.AbstractSqmPath.get(AbstractSqmPath.java:196)
	at org.hibernate.query.sqm.tree.domain.AbstractSqmFrom.resolvePathPart(AbstractSqmFrom.java:198)
	at org.hibernate.query.hql.internal.DomainPathPart.resolvePathPart(DomainPathPart.java:42)
	at org.hibernate.query.hql.internal.BasicDotIdentifierConsumer.consumeIdentifier(BasicDotIdentifierConsumer.java:92)
	at org.hibernate.query.hql.internal.SemanticQueryBuilder.visitSimplePath(SemanticQueryBuilder.java:5269)
	at org.hibernate.query.hql.internal.SemanticQueryBuilder.visitIndexedPathAccessFragment(SemanticQueryBuilder.java:5218)
	at org.hibernate.query.hql.internal.SemanticQueryBuilder.visitGeneralPathFragment(SemanticQueryBuilder.java:5193)
	at org.hibernate.query.hql.internal.SemanticQueryBuilder.visitGeneralPathExpression(SemanticQueryBuilder.java:1886)
	at org.hibernate.grammars.hql.HqlParser$GeneralPathExpressionContext.accept(HqlParser.java:7967)
	at org.antlr.v4.runtime.tree.AbstractParseTreeVisitor.visitChildren(AbstractParseTreeVisitor.java:46)
	at org.hibernate.grammars.hql.HqlParserBaseVisitor.visitBarePrimaryExpression(HqlParserBaseVisitor.java:777)
	at org.hibernate.grammars.hql.HqlParser$BarePrimaryExpressionContext.accept(HqlParser.java:7425)
	at org.hibernate.query.hql.internal.SemanticQueryBuilder.createComparisonPredicate(SemanticQueryBuilder.java:2543)
	at org.hibernate.query.hql.internal.SemanticQueryBuilder.visitComparisonPredicate(SemanticQueryBuilder.java:2504)
	at org.hibernate.query.hql.internal.SemanticQueryBuilder.visitComparisonPredicate(SemanticQueryBuilder.java:275)
	at org.hibernate.grammars.hql.HqlParser$ComparisonPredicateContext.accept(HqlParser.java:6432)
	at org.hibernate.query.hql.internal.SemanticQueryBuilder.visitWhereClause(SemanticQueryBuilder.java:2356)
	at org.hibernate.query.hql.internal.SemanticQueryBuilder.visitWhereClause(SemanticQueryBuilder.java:275)
	at org.hibernate.grammars.hql.HqlParser$WhereClauseContext.accept(HqlParser.java:6173)
	at org.hibernate.query.hql.internal.SemanticQueryBuilder.visitQuery(SemanticQueryBuilder.java:1254)
	at org.hibernate.query.hql.internal.SemanticQueryBuilder.visitQuerySpecExpression(SemanticQueryBuilder.java:1035)
	at org.hibernate.query.hql.internal.SemanticQueryBuilder.visitQuerySpecExpression(SemanticQueryBuilder.java:275)
	at org.hibernate.grammars.hql.HqlParser$QuerySpecExpressionContext.accept(HqlParser.java:2132)
	at org.hibernate.query.hql.internal.SemanticQueryBuilder.visitSimpleQueryGroup(SemanticQueryBuilder.java:1020)
	at org.hibernate.query.hql.internal.SemanticQueryBuilder.visitSimpleQueryGroup(SemanticQueryBuilder.java:275)
	at org.hibernate.grammars.hql.HqlParser$SimpleQueryGroupContext.accept(HqlParser.java:2003)
	at org.hibernate.query.hql.internal.SemanticQueryBuilder.visitSelectStatement(SemanticQueryBuilder.java:490)
	at org.hibernate.query.hql.internal.SemanticQueryBuilder.visitStatement(SemanticQueryBuilder.java:449)
	at org.hibernate.query.hql.internal.SemanticQueryBuilder.buildSemanticModel(SemanticQueryBuilder.java:322)
	at org.hibernate.query.hql.internal.StandardHqlTranslator.translate(StandardHqlTranslator.java:71)
	... 101 common frames omitted
2025-04-10 11:42:16 INFO  - Starting PodoCareWebsiteApplication using Java 21.0.2 with PID 17872 (C:\Users\Wojtek\Desktop\nowy projekt\PodoCarePRO\be\PodoCareWebsite\target\classes started by Wojtek in C:\Users\Wojtek\Desktop\nowy projekt\PodoCarePRO\be)
2025-04-10 11:42:16 INFO  - No active profile set, falling back to 1 default profile: "default"
2025-04-10 11:42:17 INFO  - Bootstrapping Spring Data JPA repositories in DEFAULT mode.
2025-04-10 11:42:17 INFO  - Finished Spring Data repository scanning in 79 ms. Found 10 JPA repository interfaces.
2025-04-10 11:42:17 INFO  - Tomcat initialized with port 8080 (http)
2025-04-10 11:42:17 INFO  - Initializing ProtocolHandler ["http-nio-8080"]
2025-04-10 11:42:17 INFO  - Starting service [Tomcat]
2025-04-10 11:42:17 INFO  - Starting Servlet engine: [Apache Tomcat/10.1.30]
2025-04-10 11:42:17 INFO  - Initializing Spring embedded WebApplicationContext
2025-04-10 11:42:17 INFO  - Root WebApplicationContext: initialization completed in 1108 ms
2025-04-10 11:42:17 INFO  - HikariPool-1 - Starting...
2025-04-10 11:42:17 INFO  - HikariPool-1 - Added connection org.postgresql.jdbc.PgConnection@477021ee
2025-04-10 11:42:17 INFO  - HikariPool-1 - Start completed.
2025-04-10 11:42:17 INFO  - Set default schema name to public
2025-04-10 11:42:18 INFO  - Reading from public.databasechangelog
2025-04-10 11:42:18 INFO  - Reading from public.databasechangelog
2025-04-10 11:42:18 INFO  - UPDATE SUMMARY
2025-04-10 11:42:18 INFO  - Run:                          0
2025-04-10 11:42:18 INFO  - Previously run:               4
2025-04-10 11:42:18 INFO  - Filtered out:                 0
2025-04-10 11:42:18 INFO  - -------------------------------
2025-04-10 11:42:18 INFO  - Total change sets:            4

2025-04-10 11:42:18 INFO  - Update summary generated
2025-04-10 11:42:18 INFO  - Successfully released change log lock
2025-04-10 11:42:18 INFO  - Command execution complete
2025-04-10 11:42:18 INFO  - HHH000204: Processing PersistenceUnitInfo [name: default]
2025-04-10 11:42:18 INFO  - HHH000412: Hibernate ORM core version 6.5.3.Final
2025-04-10 11:42:18 INFO  - HHH000026: Second-level cache disabled
2025-04-10 11:42:18 INFO  - No LoadTimeWeaver setup: ignoring JPA class transformer
2025-04-10 11:42:18 WARN  - HHH90000025: PostgreSQLDialect does not need to be specified explicitly using 'hibernate.dialect' (remove the property setting and it will be selected by default)
2025-04-10 11:42:19 INFO  - HHH000489: No JTA platform available (set 'hibernate.transaction.jta.platform' to enable JTA platform integration)
2025-04-10 11:42:19 INFO  - Initialized JPA EntityManagerFactory for persistence unit 'default'
2025-04-10 11:42:19 INFO  - Hibernate is in classpath; If applicable, HQL parser will be used.
2025-04-10 11:42:21 WARN  - spring.jpa.open-in-view is enabled by default. Therefore, database queries may be performed during view rendering. Explicitly configure spring.jpa.open-in-view to disable this warning
2025-04-10 11:42:21 INFO  - Starting ProtocolHandler ["http-nio-8080"]
2025-04-10 11:42:21 INFO  - Tomcat started on port 8080 (http) with context path '/'
2025-04-10 11:42:21 INFO  - Started PodoCareWebsiteApplication in 5.557 seconds (process running for 6.052)
2025-04-10 11:43:34 INFO  - Closing JPA EntityManagerFactory for persistence unit 'default'
2025-04-10 11:43:34 INFO  - HikariPool-1 - Shutdown initiated...
2025-04-10 11:43:34 INFO  - HikariPool-1 - Shutdown completed.
2025-04-10 11:43:38 INFO  - Starting PodoCareWebsiteApplication using Java 21.0.2 with PID 9736 (C:\Users\Wojtek\Desktop\nowy projekt\PodoCarePRO\be\PodoCareWebsite\target\classes started by Wojtek in C:\Users\Wojtek\Desktop\nowy projekt\PodoCarePRO\be)
2025-04-10 11:43:38 INFO  - No active profile set, falling back to 1 default profile: "default"
2025-04-10 11:43:38 INFO  - Bootstrapping Spring Data JPA repositories in DEFAULT mode.
2025-04-10 11:43:39 INFO  - Finished Spring Data repository scanning in 84 ms. Found 10 JPA repository interfaces.
2025-04-10 11:43:39 INFO  - Tomcat initialized with port 8080 (http)
2025-04-10 11:43:39 INFO  - Initializing ProtocolHandler ["http-nio-8080"]
2025-04-10 11:43:39 INFO  - Starting service [Tomcat]
2025-04-10 11:43:39 INFO  - Starting Servlet engine: [Apache Tomcat/10.1.30]
2025-04-10 11:43:39 INFO  - Initializing Spring embedded WebApplicationContext
2025-04-10 11:43:39 INFO  - Root WebApplicationContext: initialization completed in 1116 ms
2025-04-10 11:43:39 INFO  - HikariPool-1 - Starting...
2025-04-10 11:43:39 INFO  - HikariPool-1 - Added connection org.postgresql.jdbc.PgConnection@477021ee
2025-04-10 11:43:39 INFO  - HikariPool-1 - Start completed.
2025-04-10 11:43:39 INFO  - Set default schema name to public
2025-04-10 11:43:40 INFO  - Reading from public.databasechangelog
2025-04-10 11:43:40 INFO  - Reading from public.databasechangelog
2025-04-10 11:43:40 INFO  - UPDATE SUMMARY
2025-04-10 11:43:40 INFO  - Run:                          0
2025-04-10 11:43:40 INFO  - Previously run:               4
2025-04-10 11:43:40 INFO  - Filtered out:                 0
2025-04-10 11:43:40 INFO  - -------------------------------
2025-04-10 11:43:40 INFO  - Total change sets:            4

2025-04-10 11:43:40 INFO  - Update summary generated
2025-04-10 11:43:40 INFO  - Successfully released change log lock
2025-04-10 11:43:40 INFO  - Command execution complete
2025-04-10 11:43:40 INFO  - HHH000204: Processing PersistenceUnitInfo [name: default]
2025-04-10 11:43:40 INFO  - HHH000412: Hibernate ORM core version 6.5.3.Final
2025-04-10 11:43:40 INFO  - HHH000026: Second-level cache disabled
2025-04-10 11:43:40 INFO  - No LoadTimeWeaver setup: ignoring JPA class transformer
2025-04-10 11:43:40 WARN  - HHH90000025: PostgreSQLDialect does not need to be specified explicitly using 'hibernate.dialect' (remove the property setting and it will be selected by default)
2025-04-10 11:43:41 INFO  - HHH000489: No JTA platform available (set 'hibernate.transaction.jta.platform' to enable JTA platform integration)
2025-04-10 11:43:41 INFO  - Initialized JPA EntityManagerFactory for persistence unit 'default'
2025-04-10 11:43:41 INFO  - Hibernate is in classpath; If applicable, HQL parser will be used.
2025-04-10 11:43:43 WARN  - spring.jpa.open-in-view is enabled by default. Therefore, database queries may be performed during view rendering. Explicitly configure spring.jpa.open-in-view to disable this warning
2025-04-10 11:43:43 INFO  - Starting ProtocolHandler ["http-nio-8080"]
2025-04-10 11:43:43 INFO  - Tomcat started on port 8080 (http) with context path '/'
2025-04-10 11:43:43 INFO  - Started PodoCareWebsiteApplication in 5.744 seconds (process running for 6.229)
2025-04-10 11:43:51 INFO  - Initializing Spring DispatcherServlet 'dispatcherServlet'
2025-04-10 11:43:51 INFO  - Initializing Servlet 'dispatcherServlet'
2025-04-10 11:43:51 INFO  - Completed initialization in 1 ms
2025-04-10 11:53:00 INFO  - Closing JPA EntityManagerFactory for persistence unit 'default'
2025-04-10 11:53:00 INFO  - HikariPool-1 - Shutdown initiated...
2025-04-10 11:53:00 INFO  - HikariPool-1 - Shutdown completed.
2025-04-10 11:53:04 INFO  - Starting PodoCareWebsiteApplication using Java 21.0.2 with PID 11004 (C:\Users\Wojtek\Desktop\nowy projekt\PodoCarePRO\be\PodoCareWebsite\target\classes started by Wojtek in C:\Users\Wojtek\Desktop\nowy projekt\PodoCarePRO\be)
2025-04-10 11:53:04 INFO  - No active profile set, falling back to 1 default profile: "default"
2025-04-10 11:53:04 INFO  - Bootstrapping Spring Data JPA repositories in DEFAULT mode.
2025-04-10 11:53:05 INFO  - Finished Spring Data repository scanning in 86 ms. Found 10 JPA repository interfaces.
2025-04-10 11:53:05 INFO  - Tomcat initialized with port 8080 (http)
2025-04-10 11:53:05 INFO  - Initializing ProtocolHandler ["http-nio-8080"]
2025-04-10 11:53:05 INFO  - Starting service [Tomcat]
2025-04-10 11:53:05 INFO  - Starting Servlet engine: [Apache Tomcat/10.1.30]
2025-04-10 11:53:05 INFO  - Initializing Spring embedded WebApplicationContext
2025-04-10 11:53:05 INFO  - Root WebApplicationContext: initialization completed in 1251 ms
2025-04-10 11:53:05 INFO  - HikariPool-1 - Starting...
2025-04-10 11:53:05 INFO  - HikariPool-1 - Added connection org.postgresql.jdbc.PgConnection@2de6f1bc
2025-04-10 11:53:05 INFO  - HikariPool-1 - Start completed.
2025-04-10 11:53:05 INFO  - Set default schema name to public
2025-04-10 11:53:06 INFO  - Reading from public.databasechangelog
2025-04-10 11:53:06 INFO  - Reading from public.databasechangelog
2025-04-10 11:53:06 INFO  - UPDATE SUMMARY
2025-04-10 11:53:06 INFO  - Run:                          0
2025-04-10 11:53:06 INFO  - Previously run:               4
2025-04-10 11:53:06 INFO  - Filtered out:                 0
2025-04-10 11:53:06 INFO  - -------------------------------
2025-04-10 11:53:06 INFO  - Total change sets:            4

2025-04-10 11:53:06 INFO  - Update summary generated
2025-04-10 11:53:06 INFO  - Successfully released change log lock
2025-04-10 11:53:06 INFO  - Command execution complete
2025-04-10 11:53:06 INFO  - HHH000204: Processing PersistenceUnitInfo [name: default]
2025-04-10 11:53:06 INFO  - HHH000412: Hibernate ORM core version 6.5.3.Final
2025-04-10 11:53:06 INFO  - HHH000026: Second-level cache disabled
2025-04-10 11:53:06 INFO  - No LoadTimeWeaver setup: ignoring JPA class transformer
2025-04-10 11:53:06 WARN  - HHH90000025: PostgreSQLDialect does not need to be specified explicitly using 'hibernate.dialect' (remove the property setting and it will be selected by default)
2025-04-10 11:53:07 INFO  - HHH000489: No JTA platform available (set 'hibernate.transaction.jta.platform' to enable JTA platform integration)
2025-04-10 11:53:07 INFO  - Initialized JPA EntityManagerFactory for persistence unit 'default'
2025-04-10 11:53:07 INFO  - Hibernate is in classpath; If applicable, HQL parser will be used.
2025-04-10 11:53:09 WARN  - spring.jpa.open-in-view is enabled by default. Therefore, database queries may be performed during view rendering. Explicitly configure spring.jpa.open-in-view to disable this warning
2025-04-10 11:53:09 INFO  - Starting ProtocolHandler ["http-nio-8080"]
2025-04-10 11:53:09 INFO  - Tomcat started on port 8080 (http) with context path '/'
2025-04-10 11:53:09 INFO  - Started PodoCareWebsiteApplication in 5.881 seconds (process running for 6.412)
2025-04-10 11:53:24 INFO  - Initializing Spring DispatcherServlet 'dispatcherServlet'
2025-04-10 11:53:24 INFO  - Initializing Servlet 'dispatcherServlet'
2025-04-10 11:53:24 INFO  - Completed initialization in 1 ms
2025-04-10 11:56:37 INFO  - Closing JPA EntityManagerFactory for persistence unit 'default'
2025-04-10 11:56:37 INFO  - HikariPool-1 - Shutdown initiated...
2025-04-10 11:56:37 INFO  - HikariPool-1 - Shutdown completed.
2025-04-10 11:56:41 INFO  - Starting PodoCareWebsiteApplication using Java 21.0.2 with PID 9684 (C:\Users\Wojtek\Desktop\nowy projekt\PodoCarePRO\be\PodoCareWebsite\target\classes started by Wojtek in C:\Users\Wojtek\Desktop\nowy projekt\PodoCarePRO\be)
2025-04-10 11:56:41 INFO  - No active profile set, falling back to 1 default profile: "default"
2025-04-10 11:56:41 INFO  - Bootstrapping Spring Data JPA repositories in DEFAULT mode.
2025-04-10 11:56:42 INFO  - Finished Spring Data repository scanning in 114 ms. Found 10 JPA repository interfaces.
2025-04-10 11:56:42 INFO  - Tomcat initialized with port 8080 (http)
2025-04-10 11:56:42 INFO  - Initializing ProtocolHandler ["http-nio-8080"]
2025-04-10 11:56:42 INFO  - Starting service [Tomcat]
2025-04-10 11:56:42 INFO  - Starting Servlet engine: [Apache Tomcat/10.1.30]
2025-04-10 11:56:42 INFO  - Initializing Spring embedded WebApplicationContext
2025-04-10 11:56:42 INFO  - Root WebApplicationContext: initialization completed in 1303 ms
2025-04-10 11:56:42 INFO  - HikariPool-1 - Starting...
2025-04-10 11:56:42 INFO  - HikariPool-1 - Added connection org.postgresql.jdbc.PgConnection@11f23038
2025-04-10 11:56:42 INFO  - HikariPool-1 - Start completed.
2025-04-10 11:56:43 INFO  - Set default schema name to public
2025-04-10 11:56:43 INFO  - Reading from public.databasechangelog
2025-04-10 11:56:43 INFO  - Reading from public.databasechangelog
2025-04-10 11:56:43 INFO  - UPDATE SUMMARY
2025-04-10 11:56:43 INFO  - Run:                          0
2025-04-10 11:56:43 INFO  - Previously run:               4
2025-04-10 11:56:43 INFO  - Filtered out:                 0
2025-04-10 11:56:43 INFO  - -------------------------------
2025-04-10 11:56:43 INFO  - Total change sets:            4

2025-04-10 11:56:43 INFO  - Update summary generated
2025-04-10 11:56:43 INFO  - Successfully released change log lock
2025-04-10 11:56:43 INFO  - Command execution complete
2025-04-10 11:56:43 INFO  - HHH000204: Processing PersistenceUnitInfo [name: default]
2025-04-10 11:56:43 INFO  - HHH000412: Hibernate ORM core version 6.5.3.Final
2025-04-10 11:56:43 INFO  - HHH000026: Second-level cache disabled
2025-04-10 11:56:43 INFO  - No LoadTimeWeaver setup: ignoring JPA class transformer
2025-04-10 11:56:44 WARN  - HHH90000025: PostgreSQLDialect does not need to be specified explicitly using 'hibernate.dialect' (remove the property setting and it will be selected by default)
2025-04-10 11:56:44 INFO  - HHH000489: No JTA platform available (set 'hibernate.transaction.jta.platform' to enable JTA platform integration)
2025-04-10 11:56:44 INFO  - Initialized JPA EntityManagerFactory for persistence unit 'default'
2025-04-10 11:56:45 INFO  - Hibernate is in classpath; If applicable, HQL parser will be used.
2025-04-10 11:56:46 WARN  - spring.jpa.open-in-view is enabled by default. Therefore, database queries may be performed during view rendering. Explicitly configure spring.jpa.open-in-view to disable this warning
2025-04-10 11:56:47 INFO  - Starting ProtocolHandler ["http-nio-8080"]
2025-04-10 11:56:47 INFO  - Tomcat started on port 8080 (http) with context path '/'
2025-04-10 11:56:47 INFO  - Started PodoCareWebsiteApplication in 6.272 seconds (process running for 6.912)
2025-04-10 11:56:53 INFO  - Initializing Spring DispatcherServlet 'dispatcherServlet'
2025-04-10 11:56:53 INFO  - Initializing Servlet 'dispatcherServlet'
2025-04-10 11:56:53 INFO  - Completed initialization in 1 ms
2025-04-10 11:58:45 WARN  - HikariPool-1 - Thread starvation or clock leap detected (housekeeper delta=56s683ms479µs900ns).
2025-04-10 12:00:03 WARN  - HikariPool-1 - Thread starvation or clock leap detected (housekeeper delta=1m18s469ms123µs300ns).
2025-04-10 12:01:57 WARN  - HikariPool-1 - Thread starvation or clock leap detected (housekeeper delta=1m14s985ms773µs700ns).
2025-04-10 12:03:02 WARN  - HikariPool-1 - Thread starvation or clock leap detected (housekeeper delta=1m4s813ms830µs800ns).
2025-04-10 12:03:20 INFO  - Closing JPA EntityManagerFactory for persistence unit 'default'
2025-04-10 12:03:20 INFO  - HikariPool-1 - Shutdown initiated...
2025-04-10 12:03:20 INFO  - HikariPool-1 - Shutdown completed.
2025-04-10 12:03:23 INFO  - Starting PodoCareWebsiteApplication using Java 21.0.2 with PID 11576 (C:\Users\Wojtek\Desktop\nowy projekt\PodoCarePRO\be\PodoCareWebsite\target\classes started by Wojtek in C:\Users\Wojtek\Desktop\nowy projekt\PodoCarePRO\be)
2025-04-10 12:03:23 INFO  - No active profile set, falling back to 1 default profile: "default"
2025-04-10 12:03:24 INFO  - Bootstrapping Spring Data JPA repositories in DEFAULT mode.
2025-04-10 12:03:24 INFO  - Finished Spring Data repository scanning in 90 ms. Found 10 JPA repository interfaces.
2025-04-10 12:03:24 INFO  - Tomcat initialized with port 8080 (http)
2025-04-10 12:03:24 INFO  - Initializing ProtocolHandler ["http-nio-8080"]
2025-04-10 12:03:25 INFO  - Starting service [Tomcat]
2025-04-10 12:03:25 INFO  - Starting Servlet engine: [Apache Tomcat/10.1.30]
2025-04-10 12:03:25 INFO  - Initializing Spring embedded WebApplicationContext
2025-04-10 12:03:25 INFO  - Root WebApplicationContext: initialization completed in 1244 ms
2025-04-10 12:03:25 INFO  - HikariPool-1 - Starting...
2025-04-10 12:03:25 INFO  - HikariPool-1 - Added connection org.postgresql.jdbc.PgConnection@34136bd1
2025-04-10 12:03:25 INFO  - HikariPool-1 - Start completed.
2025-04-10 12:03:25 INFO  - Set default schema name to public
2025-04-10 12:03:26 INFO  - Reading from public.databasechangelog
2025-04-10 12:03:26 INFO  - Reading from public.databasechangelog
2025-04-10 12:03:26 INFO  - UPDATE SUMMARY
2025-04-10 12:03:26 INFO  - Run:                          0
2025-04-10 12:03:26 INFO  - Previously run:               4
2025-04-10 12:03:26 INFO  - Filtered out:                 0
2025-04-10 12:03:26 INFO  - -------------------------------
2025-04-10 12:03:26 INFO  - Total change sets:            4

2025-04-10 12:03:26 INFO  - Update summary generated
2025-04-10 12:03:26 INFO  - Successfully released change log lock
2025-04-10 12:03:26 INFO  - Command execution complete
2025-04-10 12:03:26 INFO  - HHH000204: Processing PersistenceUnitInfo [name: default]
2025-04-10 12:03:26 INFO  - HHH000412: Hibernate ORM core version 6.5.3.Final
2025-04-10 12:03:26 INFO  - HHH000026: Second-level cache disabled
2025-04-10 12:03:26 INFO  - No LoadTimeWeaver setup: ignoring JPA class transformer
2025-04-10 12:03:26 WARN  - HHH90000025: PostgreSQLDialect does not need to be specified explicitly using 'hibernate.dialect' (remove the property setting and it will be selected by default)
2025-04-10 12:03:27 INFO  - HHH000489: No JTA platform available (set 'hibernate.transaction.jta.platform' to enable JTA platform integration)
2025-04-10 12:03:27 INFO  - Initialized JPA EntityManagerFactory for persistence unit 'default'
2025-04-10 12:03:27 INFO  - Hibernate is in classpath; If applicable, HQL parser will be used.
2025-04-10 12:03:29 WARN  - spring.jpa.open-in-view is enabled by default. Therefore, database queries may be performed during view rendering. Explicitly configure spring.jpa.open-in-view to disable this warning
2025-04-10 12:03:29 INFO  - Starting ProtocolHandler ["http-nio-8080"]
2025-04-10 12:03:29 INFO  - Tomcat started on port 8080 (http) with context path '/'
2025-04-10 12:03:29 INFO  - Started PodoCareWebsiteApplication in 6.519 seconds (process running for 7.096)
2025-04-10 12:03:48 INFO  - Closing JPA EntityManagerFactory for persistence unit 'default'
2025-04-10 12:03:48 INFO  - HikariPool-1 - Shutdown initiated...
2025-04-10 12:03:48 INFO  - HikariPool-1 - Shutdown completed.
2025-04-10 12:03:51 INFO  - Starting PodoCareWebsiteApplication using Java 21.0.2 with PID 8448 (C:\Users\Wojtek\Desktop\nowy projekt\PodoCarePRO\be\PodoCareWebsite\target\classes started by Wojtek in C:\Users\Wojtek\Desktop\nowy projekt\PodoCarePRO\be)
2025-04-10 12:03:51 INFO  - No active profile set, falling back to 1 default profile: "default"
2025-04-10 12:03:52 INFO  - Bootstrapping Spring Data JPA repositories in DEFAULT mode.
2025-04-10 12:03:53 INFO  - Finished Spring Data repository scanning in 85 ms. Found 10 JPA repository interfaces.
2025-04-10 12:03:53 INFO  - Tomcat initialized with port 8080 (http)
2025-04-10 12:03:53 INFO  - Initializing ProtocolHandler ["http-nio-8080"]
2025-04-10 12:03:53 INFO  - Starting service [Tomcat]
2025-04-10 12:03:53 INFO  - Starting Servlet engine: [Apache Tomcat/10.1.30]
2025-04-10 12:03:53 INFO  - Initializing Spring embedded WebApplicationContext
2025-04-10 12:03:53 INFO  - Root WebApplicationContext: initialization completed in 1598 ms
2025-04-10 12:03:53 INFO  - HikariPool-1 - Starting...
2025-04-10 12:03:53 INFO  - HikariPool-1 - Added connection org.postgresql.jdbc.PgConnection@11f23038
2025-04-10 12:03:53 INFO  - HikariPool-1 - Start completed.
2025-04-10 12:03:54 INFO  - Set default schema name to public
2025-04-10 12:03:54 INFO  - Reading from public.databasechangelog
2025-04-10 12:03:54 INFO  - Reading from public.databasechangelog
2025-04-10 12:03:54 INFO  - UPDATE SUMMARY
2025-04-10 12:03:54 INFO  - Run:                          0
2025-04-10 12:03:54 INFO  - Previously run:               4
2025-04-10 12:03:54 INFO  - Filtered out:                 0
2025-04-10 12:03:54 INFO  - -------------------------------
2025-04-10 12:03:54 INFO  - Total change sets:            4

2025-04-10 12:03:54 INFO  - Update summary generated
2025-04-10 12:03:54 INFO  - Successfully released change log lock
2025-04-10 12:03:54 INFO  - Command execution complete
2025-04-10 12:03:54 INFO  - HHH000204: Processing PersistenceUnitInfo [name: default]
2025-04-10 12:03:54 INFO  - HHH000412: Hibernate ORM core version 6.5.3.Final
2025-04-10 12:03:54 INFO  - HHH000026: Second-level cache disabled
2025-04-10 12:03:55 INFO  - No LoadTimeWeaver setup: ignoring JPA class transformer
2025-04-10 12:03:55 WARN  - HHH90000025: PostgreSQLDialect does not need to be specified explicitly using 'hibernate.dialect' (remove the property setting and it will be selected by default)
2025-04-10 12:03:56 INFO  - HHH000489: No JTA platform available (set 'hibernate.transaction.jta.platform' to enable JTA platform integration)
2025-04-10 12:03:56 INFO  - Initialized JPA EntityManagerFactory for persistence unit 'default'
2025-04-10 12:03:56 INFO  - Hibernate is in classpath; If applicable, HQL parser will be used.
2025-04-10 12:03:57 WARN  - spring.jpa.open-in-view is enabled by default. Therefore, database queries may be performed during view rendering. Explicitly configure spring.jpa.open-in-view to disable this warning
2025-04-10 12:03:58 INFO  - Starting ProtocolHandler ["http-nio-8080"]
2025-04-10 12:03:58 INFO  - Tomcat started on port 8080 (http) with context path '/'
2025-04-10 12:03:58 INFO  - Started PodoCareWebsiteApplication in 6.54 seconds (process running for 7.15)
2025-04-10 12:04:05 INFO  - Initializing Spring DispatcherServlet 'dispatcherServlet'
2025-04-10 12:04:05 INFO  - Initializing Servlet 'dispatcherServlet'
2025-04-10 12:04:05 INFO  - Completed initialization in 3 ms
2025-04-10 13:12:17 INFO  - Closing JPA EntityManagerFactory for persistence unit 'default'
2025-04-10 13:12:17 INFO  - HikariPool-1 - Shutdown initiated...
2025-04-10 13:12:17 INFO  - HikariPool-1 - Shutdown completed.
2025-04-10 13:12:20 INFO  - Starting PodoCareWebsiteApplication using Java 21.0.2 with PID 10328 (C:\Users\Wojtek\Desktop\nowy projekt\PodoCarePRO\be\PodoCareWebsite\target\classes started by Wojtek in C:\Users\Wojtek\Desktop\nowy projekt\PodoCarePRO\be)
2025-04-10 13:12:20 INFO  - No active profile set, falling back to 1 default profile: "default"
2025-04-10 13:12:21 INFO  - Bootstrapping Spring Data JPA repositories in DEFAULT mode.
2025-04-10 13:12:21 INFO  - Finished Spring Data repository scanning in 97 ms. Found 10 JPA repository interfaces.
2025-04-10 13:12:22 INFO  - Tomcat initialized with port 8080 (http)
2025-04-10 13:12:22 INFO  - Initializing ProtocolHandler ["http-nio-8080"]
2025-04-10 13:12:22 INFO  - Starting service [Tomcat]
2025-04-10 13:12:22 INFO  - Starting Servlet engine: [Apache Tomcat/10.1.30]
2025-04-10 13:12:22 INFO  - Initializing Spring embedded WebApplicationContext
2025-04-10 13:12:22 INFO  - Root WebApplicationContext: initialization completed in 1307 ms
2025-04-10 13:12:22 INFO  - HikariPool-1 - Starting...
2025-04-10 13:12:22 INFO  - HikariPool-1 - Added connection org.postgresql.jdbc.PgConnection@17ff8810
2025-04-10 13:12:22 INFO  - HikariPool-1 - Start completed.
2025-04-10 13:12:22 INFO  - Set default schema name to public
2025-04-10 13:12:23 INFO  - Reading from public.databasechangelog
2025-04-10 13:12:23 INFO  - Reading from public.databasechangelog
2025-04-10 13:12:23 INFO  - UPDATE SUMMARY
2025-04-10 13:12:23 INFO  - Run:                          0
2025-04-10 13:12:23 INFO  - Previously run:               4
2025-04-10 13:12:23 INFO  - Filtered out:                 0
2025-04-10 13:12:23 INFO  - -------------------------------
2025-04-10 13:12:23 INFO  - Total change sets:            4

2025-04-10 13:12:23 INFO  - Update summary generated
2025-04-10 13:12:23 INFO  - Successfully released change log lock
2025-04-10 13:12:23 INFO  - Command execution complete
2025-04-10 13:12:23 INFO  - HHH000204: Processing PersistenceUnitInfo [name: default]
2025-04-10 13:12:23 INFO  - HHH000412: Hibernate ORM core version 6.5.3.Final
2025-04-10 13:12:23 INFO  - HHH000026: Second-level cache disabled
2025-04-10 13:12:23 INFO  - No LoadTimeWeaver setup: ignoring JPA class transformer
2025-04-10 13:12:23 WARN  - HHH90000025: PostgreSQLDialect does not need to be specified explicitly using 'hibernate.dialect' (remove the property setting and it will be selected by default)
2025-04-10 13:12:24 INFO  - HHH000489: No JTA platform available (set 'hibernate.transaction.jta.platform' to enable JTA platform integration)
2025-04-10 13:12:24 INFO  - Initialized JPA EntityManagerFactory for persistence unit 'default'
2025-04-10 13:12:24 INFO  - Hibernate is in classpath; If applicable, HQL parser will be used.
2025-04-10 13:12:26 WARN  - spring.jpa.open-in-view is enabled by default. Therefore, database queries may be performed during view rendering. Explicitly configure spring.jpa.open-in-view to disable this warning
2025-04-10 13:12:26 INFO  - Starting ProtocolHandler ["http-nio-8080"]
2025-04-10 13:12:26 INFO  - Tomcat started on port 8080 (http) with context path '/'
2025-04-10 13:12:26 INFO  - Started PodoCareWebsiteApplication in 6.247 seconds (process running for 6.827)
2025-04-10 13:12:34 INFO  - Initializing Spring DispatcherServlet 'dispatcherServlet'
2025-04-10 13:12:34 INFO  - Initializing Servlet 'dispatcherServlet'
2025-04-10 13:12:34 INFO  - Completed initialization in 2 ms
2025-04-10 13:20:22 INFO  - Closing JPA EntityManagerFactory for persistence unit 'default'
2025-04-10 13:20:22 INFO  - HikariPool-1 - Shutdown initiated...
2025-04-10 13:20:22 INFO  - HikariPool-1 - Shutdown completed.
