2025-04-02 15:04:45 INFO  - Starting PodoCareWebsiteApplication using Java 21.0.2 with PID 7388 (C:\Users\Wojtek\Desktop\nowy projekt\PodoCarePRO\be\PodoCareWebsite\target\classes started by Wojtek in C:\Users\Wojtek\Desktop\nowy projekt\PodoCarePRO\be)
2025-04-02 15:04:45 INFO  - No active profile set, falling back to 1 default profile: "default"
2025-04-02 15:04:46 INFO  - Bootstrapping Spring Data JPA repositories in DEFAULT mode.
2025-04-02 15:04:46 INFO  - Finished Spring Data repository scanning in 83 ms. Found 10 JPA repository interfaces.
2025-04-02 15:04:46 INFO  - Tomcat initialized with port 8080 (http)
2025-04-02 15:04:46 INFO  - Initializing ProtocolHandler ["http-nio-8080"]
2025-04-02 15:04:46 INFO  - Starting service [Tomcat]
2025-04-02 15:04:46 INFO  - Starting Servlet engine: [Apache Tomcat/10.1.30]
2025-04-02 15:04:46 INFO  - Initializing Spring embedded WebApplicationContext
2025-04-02 15:04:46 INFO  - Root WebApplicationContext: initialization completed in 1263 ms
2025-04-02 15:04:47 INFO  - HikariPool-1 - Starting...
2025-04-02 15:04:47 INFO  - HikariPool-1 - Added connection org.postgresql.jdbc.PgConnection@1d15c0a1
2025-04-02 15:04:47 INFO  - HikariPool-1 - Start completed.
2025-04-02 15:04:47 INFO  - Set default schema name to public
2025-04-02 15:04:47 INFO  - Reading from public.databasechangelog
2025-04-02 15:04:47 INFO  - Reading from public.databasechangelog
2025-04-02 15:04:47 INFO  - UPDATE SUMMARY
2025-04-02 15:04:47 INFO  - Run:                          0
2025-04-02 15:04:47 INFO  - Previously run:               4
2025-04-02 15:04:47 INFO  - Filtered out:                 0
2025-04-02 15:04:47 INFO  - -------------------------------
2025-04-02 15:04:47 INFO  - Total change sets:            4

2025-04-02 15:04:47 INFO  - Update summary generated
2025-04-02 15:04:47 INFO  - Successfully released change log lock
2025-04-02 15:04:47 INFO  - Command execution complete
2025-04-02 15:04:48 INFO  - HHH000204: Processing PersistenceUnitInfo [name: default]
2025-04-02 15:04:48 INFO  - HHH000412: Hibernate ORM core version 6.5.3.Final
2025-04-02 15:04:48 INFO  - HHH000026: Second-level cache disabled
2025-04-02 15:04:48 INFO  - No LoadTimeWeaver setup: ignoring JPA class transformer
2025-04-02 15:04:48 WARN  - HHH90000025: PostgreSQLDialect does not need to be specified explicitly using 'hibernate.dialect' (remove the property setting and it will be selected by default)
2025-04-02 15:04:49 INFO  - HHH000489: No JTA platform available (set 'hibernate.transaction.jta.platform' to enable JTA platform integration)
2025-04-02 15:04:49 INFO  - Initialized JPA EntityManagerFactory for persistence unit 'default'
2025-04-02 15:04:49 INFO  - Hibernate is in classpath; If applicable, HQL parser will be used.
2025-04-02 15:04:51 WARN  - spring.jpa.open-in-view is enabled by default. Therefore, database queries may be performed during view rendering. Explicitly configure spring.jpa.open-in-view to disable this warning
2025-04-02 15:04:51 INFO  - Starting ProtocolHandler ["http-nio-8080"]
2025-04-02 15:04:51 INFO  - Tomcat started on port 8080 (http) with context path '/'
2025-04-02 15:04:51 INFO  - Started PodoCareWebsiteApplication in 6.216 seconds (process running for 6.799)
2025-04-02 15:07:02 INFO  - Initializing Spring DispatcherServlet 'dispatcherServlet'
2025-04-02 15:07:02 INFO  - Initializing Servlet 'dispatcherServlet'
2025-04-02 15:07:02 INFO  - Completed initialization in 1 ms
2025-04-02 17:29:10 ERROR - Product creation failed: Product already exists.
2025-04-02 17:59:39 INFO  - Closing JPA EntityManagerFactory for persistence unit 'default'
2025-04-02 17:59:39 INFO  - HikariPool-1 - Shutdown initiated...
2025-04-02 17:59:39 INFO  - HikariPool-1 - Shutdown completed.
2025-04-02 17:59:44 INFO  - Starting PodoCareWebsiteApplication using Java 21.0.2 with PID 16532 (C:\Users\Wojtek\Desktop\nowy projekt\PodoCarePRO\be\PodoCareWebsite\target\classes started by Wojtek in C:\Users\Wojtek\Desktop\nowy projekt\PodoCarePRO\be)
2025-04-02 17:59:44 INFO  - No active profile set, falling back to 1 default profile: "default"
2025-04-02 17:59:44 INFO  - Bootstrapping Spring Data JPA repositories in DEFAULT mode.
2025-04-02 17:59:44 INFO  - Finished Spring Data repository scanning in 82 ms. Found 10 JPA repository interfaces.
2025-04-02 17:59:45 INFO  - Tomcat initialized with port 8080 (http)
2025-04-02 17:59:45 INFO  - Initializing ProtocolHandler ["http-nio-8080"]
2025-04-02 17:59:45 INFO  - Starting service [Tomcat]
2025-04-02 17:59:45 INFO  - Starting Servlet engine: [Apache Tomcat/10.1.30]
2025-04-02 17:59:45 INFO  - Initializing Spring embedded WebApplicationContext
2025-04-02 17:59:45 INFO  - Root WebApplicationContext: initialization completed in 1189 ms
2025-04-02 17:59:45 INFO  - HikariPool-1 - Starting...
2025-04-02 17:59:45 INFO  - HikariPool-1 - Added connection org.postgresql.jdbc.PgConnection@4e375bba
2025-04-02 17:59:45 INFO  - HikariPool-1 - Start completed.
2025-04-02 17:59:45 INFO  - Set default schema name to public
2025-04-02 17:59:46 INFO  - Reading from public.databasechangelog
2025-04-02 17:59:46 INFO  - Reading from public.databasechangelog
2025-04-02 17:59:46 INFO  - UPDATE SUMMARY
2025-04-02 17:59:46 INFO  - Run:                          0
2025-04-02 17:59:46 INFO  - Previously run:               4
2025-04-02 17:59:46 INFO  - Filtered out:                 0
2025-04-02 17:59:46 INFO  - -------------------------------
2025-04-02 17:59:46 INFO  - Total change sets:            4

2025-04-02 17:59:46 INFO  - Update summary generated
2025-04-02 17:59:46 INFO  - Successfully released change log lock
2025-04-02 17:59:46 INFO  - Command execution complete
2025-04-02 17:59:46 INFO  - HHH000204: Processing PersistenceUnitInfo [name: default]
2025-04-02 17:59:46 INFO  - HHH000412: Hibernate ORM core version 6.5.3.Final
2025-04-02 17:59:46 INFO  - HHH000026: Second-level cache disabled
2025-04-02 17:59:46 INFO  - No LoadTimeWeaver setup: ignoring JPA class transformer
2025-04-02 17:59:46 WARN  - HHH90000025: PostgreSQLDialect does not need to be specified explicitly using 'hibernate.dialect' (remove the property setting and it will be selected by default)
2025-04-02 17:59:47 INFO  - HHH000489: No JTA platform available (set 'hibernate.transaction.jta.platform' to enable JTA platform integration)
2025-04-02 17:59:47 INFO  - Initialized JPA EntityManagerFactory for persistence unit 'default'
2025-04-02 17:59:47 INFO  - Hibernate is in classpath; If applicable, HQL parser will be used.
2025-04-02 17:59:49 WARN  - spring.jpa.open-in-view is enabled by default. Therefore, database queries may be performed during view rendering. Explicitly configure spring.jpa.open-in-view to disable this warning
2025-04-02 17:59:49 INFO  - Starting ProtocolHandler ["http-nio-8080"]
2025-04-02 17:59:49 INFO  - Tomcat started on port 8080 (http) with context path '/'
2025-04-02 17:59:49 INFO  - Started PodoCareWebsiteApplication in 5.67 seconds (process running for 6.146)
2025-04-02 18:00:02 INFO  - Initializing Spring DispatcherServlet 'dispatcherServlet'
2025-04-02 18:00:02 INFO  - Initializing Servlet 'dispatcherServlet'
2025-04-02 18:00:02 INFO  - Completed initialization in 1 ms
2025-04-02 18:04:22 INFO  - Closing JPA EntityManagerFactory for persistence unit 'default'
2025-04-02 18:04:22 INFO  - HikariPool-1 - Shutdown initiated...
2025-04-02 18:04:22 INFO  - HikariPool-1 - Shutdown completed.
2025-04-02 18:04:25 INFO  - Starting PodoCareWebsiteApplication using Java 21.0.2 with PID 4348 (C:\Users\Wojtek\Desktop\nowy projekt\PodoCarePRO\be\PodoCareWebsite\target\classes started by Wojtek in C:\Users\Wojtek\Desktop\nowy projekt\PodoCarePRO\be)
2025-04-02 18:04:25 INFO  - No active profile set, falling back to 1 default profile: "default"
2025-04-02 18:04:26 INFO  - Bootstrapping Spring Data JPA repositories in DEFAULT mode.
2025-04-02 18:04:26 INFO  - Finished Spring Data repository scanning in 79 ms. Found 10 JPA repository interfaces.
2025-04-02 18:04:26 INFO  - Tomcat initialized with port 8080 (http)
2025-04-02 18:04:26 INFO  - Initializing ProtocolHandler ["http-nio-8080"]
2025-04-02 18:04:26 INFO  - Starting service [Tomcat]
2025-04-02 18:04:26 INFO  - Starting Servlet engine: [Apache Tomcat/10.1.30]
2025-04-02 18:04:26 INFO  - Initializing Spring embedded WebApplicationContext
2025-04-02 18:04:26 INFO  - Root WebApplicationContext: initialization completed in 1118 ms
2025-04-02 18:04:26 INFO  - HikariPool-1 - Starting...
2025-04-02 18:04:27 INFO  - HikariPool-1 - Added connection org.postgresql.jdbc.PgConnection@71664560
2025-04-02 18:04:27 INFO  - HikariPool-1 - Start completed.
2025-04-02 18:04:27 INFO  - Set default schema name to public
2025-04-02 18:04:27 INFO  - Reading from public.databasechangelog
2025-04-02 18:04:27 INFO  - Reading from public.databasechangelog
2025-04-02 18:04:27 INFO  - UPDATE SUMMARY
2025-04-02 18:04:27 INFO  - Run:                          0
2025-04-02 18:04:27 INFO  - Previously run:               4
2025-04-02 18:04:27 INFO  - Filtered out:                 0
2025-04-02 18:04:27 INFO  - -------------------------------
2025-04-02 18:04:27 INFO  - Total change sets:            4

2025-04-02 18:04:27 INFO  - Update summary generated
2025-04-02 18:04:27 INFO  - Successfully released change log lock
2025-04-02 18:04:27 INFO  - Command execution complete
2025-04-02 18:04:27 INFO  - HHH000204: Processing PersistenceUnitInfo [name: default]
2025-04-02 18:04:27 INFO  - HHH000412: Hibernate ORM core version 6.5.3.Final
2025-04-02 18:04:27 INFO  - HHH000026: Second-level cache disabled
2025-04-02 18:04:28 INFO  - No LoadTimeWeaver setup: ignoring JPA class transformer
2025-04-02 18:04:28 WARN  - HHH90000025: PostgreSQLDialect does not need to be specified explicitly using 'hibernate.dialect' (remove the property setting and it will be selected by default)
2025-04-02 18:04:28 INFO  - HHH000489: No JTA platform available (set 'hibernate.transaction.jta.platform' to enable JTA platform integration)
2025-04-02 18:04:28 INFO  - Initialized JPA EntityManagerFactory for persistence unit 'default'
2025-04-02 18:04:29 INFO  - Hibernate is in classpath; If applicable, HQL parser will be used.
2025-04-02 18:04:30 WARN  - spring.jpa.open-in-view is enabled by default. Therefore, database queries may be performed during view rendering. Explicitly configure spring.jpa.open-in-view to disable this warning
2025-04-02 18:04:30 INFO  - Starting ProtocolHandler ["http-nio-8080"]
2025-04-02 18:04:30 INFO  - Tomcat started on port 8080 (http) with context path '/'
2025-04-02 18:04:30 INFO  - Started PodoCareWebsiteApplication in 5.616 seconds (process running for 6.101)
2025-04-02 18:04:33 INFO  - Initializing Spring DispatcherServlet 'dispatcherServlet'
2025-04-02 18:04:33 INFO  - Initializing Servlet 'dispatcherServlet'
2025-04-02 18:04:33 INFO  - Completed initialization in 1 ms
2025-04-02 18:04:33 ERROR - Product not found: SaleProduct not found with ID: 158
2025-04-02 18:05:16 ERROR - Product not found: SaleProduct not found with ID: 158
2025-04-02 18:11:21 INFO  - Closing JPA EntityManagerFactory for persistence unit 'default'
2025-04-02 18:11:21 INFO  - HikariPool-1 - Shutdown initiated...
2025-04-02 18:11:21 INFO  - HikariPool-1 - Shutdown completed.
2025-04-02 18:11:24 INFO  - Starting PodoCareWebsiteApplication using Java 21.0.2 with PID 14484 (C:\Users\Wojtek\Desktop\nowy projekt\PodoCarePRO\be\PodoCareWebsite\target\classes started by Wojtek in C:\Users\Wojtek\Desktop\nowy projekt\PodoCarePRO\be)
2025-04-02 18:11:24 INFO  - No active profile set, falling back to 1 default profile: "default"
2025-04-02 18:11:25 INFO  - Bootstrapping Spring Data JPA repositories in DEFAULT mode.
2025-04-02 18:11:25 INFO  - Finished Spring Data repository scanning in 77 ms. Found 10 JPA repository interfaces.
2025-04-02 18:11:25 INFO  - Tomcat initialized with port 8080 (http)
2025-04-02 18:11:25 INFO  - Initializing ProtocolHandler ["http-nio-8080"]
2025-04-02 18:11:25 INFO  - Starting service [Tomcat]
2025-04-02 18:11:25 INFO  - Starting Servlet engine: [Apache Tomcat/10.1.30]
2025-04-02 18:11:25 INFO  - Initializing Spring embedded WebApplicationContext
2025-04-02 18:11:25 INFO  - Root WebApplicationContext: initialization completed in 1083 ms
2025-04-02 18:11:25 INFO  - HikariPool-1 - Starting...
2025-04-02 18:11:26 INFO  - HikariPool-1 - Added connection org.postgresql.jdbc.PgConnection@79a201cf
2025-04-02 18:11:26 INFO  - HikariPool-1 - Start completed.
2025-04-02 18:11:26 INFO  - Set default schema name to public
2025-04-02 18:11:26 INFO  - Reading from public.databasechangelog
2025-04-02 18:11:26 INFO  - Reading from public.databasechangelog
2025-04-02 18:11:26 INFO  - UPDATE SUMMARY
2025-04-02 18:11:26 INFO  - Run:                          0
2025-04-02 18:11:26 INFO  - Previously run:               4
2025-04-02 18:11:26 INFO  - Filtered out:                 0
2025-04-02 18:11:26 INFO  - -------------------------------
2025-04-02 18:11:26 INFO  - Total change sets:            4

2025-04-02 18:11:26 INFO  - Update summary generated
2025-04-02 18:11:26 INFO  - Successfully released change log lock
2025-04-02 18:11:26 INFO  - Command execution complete
2025-04-02 18:11:26 INFO  - HHH000204: Processing PersistenceUnitInfo [name: default]
2025-04-02 18:11:26 INFO  - HHH000412: Hibernate ORM core version 6.5.3.Final
2025-04-02 18:11:26 INFO  - HHH000026: Second-level cache disabled
2025-04-02 18:11:27 INFO  - No LoadTimeWeaver setup: ignoring JPA class transformer
2025-04-02 18:11:27 WARN  - HHH90000025: PostgreSQLDialect does not need to be specified explicitly using 'hibernate.dialect' (remove the property setting and it will be selected by default)
2025-04-02 18:11:27 INFO  - HHH000489: No JTA platform available (set 'hibernate.transaction.jta.platform' to enable JTA platform integration)
2025-04-02 18:11:27 INFO  - Initialized JPA EntityManagerFactory for persistence unit 'default'
2025-04-02 18:11:28 INFO  - Hibernate is in classpath; If applicable, HQL parser will be used.
2025-04-02 18:11:29 WARN  - spring.jpa.open-in-view is enabled by default. Therefore, database queries may be performed during view rendering. Explicitly configure spring.jpa.open-in-view to disable this warning
2025-04-02 18:11:30 INFO  - Starting ProtocolHandler ["http-nio-8080"]
2025-04-02 18:11:30 INFO  - Tomcat started on port 8080 (http) with context path '/'
2025-04-02 18:11:30 INFO  - Started PodoCareWebsiteApplication in 5.567 seconds (process running for 6.06)
2025-04-02 18:11:33 INFO  - Initializing Spring DispatcherServlet 'dispatcherServlet'
2025-04-02 18:11:33 INFO  - Initializing Servlet 'dispatcherServlet'
2025-04-02 18:11:33 INFO  - Completed initialization in 1 ms
2025-04-02 18:28:57 INFO  - Closing JPA EntityManagerFactory for persistence unit 'default'
2025-04-02 18:28:57 INFO  - HikariPool-1 - Shutdown initiated...
2025-04-02 18:28:57 INFO  - HikariPool-1 - Shutdown completed.
2025-04-02 18:29:00 INFO  - Starting PodoCareWebsiteApplication using Java 21.0.2 with PID 19056 (C:\Users\Wojtek\Desktop\nowy projekt\PodoCarePRO\be\PodoCareWebsite\target\classes started by Wojtek in C:\Users\Wojtek\Desktop\nowy projekt\PodoCarePRO\be)
2025-04-02 18:29:00 INFO  - No active profile set, falling back to 1 default profile: "default"
2025-04-02 18:29:01 INFO  - Bootstrapping Spring Data JPA repositories in DEFAULT mode.
2025-04-02 18:29:01 INFO  - Finished Spring Data repository scanning in 77 ms. Found 10 JPA repository interfaces.
2025-04-02 18:29:01 INFO  - Tomcat initialized with port 8080 (http)
2025-04-02 18:29:01 INFO  - Initializing ProtocolHandler ["http-nio-8080"]
2025-04-02 18:29:01 INFO  - Starting service [Tomcat]
2025-04-02 18:29:01 INFO  - Starting Servlet engine: [Apache Tomcat/10.1.30]
2025-04-02 18:29:01 INFO  - Initializing Spring embedded WebApplicationContext
2025-04-02 18:29:01 INFO  - Root WebApplicationContext: initialization completed in 1079 ms
2025-04-02 18:29:01 INFO  - HikariPool-1 - Starting...
2025-04-02 18:29:02 INFO  - HikariPool-1 - Added connection org.postgresql.jdbc.PgConnection@477021ee
2025-04-02 18:29:02 INFO  - HikariPool-1 - Start completed.
2025-04-02 18:29:02 INFO  - Set default schema name to public
2025-04-02 18:29:02 INFO  - Reading from public.databasechangelog
2025-04-02 18:29:02 INFO  - Reading from public.databasechangelog
2025-04-02 18:29:02 INFO  - UPDATE SUMMARY
2025-04-02 18:29:02 INFO  - Run:                          0
2025-04-02 18:29:02 INFO  - Previously run:               4
2025-04-02 18:29:02 INFO  - Filtered out:                 0
2025-04-02 18:29:02 INFO  - -------------------------------
2025-04-02 18:29:02 INFO  - Total change sets:            4

2025-04-02 18:29:02 INFO  - Update summary generated
2025-04-02 18:29:02 INFO  - Successfully released change log lock
2025-04-02 18:29:02 INFO  - Command execution complete
2025-04-02 18:29:02 INFO  - HHH000204: Processing PersistenceUnitInfo [name: default]
2025-04-02 18:29:02 INFO  - HHH000412: Hibernate ORM core version 6.5.3.Final
2025-04-02 18:29:02 INFO  - HHH000026: Second-level cache disabled
2025-04-02 18:29:03 INFO  - No LoadTimeWeaver setup: ignoring JPA class transformer
2025-04-02 18:29:03 WARN  - HHH90000025: PostgreSQLDialect does not need to be specified explicitly using 'hibernate.dialect' (remove the property setting and it will be selected by default)
2025-04-02 18:29:03 INFO  - HHH000489: No JTA platform available (set 'hibernate.transaction.jta.platform' to enable JTA platform integration)
2025-04-02 18:29:03 INFO  - Initialized JPA EntityManagerFactory for persistence unit 'default'
2025-04-02 18:29:04 INFO  - Hibernate is in classpath; If applicable, HQL parser will be used.
2025-04-02 18:29:05 WARN  - spring.jpa.open-in-view is enabled by default. Therefore, database queries may be performed during view rendering. Explicitly configure spring.jpa.open-in-view to disable this warning
2025-04-02 18:29:05 INFO  - Starting ProtocolHandler ["http-nio-8080"]
2025-04-02 18:29:05 INFO  - Tomcat started on port 8080 (http) with context path '/'
2025-04-02 18:29:05 INFO  - Started PodoCareWebsiteApplication in 5.275 seconds (process running for 5.739)
2025-04-02 18:29:12 INFO  - Initializing Spring DispatcherServlet 'dispatcherServlet'
2025-04-02 18:29:12 INFO  - Initializing Servlet 'dispatcherServlet'
2025-04-02 18:29:12 INFO  - Completed initialization in 1 ms
2025-04-02 18:53:49 ERROR - Product creation failed: Product already exists.
2025-04-02 18:54:52 ERROR - Product creation failed: Product already exists.
2025-04-02 19:18:03 ERROR - Product creation failed: Product already exists.
2025-04-02 21:18:56 INFO  - Closing JPA EntityManagerFactory for persistence unit 'default'
2025-04-02 21:18:56 INFO  - HikariPool-1 - Shutdown initiated...
2025-04-02 21:18:56 INFO  - HikariPool-1 - Shutdown completed.
2025-04-02 21:18:59 INFO  - Starting PodoCareWebsiteApplication using Java 21.0.2 with PID 15664 (C:\Users\Wojtek\Desktop\nowy projekt\PodoCarePRO\be\PodoCareWebsite\target\classes started by Wojtek in C:\Users\Wojtek\Desktop\nowy projekt\PodoCarePRO\be)
2025-04-02 21:18:59 INFO  - No active profile set, falling back to 1 default profile: "default"
2025-04-02 21:19:00 INFO  - Bootstrapping Spring Data JPA repositories in DEFAULT mode.
2025-04-02 21:19:00 INFO  - Finished Spring Data repository scanning in 76 ms. Found 10 JPA repository interfaces.
2025-04-02 21:19:00 INFO  - Tomcat initialized with port 8080 (http)
2025-04-02 21:19:00 INFO  - Initializing ProtocolHandler ["http-nio-8080"]
2025-04-02 21:19:00 INFO  - Starting service [Tomcat]
2025-04-02 21:19:00 INFO  - Starting Servlet engine: [Apache Tomcat/10.1.30]
2025-04-02 21:19:00 INFO  - Initializing Spring embedded WebApplicationContext
2025-04-02 21:19:00 INFO  - Root WebApplicationContext: initialization completed in 1102 ms
2025-04-02 21:19:01 INFO  - HikariPool-1 - Starting...
2025-04-02 21:19:01 INFO  - HikariPool-1 - Added connection org.postgresql.jdbc.PgConnection@71664560
2025-04-02 21:19:01 INFO  - HikariPool-1 - Start completed.
2025-04-02 21:19:01 INFO  - Set default schema name to public
2025-04-02 21:19:01 INFO  - Reading from public.databasechangelog
2025-04-02 21:19:01 INFO  - Reading from public.databasechangelog
2025-04-02 21:19:01 INFO  - UPDATE SUMMARY
2025-04-02 21:19:01 INFO  - Run:                          0
2025-04-02 21:19:01 INFO  - Previously run:               4
2025-04-02 21:19:01 INFO  - Filtered out:                 0
2025-04-02 21:19:01 INFO  - -------------------------------
2025-04-02 21:19:01 INFO  - Total change sets:            4

2025-04-02 21:19:01 INFO  - Update summary generated
2025-04-02 21:19:01 INFO  - Successfully released change log lock
2025-04-02 21:19:01 INFO  - Command execution complete
2025-04-02 21:19:01 INFO  - HHH000204: Processing PersistenceUnitInfo [name: default]
2025-04-02 21:19:01 INFO  - HHH000412: Hibernate ORM core version 6.5.3.Final
2025-04-02 21:19:01 INFO  - HHH000026: Second-level cache disabled
2025-04-02 21:19:02 INFO  - No LoadTimeWeaver setup: ignoring JPA class transformer
2025-04-02 21:19:02 WARN  - HHH90000025: PostgreSQLDialect does not need to be specified explicitly using 'hibernate.dialect' (remove the property setting and it will be selected by default)
2025-04-02 21:19:03 INFO  - HHH000489: No JTA platform available (set 'hibernate.transaction.jta.platform' to enable JTA platform integration)
2025-04-02 21:19:03 INFO  - Initialized JPA EntityManagerFactory for persistence unit 'default'
2025-04-02 21:19:03 INFO  - Hibernate is in classpath; If applicable, HQL parser will be used.
2025-04-02 21:19:04 WARN  - spring.jpa.open-in-view is enabled by default. Therefore, database queries may be performed during view rendering. Explicitly configure spring.jpa.open-in-view to disable this warning
2025-04-02 21:19:05 INFO  - Starting ProtocolHandler ["http-nio-8080"]
2025-04-02 21:19:05 INFO  - Tomcat started on port 8080 (http) with context path '/'
2025-04-02 21:19:05 INFO  - Started PodoCareWebsiteApplication in 5.737 seconds (process running for 6.213)
2025-04-02 21:20:45 INFO  - Initializing Spring DispatcherServlet 'dispatcherServlet'
2025-04-02 21:20:45 INFO  - Initializing Servlet 'dispatcherServlet'
2025-04-02 21:20:45 INFO  - Completed initialization in 1 ms
2025-04-02 21:32:42 ERROR - Product creation failed: Product already exists.
2025-04-02 21:33:43 ERROR - Failed to create instances for OrderProduct ID: 322
java.lang.IllegalArgumentException: SaleProductInstanceDTO must have a valid purchaseDate.
	at com.podocare.PodoCareWebsite.service.product_category.product_instances.SaleProductInstanceService.validateSaleProductInstanceDTO(SaleProductInstanceService.java:310)
	at com.podocare.PodoCareWebsite.service.product_category.product_instances.SaleProductInstanceService.createInstance(SaleProductInstanceService.java:62)
	at java.base/jdk.internal.reflect.DirectMethodHandleAccessor.invoke(DirectMethodHandleAccessor.java:103)
	at java.base/java.lang.reflect.Method.invoke(Method.java:580)
	at org.springframework.aop.support.AopUtils.invokeJoinpointUsingReflection(AopUtils.java:355)
	at org.springframework.aop.framework.CglibAopProxy$DynamicAdvisedInterceptor.intercept(CglibAopProxy.java:716)
	at com.podocare.PodoCareWebsite.service.product_category.product_instances.SaleProductInstanceService$$SpringCGLIB$$0.createInstance(<generated>)
	at com.podocare.PodoCareWebsite.service.OrderService.createProductInstances(OrderService.java:351)
	at com.podocare.PodoCareWebsite.service.OrderService.updateOrder(OrderService.java:221)
	at java.base/jdk.internal.reflect.DirectMethodHandleAccessor.invoke(DirectMethodHandleAccessor.java:103)
	at java.base/java.lang.reflect.Method.invoke(Method.java:580)
	at org.springframework.aop.support.AopUtils.invokeJoinpointUsingReflection(AopUtils.java:355)
	at org.springframework.aop.framework.ReflectiveMethodInvocation.invokeJoinpoint(ReflectiveMethodInvocation.java:196)
	at org.springframework.aop.framework.ReflectiveMethodInvocation.proceed(ReflectiveMethodInvocation.java:163)
	at org.springframework.aop.framework.CglibAopProxy$CglibMethodInvocation.proceed(CglibAopProxy.java:768)
	at org.springframework.transaction.interceptor.TransactionAspectSupport.invokeWithinTransaction(TransactionAspectSupport.java:379)
	at org.springframework.transaction.interceptor.TransactionInterceptor.invoke(TransactionInterceptor.java:119)
	at org.springframework.aop.framework.ReflectiveMethodInvocation.proceed(ReflectiveMethodInvocation.java:184)
	at org.springframework.aop.framework.CglibAopProxy$CglibMethodInvocation.proceed(CglibAopProxy.java:768)
	at org.springframework.aop.framework.CglibAopProxy$DynamicAdvisedInterceptor.intercept(CglibAopProxy.java:720)
	at com.podocare.PodoCareWebsite.service.OrderService$$SpringCGLIB$$1.updateOrder(<generated>)
	at com.podocare.PodoCareWebsite.controller.OrderController.updateOrder(OrderController.java:52)
	at java.base/jdk.internal.reflect.DirectMethodHandleAccessor.invoke(DirectMethodHandleAccessor.java:103)
	at java.base/java.lang.reflect.Method.invoke(Method.java:580)
	at org.springframework.web.method.support.InvocableHandlerMethod.doInvoke(InvocableHandlerMethod.java:255)
	at org.springframework.web.method.support.InvocableHandlerMethod.invokeForRequest(InvocableHandlerMethod.java:188)
	at org.springframework.web.servlet.mvc.method.annotation.ServletInvocableHandlerMethod.invokeAndHandle(ServletInvocableHandlerMethod.java:118)
	at org.springframework.web.servlet.mvc.method.annotation.RequestMappingHandlerAdapter.invokeHandlerMethod(RequestMappingHandlerAdapter.java:926)
	at org.springframework.web.servlet.mvc.method.annotation.RequestMappingHandlerAdapter.handleInternal(RequestMappingHandlerAdapter.java:831)
	at org.springframework.web.servlet.mvc.method.AbstractHandlerMethodAdapter.handle(AbstractHandlerMethodAdapter.java:87)
	at org.springframework.web.servlet.DispatcherServlet.doDispatch(DispatcherServlet.java:1089)
	at org.springframework.web.servlet.DispatcherServlet.doService(DispatcherServlet.java:979)
	at org.springframework.web.servlet.FrameworkServlet.processRequest(FrameworkServlet.java:1014)
	at org.springframework.web.servlet.FrameworkServlet.service(FrameworkServlet.java:888)
	at jakarta.servlet.http.HttpServlet.service(HttpServlet.java:658)
	at org.apache.catalina.core.ApplicationFilterChain.internalDoFilter(ApplicationFilterChain.java:195)
	at org.apache.catalina.core.ApplicationFilterChain.doFilter(ApplicationFilterChain.java:140)
	at org.apache.tomcat.websocket.server.WsFilter.doFilter(WsFilter.java:51)
	at org.apache.catalina.core.ApplicationFilterChain.internalDoFilter(ApplicationFilterChain.java:164)
	at org.apache.catalina.core.ApplicationFilterChain.doFilter(ApplicationFilterChain.java:140)
	at org.springframework.web.filter.RequestContextFilter.doFilterInternal(RequestContextFilter.java:100)
	at org.springframework.web.filter.OncePerRequestFilter.doFilter(OncePerRequestFilter.java:116)
	at org.apache.catalina.core.ApplicationFilterChain.internalDoFilter(ApplicationFilterChain.java:164)
	at org.apache.catalina.core.ApplicationFilterChain.doFilter(ApplicationFilterChain.java:140)
	at org.springframework.web.filter.FormContentFilter.doFilterInternal(FormContentFilter.java:93)
	at org.springframework.web.filter.OncePerRequestFilter.doFilter(OncePerRequestFilter.java:116)
	at org.apache.catalina.core.ApplicationFilterChain.internalDoFilter(ApplicationFilterChain.java:164)
	at org.apache.catalina.core.ApplicationFilterChain.doFilter(ApplicationFilterChain.java:140)
	at org.springframework.web.filter.CharacterEncodingFilter.doFilterInternal(CharacterEncodingFilter.java:201)
	at org.springframework.web.filter.OncePerRequestFilter.doFilter(OncePerRequestFilter.java:116)
	at org.apache.catalina.core.ApplicationFilterChain.internalDoFilter(ApplicationFilterChain.java:164)
	at org.apache.catalina.core.ApplicationFilterChain.doFilter(ApplicationFilterChain.java:140)
	at org.apache.catalina.core.StandardWrapperValve.invoke(StandardWrapperValve.java:167)
	at org.apache.catalina.core.StandardContextValve.invoke(StandardContextValve.java:90)
	at org.apache.catalina.authenticator.AuthenticatorBase.invoke(AuthenticatorBase.java:483)
	at org.apache.catalina.core.StandardHostValve.invoke(StandardHostValve.java:115)
	at org.apache.catalina.valves.ErrorReportValve.invoke(ErrorReportValve.java:93)
	at org.apache.catalina.core.StandardEngineValve.invoke(StandardEngineValve.java:74)
	at org.apache.catalina.connector.CoyoteAdapter.service(CoyoteAdapter.java:344)
	at org.apache.coyote.http11.Http11Processor.service(Http11Processor.java:384)
	at org.apache.coyote.AbstractProcessorLight.process(AbstractProcessorLight.java:63)
	at org.apache.coyote.AbstractProtocol$ConnectionHandler.process(AbstractProtocol.java:905)
	at org.apache.tomcat.util.net.NioEndpoint$SocketProcessor.doRun(NioEndpoint.java:1741)
	at org.apache.tomcat.util.net.SocketProcessorBase.run(SocketProcessorBase.java:52)
	at org.apache.tomcat.util.threads.ThreadPoolExecutor.runWorker(ThreadPoolExecutor.java:1190)
	at org.apache.tomcat.util.threads.ThreadPoolExecutor$Worker.run(ThreadPoolExecutor.java:659)
	at org.apache.tomcat.util.threads.TaskThread$WrappingRunnable.run(TaskThread.java:63)
	at java.base/java.lang.Thread.run(Thread.java:1583)
2025-04-02 21:33:43 ERROR - Order creation failed: Failed to update existing Order.
2025-04-02 21:37:06 INFO  - Closing JPA EntityManagerFactory for persistence unit 'default'
2025-04-02 21:37:06 INFO  - HikariPool-1 - Shutdown initiated...
2025-04-02 21:37:06 INFO  - HikariPool-1 - Shutdown completed.
2025-04-02 21:37:09 INFO  - Starting PodoCareWebsiteApplication using Java 21.0.2 with PID 12916 (C:\Users\Wojtek\Desktop\nowy projekt\PodoCarePRO\be\PodoCareWebsite\target\classes started by Wojtek in C:\Users\Wojtek\Desktop\nowy projekt\PodoCarePRO\be)
2025-04-02 21:37:09 INFO  - No active profile set, falling back to 1 default profile: "default"
2025-04-02 21:37:10 INFO  - Bootstrapping Spring Data JPA repositories in DEFAULT mode.
2025-04-02 21:37:10 INFO  - Finished Spring Data repository scanning in 76 ms. Found 10 JPA repository interfaces.
2025-04-02 21:37:10 INFO  - Tomcat initialized with port 8080 (http)
2025-04-02 21:37:10 INFO  - Initializing ProtocolHandler ["http-nio-8080"]
2025-04-02 21:37:10 INFO  - Starting service [Tomcat]
2025-04-02 21:37:10 INFO  - Starting Servlet engine: [Apache Tomcat/10.1.30]
2025-04-02 21:37:10 INFO  - Initializing Spring embedded WebApplicationContext
2025-04-02 21:37:10 INFO  - Root WebApplicationContext: initialization completed in 1127 ms
2025-04-02 21:37:11 INFO  - HikariPool-1 - Starting...
2025-04-02 21:37:11 INFO  - HikariPool-1 - Added connection org.postgresql.jdbc.PgConnection@674da77b
2025-04-02 21:37:11 INFO  - HikariPool-1 - Start completed.
2025-04-02 21:37:11 INFO  - Set default schema name to public
2025-04-02 21:37:11 INFO  - Reading from public.databasechangelog
2025-04-02 21:37:11 INFO  - Reading from public.databasechangelog
2025-04-02 21:37:11 INFO  - UPDATE SUMMARY
2025-04-02 21:37:11 INFO  - Run:                          0
2025-04-02 21:37:11 INFO  - Previously run:               4
2025-04-02 21:37:11 INFO  - Filtered out:                 0
2025-04-02 21:37:11 INFO  - -------------------------------
2025-04-02 21:37:11 INFO  - Total change sets:            4

2025-04-02 21:37:11 INFO  - Update summary generated
2025-04-02 21:37:11 INFO  - Successfully released change log lock
2025-04-02 21:37:11 INFO  - Command execution complete
2025-04-02 21:37:11 INFO  - HHH000204: Processing PersistenceUnitInfo [name: default]
2025-04-02 21:37:11 INFO  - HHH000412: Hibernate ORM core version 6.5.3.Final
2025-04-02 21:37:11 INFO  - HHH000026: Second-level cache disabled
2025-04-02 21:37:12 INFO  - No LoadTimeWeaver setup: ignoring JPA class transformer
2025-04-02 21:37:12 WARN  - HHH90000025: PostgreSQLDialect does not need to be specified explicitly using 'hibernate.dialect' (remove the property setting and it will be selected by default)
2025-04-02 21:37:13 INFO  - HHH000489: No JTA platform available (set 'hibernate.transaction.jta.platform' to enable JTA platform integration)
2025-04-02 21:37:13 INFO  - Initialized JPA EntityManagerFactory for persistence unit 'default'
2025-04-02 21:37:13 INFO  - Hibernate is in classpath; If applicable, HQL parser will be used.
2025-04-02 21:37:14 WARN  - spring.jpa.open-in-view is enabled by default. Therefore, database queries may be performed during view rendering. Explicitly configure spring.jpa.open-in-view to disable this warning
2025-04-02 21:37:15 INFO  - Starting ProtocolHandler ["http-nio-8080"]
2025-04-02 21:37:15 INFO  - Tomcat started on port 8080 (http) with context path '/'
2025-04-02 21:37:15 INFO  - Started PodoCareWebsiteApplication in 5.525 seconds (process running for 5.999)
2025-04-02 21:37:40 INFO  - Initializing Spring DispatcherServlet 'dispatcherServlet'
2025-04-02 21:37:40 INFO  - Initializing Servlet 'dispatcherServlet'
2025-04-02 21:37:40 INFO  - Completed initialization in 1 ms
2025-04-02 21:37:59 ERROR - Order creation failed: Failed to update existing Order.
2025-04-02 21:42:48 INFO  - Closing JPA EntityManagerFactory for persistence unit 'default'
2025-04-02 21:42:48 INFO  - HikariPool-1 - Shutdown initiated...
2025-04-02 21:42:48 INFO  - HikariPool-1 - Shutdown completed.
