2025-03-26 13:10:46 INFO  - Starting PodoCareWebsiteApplication using Java 21.0.2 with PID 21316 (C:\Users\Wojtek\Desktop\nowy projekt\PodoCarePRO\be\PodoCareWebsite\target\classes started by Wojtek in C:\Users\Wojtek\Desktop\nowy projekt\PodoCarePRO\be)
2025-03-26 13:10:46 INFO  - No active profile set, falling back to 1 default profile: "default"
2025-03-26 13:10:46 INFO  - Bootstrapping Spring Data JPA repositories in DEFAULT mode.
2025-03-26 13:10:46 INFO  - Finished Spring Data repository scanning in 81 ms. Found 10 JPA repository interfaces.
2025-03-26 13:10:47 INFO  - Tomcat initialized with port 8080 (http)
2025-03-26 13:10:47 INFO  - Initializing ProtocolHandler ["http-nio-8080"]
2025-03-26 13:10:47 INFO  - Starting service [Tomcat]
2025-03-26 13:10:47 INFO  - Starting Servlet engine: [Apache Tomcat/10.1.30]
2025-03-26 13:10:47 INFO  - Initializing Spring embedded WebApplicationContext
2025-03-26 13:10:47 INFO  - Root WebApplicationContext: initialization completed in 1353 ms
2025-03-26 13:10:47 INFO  - HikariPool-1 - Starting...
2025-03-26 13:10:47 INFO  - HikariPool-1 - Added connection org.postgresql.jdbc.PgConnection@5e9bbd9d
2025-03-26 13:10:47 INFO  - HikariPool-1 - Start completed.
2025-03-26 13:10:47 INFO  - Set default schema name to public
2025-03-26 13:10:48 INFO  - Reading from public.databasechangelog
2025-03-26 13:10:48 INFO  - Reading from public.databasechangelog
2025-03-26 13:10:48 INFO  - UPDATE SUMMARY
2025-03-26 13:10:48 INFO  - Run:                          0
2025-03-26 13:10:48 INFO  - Previously run:               4
2025-03-26 13:10:48 INFO  - Filtered out:                 0
2025-03-26 13:10:48 INFO  - -------------------------------
2025-03-26 13:10:48 INFO  - Total change sets:            4

2025-03-26 13:10:48 INFO  - Update summary generated
2025-03-26 13:10:48 INFO  - Successfully released change log lock
2025-03-26 13:10:48 INFO  - Command execution complete
2025-03-26 13:10:48 INFO  - HHH000204: Processing PersistenceUnitInfo [name: default]
2025-03-26 13:10:48 INFO  - HHH000412: Hibernate ORM core version 6.5.3.Final
2025-03-26 13:10:48 INFO  - HHH000026: Second-level cache disabled
2025-03-26 13:10:48 INFO  - No LoadTimeWeaver setup: ignoring JPA class transformer
2025-03-26 13:10:49 WARN  - HHH90000025: PostgreSQLDialect does not need to be specified explicitly using 'hibernate.dialect' (remove the property setting and it will be selected by default)
2025-03-26 13:10:49 INFO  - HHH000489: No JTA platform available (set 'hibernate.transaction.jta.platform' to enable JTA platform integration)
2025-03-26 13:10:49 INFO  - Initialized JPA EntityManagerFactory for persistence unit 'default'
2025-03-26 13:10:50 INFO  - Hibernate is in classpath; If applicable, HQL parser will be used.
2025-03-26 13:10:51 WARN  - spring.jpa.open-in-view is enabled by default. Therefore, database queries may be performed during view rendering. Explicitly configure spring.jpa.open-in-view to disable this warning
2025-03-26 13:10:51 INFO  - Starting ProtocolHandler ["http-nio-8080"]
2025-03-26 13:10:51 INFO  - Tomcat started on port 8080 (http) with context path '/'
2025-03-26 13:10:51 INFO  - Started PodoCareWebsiteApplication in 6.163 seconds (process running for 6.737)
2025-03-26 13:10:58 INFO  - Initializing Spring DispatcherServlet 'dispatcherServlet'
2025-03-26 13:10:58 INFO  - Initializing Servlet 'dispatcherServlet'
2025-03-26 13:10:58 INFO  - Completed initialization in 1 ms
2025-03-26 13:34:38 INFO  - Closing JPA EntityManagerFactory for persistence unit 'default'
2025-03-26 13:34:38 INFO  - HikariPool-1 - Shutdown initiated...
2025-03-26 13:34:38 INFO  - HikariPool-1 - Shutdown completed.
2025-03-26 13:34:41 INFO  - Starting PodoCareWebsiteApplication using Java 21.0.2 with PID 10132 (C:\Users\Wojtek\Desktop\nowy projekt\PodoCarePRO\be\PodoCareWebsite\target\classes started by Wojtek in C:\Users\Wojtek\Desktop\nowy projekt\PodoCarePRO\be)
2025-03-26 13:34:41 INFO  - No active profile set, falling back to 1 default profile: "default"
2025-03-26 13:34:42 INFO  - Bootstrapping Spring Data JPA repositories in DEFAULT mode.
2025-03-26 13:34:42 INFO  - Finished Spring Data repository scanning in 85 ms. Found 10 JPA repository interfaces.
2025-03-26 13:34:42 INFO  - Tomcat initialized with port 8080 (http)
2025-03-26 13:34:42 INFO  - Initializing ProtocolHandler ["http-nio-8080"]
2025-03-26 13:34:42 INFO  - Starting service [Tomcat]
2025-03-26 13:34:42 INFO  - Starting Servlet engine: [Apache Tomcat/10.1.30]
2025-03-26 13:34:43 INFO  - Initializing Spring embedded WebApplicationContext
2025-03-26 13:34:43 INFO  - Root WebApplicationContext: initialization completed in 1120 ms
2025-03-26 13:34:43 INFO  - HikariPool-1 - Starting...
2025-03-26 13:34:43 INFO  - HikariPool-1 - Added connection org.postgresql.jdbc.PgConnection@477021ee
2025-03-26 13:34:43 INFO  - HikariPool-1 - Start completed.
2025-03-26 13:34:43 INFO  - Set default schema name to public
2025-03-26 13:34:43 INFO  - Reading from public.databasechangelog
2025-03-26 13:34:43 INFO  - Reading from public.databasechangelog
2025-03-26 13:34:43 INFO  - UPDATE SUMMARY
2025-03-26 13:34:43 INFO  - Run:                          0
2025-03-26 13:34:43 INFO  - Previously run:               4
2025-03-26 13:34:43 INFO  - Filtered out:                 0
2025-03-26 13:34:43 INFO  - -------------------------------
2025-03-26 13:34:43 INFO  - Total change sets:            4

2025-03-26 13:34:43 INFO  - Update summary generated
2025-03-26 13:34:43 INFO  - Successfully released change log lock
2025-03-26 13:34:43 INFO  - Command execution complete
2025-03-26 13:34:43 INFO  - HHH000204: Processing PersistenceUnitInfo [name: default]
2025-03-26 13:34:44 INFO  - HHH000412: Hibernate ORM core version 6.5.3.Final
2025-03-26 13:34:44 INFO  - HHH000026: Second-level cache disabled
2025-03-26 13:34:44 INFO  - No LoadTimeWeaver setup: ignoring JPA class transformer
2025-03-26 13:34:44 WARN  - HHH90000025: PostgreSQLDialect does not need to be specified explicitly using 'hibernate.dialect' (remove the property setting and it will be selected by default)
2025-03-26 13:34:45 INFO  - HHH000489: No JTA platform available (set 'hibernate.transaction.jta.platform' to enable JTA platform integration)
2025-03-26 13:34:45 INFO  - Initialized JPA EntityManagerFactory for persistence unit 'default'
2025-03-26 13:34:45 INFO  - Hibernate is in classpath; If applicable, HQL parser will be used.
2025-03-26 13:34:46 WARN  - spring.jpa.open-in-view is enabled by default. Therefore, database queries may be performed during view rendering. Explicitly configure spring.jpa.open-in-view to disable this warning
2025-03-26 13:34:47 INFO  - Starting ProtocolHandler ["http-nio-8080"]
2025-03-26 13:34:47 INFO  - Tomcat started on port 8080 (http) with context path '/'
2025-03-26 13:34:47 INFO  - Started PodoCareWebsiteApplication in 5.661 seconds (process running for 6.16)
2025-03-26 13:35:12 INFO  - Initializing Spring DispatcherServlet 'dispatcherServlet'
2025-03-26 13:35:12 INFO  - Initializing Servlet 'dispatcherServlet'
2025-03-26 13:35:12 INFO  - Completed initialization in 1 ms
2025-03-26 17:18:13 INFO  - Closing JPA EntityManagerFactory for persistence unit 'default'
2025-03-26 17:18:13 INFO  - HikariPool-1 - Shutdown initiated...
2025-03-26 17:18:13 INFO  - HikariPool-1 - Shutdown completed.
2025-03-26 17:18:16 INFO  - Starting PodoCareWebsiteApplication using Java 21.0.2 with PID 14648 (C:\Users\Wojtek\Desktop\nowy projekt\PodoCarePRO\be\PodoCareWebsite\target\classes started by Wojtek in C:\Users\Wojtek\Desktop\nowy projekt\PodoCarePRO\be)
2025-03-26 17:18:16 INFO  - No active profile set, falling back to 1 default profile: "default"
2025-03-26 17:18:17 INFO  - Bootstrapping Spring Data JPA repositories in DEFAULT mode.
2025-03-26 17:18:17 INFO  - Finished Spring Data repository scanning in 89 ms. Found 10 JPA repository interfaces.
2025-03-26 17:18:18 INFO  - Tomcat initialized with port 8080 (http)
2025-03-26 17:18:18 INFO  - Initializing ProtocolHandler ["http-nio-8080"]
2025-03-26 17:18:18 INFO  - Starting service [Tomcat]
2025-03-26 17:18:18 INFO  - Starting Servlet engine: [Apache Tomcat/10.1.30]
2025-03-26 17:18:18 INFO  - Initializing Spring embedded WebApplicationContext
2025-03-26 17:18:18 INFO  - Root WebApplicationContext: initialization completed in 1292 ms
2025-03-26 17:18:18 INFO  - HikariPool-1 - Starting...
2025-03-26 17:18:18 INFO  - HikariPool-1 - Added connection org.postgresql.jdbc.PgConnection@3d2f3dcb
2025-03-26 17:18:18 INFO  - HikariPool-1 - Start completed.
2025-03-26 17:18:18 INFO  - Set default schema name to public
2025-03-26 17:18:19 INFO  - Reading from public.databasechangelog
2025-03-26 17:18:19 INFO  - Reading from public.databasechangelog
2025-03-26 17:18:19 INFO  - UPDATE SUMMARY
2025-03-26 17:18:19 INFO  - Run:                          0
2025-03-26 17:18:19 INFO  - Previously run:               4
2025-03-26 17:18:19 INFO  - Filtered out:                 0
2025-03-26 17:18:19 INFO  - -------------------------------
2025-03-26 17:18:19 INFO  - Total change sets:            4

2025-03-26 17:18:19 INFO  - Update summary generated
2025-03-26 17:18:19 INFO  - Successfully released change log lock
2025-03-26 17:18:19 INFO  - Command execution complete
2025-03-26 17:18:19 INFO  - HHH000204: Processing PersistenceUnitInfo [name: default]
2025-03-26 17:18:19 INFO  - HHH000412: Hibernate ORM core version 6.5.3.Final
2025-03-26 17:18:19 INFO  - HHH000026: Second-level cache disabled
2025-03-26 17:18:19 INFO  - No LoadTimeWeaver setup: ignoring JPA class transformer
2025-03-26 17:18:19 WARN  - HHH90000025: PostgreSQLDialect does not need to be specified explicitly using 'hibernate.dialect' (remove the property setting and it will be selected by default)
2025-03-26 17:18:20 INFO  - HHH000489: No JTA platform available (set 'hibernate.transaction.jta.platform' to enable JTA platform integration)
2025-03-26 17:18:20 INFO  - Initialized JPA EntityManagerFactory for persistence unit 'default'
2025-03-26 17:18:20 INFO  - Hibernate is in classpath; If applicable, HQL parser will be used.
2025-03-26 17:18:22 WARN  - spring.jpa.open-in-view is enabled by default. Therefore, database queries may be performed during view rendering. Explicitly configure spring.jpa.open-in-view to disable this warning
2025-03-26 17:18:22 INFO  - Starting ProtocolHandler ["http-nio-8080"]
2025-03-26 17:18:22 INFO  - Tomcat started on port 8080 (http) with context path '/'
2025-03-26 17:18:22 INFO  - Started PodoCareWebsiteApplication in 5.978 seconds (process running for 6.455)
2025-03-26 17:18:39 INFO  - Initializing Spring DispatcherServlet 'dispatcherServlet'
2025-03-26 17:18:39 INFO  - Initializing Servlet 'dispatcherServlet'
2025-03-26 17:18:39 INFO  - Completed initialization in 2 ms
2025-03-26 17:31:28 INFO  - Closing JPA EntityManagerFactory for persistence unit 'default'
2025-03-26 17:31:28 INFO  - HikariPool-1 - Shutdown initiated...
2025-03-26 17:31:28 INFO  - HikariPool-1 - Shutdown completed.
2025-03-26 17:31:32 INFO  - Starting PodoCareWebsiteApplication using Java 21.0.2 with PID 4700 (C:\Users\Wojtek\Desktop\nowy projekt\PodoCarePRO\be\PodoCareWebsite\target\classes started by Wojtek in C:\Users\Wojtek\Desktop\nowy projekt\PodoCarePRO\be)
2025-03-26 17:31:32 INFO  - No active profile set, falling back to 1 default profile: "default"
2025-03-26 17:31:33 INFO  - Bootstrapping Spring Data JPA repositories in DEFAULT mode.
2025-03-26 17:31:33 INFO  - Finished Spring Data repository scanning in 76 ms. Found 10 JPA repository interfaces.
2025-03-26 17:31:33 INFO  - Tomcat initialized with port 8080 (http)
2025-03-26 17:31:33 INFO  - Initializing ProtocolHandler ["http-nio-8080"]
2025-03-26 17:31:33 INFO  - Starting service [Tomcat]
2025-03-26 17:31:33 INFO  - Starting Servlet engine: [Apache Tomcat/10.1.30]
2025-03-26 17:31:33 INFO  - Initializing Spring embedded WebApplicationContext
2025-03-26 17:31:33 INFO  - Root WebApplicationContext: initialization completed in 1171 ms
2025-03-26 17:31:34 INFO  - HikariPool-1 - Starting...
2025-03-26 17:31:34 INFO  - HikariPool-1 - Added connection org.postgresql.jdbc.PgConnection@4ea56bdb
2025-03-26 17:31:34 INFO  - HikariPool-1 - Start completed.
2025-03-26 17:31:34 INFO  - Set default schema name to public
2025-03-26 17:31:34 INFO  - Reading from public.databasechangelog
2025-03-26 17:31:34 INFO  - Reading from public.databasechangelog
2025-03-26 17:31:34 INFO  - UPDATE SUMMARY
2025-03-26 17:31:34 INFO  - Run:                          0
2025-03-26 17:31:34 INFO  - Previously run:               4
2025-03-26 17:31:34 INFO  - Filtered out:                 0
2025-03-26 17:31:34 INFO  - -------------------------------
2025-03-26 17:31:34 INFO  - Total change sets:            4

2025-03-26 17:31:34 INFO  - Update summary generated
2025-03-26 17:31:34 INFO  - Successfully released change log lock
2025-03-26 17:31:34 INFO  - Command execution complete
2025-03-26 17:31:34 INFO  - HHH000204: Processing PersistenceUnitInfo [name: default]
2025-03-26 17:31:34 INFO  - HHH000412: Hibernate ORM core version 6.5.3.Final
2025-03-26 17:31:34 INFO  - HHH000026: Second-level cache disabled
2025-03-26 17:31:35 INFO  - No LoadTimeWeaver setup: ignoring JPA class transformer
2025-03-26 17:31:35 WARN  - HHH90000025: PostgreSQLDialect does not need to be specified explicitly using 'hibernate.dialect' (remove the property setting and it will be selected by default)
2025-03-26 17:31:36 INFO  - HHH000489: No JTA platform available (set 'hibernate.transaction.jta.platform' to enable JTA platform integration)
2025-03-26 17:31:36 INFO  - Initialized JPA EntityManagerFactory for persistence unit 'default'
2025-03-26 17:31:36 INFO  - Hibernate is in classpath; If applicable, HQL parser will be used.
2025-03-26 17:31:37 WARN  - spring.jpa.open-in-view is enabled by default. Therefore, database queries may be performed during view rendering. Explicitly configure spring.jpa.open-in-view to disable this warning
2025-03-26 17:31:38 INFO  - Starting ProtocolHandler ["http-nio-8080"]
2025-03-26 17:31:38 INFO  - Tomcat started on port 8080 (http) with context path '/'
2025-03-26 17:31:38 INFO  - Started PodoCareWebsiteApplication in 5.738 seconds (process running for 6.221)
2025-03-26 17:31:45 INFO  - Initializing Spring DispatcherServlet 'dispatcherServlet'
2025-03-26 17:31:45 INFO  - Initializing Servlet 'dispatcherServlet'
2025-03-26 17:31:45 INFO  - Completed initialization in 1 ms
2025-03-26 17:40:35 INFO  - Closing JPA EntityManagerFactory for persistence unit 'default'
2025-03-26 17:40:35 INFO  - HikariPool-1 - Shutdown initiated...
2025-03-26 17:40:35 INFO  - HikariPool-1 - Shutdown completed.
2025-03-26 17:40:38 INFO  - Starting PodoCareWebsiteApplication using Java 21.0.2 with PID 4340 (C:\Users\Wojtek\Desktop\nowy projekt\PodoCarePRO\be\PodoCareWebsite\target\classes started by Wojtek in C:\Users\Wojtek\Desktop\nowy projekt\PodoCarePRO\be)
2025-03-26 17:40:38 INFO  - No active profile set, falling back to 1 default profile: "default"
2025-03-26 17:40:39 INFO  - Bootstrapping Spring Data JPA repositories in DEFAULT mode.
2025-03-26 17:40:39 INFO  - Finished Spring Data repository scanning in 82 ms. Found 10 JPA repository interfaces.
2025-03-26 17:40:39 INFO  - Tomcat initialized with port 8080 (http)
2025-03-26 17:40:39 INFO  - Initializing ProtocolHandler ["http-nio-8080"]
2025-03-26 17:40:39 INFO  - Starting service [Tomcat]
2025-03-26 17:40:39 INFO  - Starting Servlet engine: [Apache Tomcat/10.1.30]
2025-03-26 17:40:40 INFO  - Initializing Spring embedded WebApplicationContext
2025-03-26 17:40:40 INFO  - Root WebApplicationContext: initialization completed in 1110 ms
2025-03-26 17:40:40 INFO  - HikariPool-1 - Starting...
2025-03-26 17:40:40 INFO  - HikariPool-1 - Added connection org.postgresql.jdbc.PgConnection@3d2f3dcb
2025-03-26 17:40:40 INFO  - HikariPool-1 - Start completed.
2025-03-26 17:40:40 INFO  - Set default schema name to public
2025-03-26 17:40:40 INFO  - Reading from public.databasechangelog
2025-03-26 17:40:40 INFO  - Reading from public.databasechangelog
2025-03-26 17:40:40 INFO  - UPDATE SUMMARY
2025-03-26 17:40:40 INFO  - Run:                          0
2025-03-26 17:40:40 INFO  - Previously run:               4
2025-03-26 17:40:40 INFO  - Filtered out:                 0
2025-03-26 17:40:40 INFO  - -------------------------------
2025-03-26 17:40:40 INFO  - Total change sets:            4

2025-03-26 17:40:40 INFO  - Update summary generated
2025-03-26 17:40:40 INFO  - Successfully released change log lock
2025-03-26 17:40:40 INFO  - Command execution complete
2025-03-26 17:40:40 INFO  - HHH000204: Processing PersistenceUnitInfo [name: default]
2025-03-26 17:40:41 INFO  - HHH000412: Hibernate ORM core version 6.5.3.Final
2025-03-26 17:40:41 INFO  - HHH000026: Second-level cache disabled
2025-03-26 17:40:41 INFO  - No LoadTimeWeaver setup: ignoring JPA class transformer
2025-03-26 17:40:41 WARN  - HHH90000025: PostgreSQLDialect does not need to be specified explicitly using 'hibernate.dialect' (remove the property setting and it will be selected by default)
2025-03-26 17:40:42 INFO  - HHH000489: No JTA platform available (set 'hibernate.transaction.jta.platform' to enable JTA platform integration)
2025-03-26 17:40:42 INFO  - Initialized JPA EntityManagerFactory for persistence unit 'default'
2025-03-26 17:40:42 INFO  - Hibernate is in classpath; If applicable, HQL parser will be used.
2025-03-26 17:40:43 WARN  - spring.jpa.open-in-view is enabled by default. Therefore, database queries may be performed during view rendering. Explicitly configure spring.jpa.open-in-view to disable this warning
2025-03-26 17:40:44 INFO  - Starting ProtocolHandler ["http-nio-8080"]
2025-03-26 17:40:44 INFO  - Tomcat started on port 8080 (http) with context path '/'
2025-03-26 17:40:44 INFO  - Started PodoCareWebsiteApplication in 5.556 seconds (process running for 6.033)
2025-03-26 17:40:50 INFO  - Initializing Spring DispatcherServlet 'dispatcherServlet'
2025-03-26 17:40:50 INFO  - Initializing Servlet 'dispatcherServlet'
2025-03-26 17:40:50 INFO  - Completed initialization in 1 ms
2025-03-26 17:45:19 INFO  - Closing JPA EntityManagerFactory for persistence unit 'default'
2025-03-26 17:45:19 INFO  - HikariPool-1 - Shutdown initiated...
2025-03-26 17:45:19 INFO  - HikariPool-1 - Shutdown completed.
2025-03-26 17:45:22 INFO  - Starting PodoCareWebsiteApplication using Java 21.0.2 with PID 3332 (C:\Users\Wojtek\Desktop\nowy projekt\PodoCarePRO\be\PodoCareWebsite\target\classes started by Wojtek in C:\Users\Wojtek\Desktop\nowy projekt\PodoCarePRO\be)
2025-03-26 17:45:22 INFO  - No active profile set, falling back to 1 default profile: "default"
2025-03-26 17:45:22 INFO  - Bootstrapping Spring Data JPA repositories in DEFAULT mode.
2025-03-26 17:45:23 INFO  - Finished Spring Data repository scanning in 77 ms. Found 10 JPA repository interfaces.
2025-03-26 17:45:23 INFO  - Tomcat initialized with port 8080 (http)
2025-03-26 17:45:23 INFO  - Initializing ProtocolHandler ["http-nio-8080"]
2025-03-26 17:45:23 INFO  - Starting service [Tomcat]
2025-03-26 17:45:23 INFO  - Starting Servlet engine: [Apache Tomcat/10.1.30]
2025-03-26 17:45:23 INFO  - Initializing Spring embedded WebApplicationContext
2025-03-26 17:45:23 INFO  - Root WebApplicationContext: initialization completed in 1116 ms
2025-03-26 17:45:23 INFO  - HikariPool-1 - Starting...
2025-03-26 17:45:23 INFO  - HikariPool-1 - Added connection org.postgresql.jdbc.PgConnection@5b1efaaf
2025-03-26 17:45:23 INFO  - HikariPool-1 - Start completed.
2025-03-26 17:45:24 INFO  - Set default schema name to public
2025-03-26 17:45:24 INFO  - Reading from public.databasechangelog
2025-03-26 17:45:24 INFO  - Reading from public.databasechangelog
2025-03-26 17:45:24 INFO  - UPDATE SUMMARY
2025-03-26 17:45:24 INFO  - Run:                          0
2025-03-26 17:45:24 INFO  - Previously run:               4
2025-03-26 17:45:24 INFO  - Filtered out:                 0
2025-03-26 17:45:24 INFO  - -------------------------------
2025-03-26 17:45:24 INFO  - Total change sets:            4

2025-03-26 17:45:24 INFO  - Update summary generated
2025-03-26 17:45:24 INFO  - Successfully released change log lock
2025-03-26 17:45:24 INFO  - Command execution complete
2025-03-26 17:45:24 INFO  - HHH000204: Processing PersistenceUnitInfo [name: default]
2025-03-26 17:45:24 INFO  - HHH000412: Hibernate ORM core version 6.5.3.Final
2025-03-26 17:45:24 INFO  - HHH000026: Second-level cache disabled
2025-03-26 17:45:25 INFO  - No LoadTimeWeaver setup: ignoring JPA class transformer
2025-03-26 17:45:25 WARN  - HHH90000025: PostgreSQLDialect does not need to be specified explicitly using 'hibernate.dialect' (remove the property setting and it will be selected by default)
2025-03-26 17:45:25 INFO  - HHH000489: No JTA platform available (set 'hibernate.transaction.jta.platform' to enable JTA platform integration)
2025-03-26 17:45:25 INFO  - Initialized JPA EntityManagerFactory for persistence unit 'default'
2025-03-26 17:45:26 INFO  - Hibernate is in classpath; If applicable, HQL parser will be used.
2025-03-26 17:45:27 WARN  - spring.jpa.open-in-view is enabled by default. Therefore, database queries may be performed during view rendering. Explicitly configure spring.jpa.open-in-view to disable this warning
2025-03-26 17:45:27 INFO  - Starting ProtocolHandler ["http-nio-8080"]
2025-03-26 17:45:27 INFO  - Tomcat started on port 8080 (http) with context path '/'
2025-03-26 17:45:27 INFO  - Started PodoCareWebsiteApplication in 5.813 seconds (process running for 6.295)
2025-03-26 17:45:33 INFO  - Initializing Spring DispatcherServlet 'dispatcherServlet'
2025-03-26 17:45:33 INFO  - Initializing Servlet 'dispatcherServlet'
2025-03-26 17:45:33 INFO  - Completed initialization in 1 ms
2025-03-26 18:42:41 INFO  - Closing JPA EntityManagerFactory for persistence unit 'default'
2025-03-26 18:42:41 INFO  - HikariPool-1 - Shutdown initiated...
2025-03-26 18:42:41 INFO  - HikariPool-1 - Shutdown completed.
