2024-12-20 22:03:37 INFO  - Starting PodoCareWebsiteApplication using Java 21.0.2 with PID 11368 (C:\InteliJProjects\PodoCareWebsite\target\classes started by Wojtek in C:\InteliJProjects\PodoCareWebsite)
2024-12-20 22:03:37 INFO  - No active profile set, falling back to 1 default profile: "default"
2024-12-20 22:03:37 INFO  - Bootstrapping Spring Data JPA repositories in DEFAULT mode.
2024-12-20 22:03:38 INFO  - Finished Spring Data repository scanning in 101 ms. Found 11 JPA repository interfaces.
2024-12-20 22:03:38 INFO  - Tomcat initialized with port 8080 (http)
2024-12-20 22:03:38 INFO  - Initializing ProtocolHandler ["http-nio-8080"]
2024-12-20 22:03:38 INFO  - Starting service [Tomcat]
2024-12-20 22:03:38 INFO  - Starting Servlet engine: [Apache Tomcat/10.1.30]
2024-12-20 22:03:38 INFO  - Initializing Spring embedded WebApplicationContext
2024-12-20 22:03:38 INFO  - Root WebApplicationContext: initialization completed in 1402 ms
2024-12-20 22:03:38 INFO  - HHH000204: Processing PersistenceUnitInfo [name: default]
2024-12-20 22:03:38 INFO  - HHH000412: Hibernate ORM core version 6.5.3.Final
2024-12-20 22:03:38 INFO  - HHH000026: Second-level cache disabled
2024-12-20 22:03:39 INFO  - No LoadTimeWeaver setup: ignoring JPA class transformer
2024-12-20 22:03:39 INFO  - HikariPool-1 - Starting...
2024-12-20 22:03:39 INFO  - HikariPool-1 - Added connection org.postgresql.jdbc.PgConnection@7d61468c
2024-12-20 22:03:39 INFO  - HikariPool-1 - Start completed.
2024-12-20 22:03:39 WARN  - HHH90000025: PostgreSQLDialect does not need to be specified explicitly using 'hibernate.dialect' (remove the property setting and it will be selected by default)
2024-12-20 22:03:40 INFO  - HHH000489: No JTA platform available (set 'hibernate.transaction.jta.platform' to enable JTA platform integration)
2024-12-20 22:03:40 INFO  - Initialized JPA EntityManagerFactory for persistence unit 'default'
2024-12-20 22:03:40 INFO  - Hibernate is in classpath; If applicable, HQL parser will be used.
2024-12-20 22:03:41 WARN  - Exception encountered during context initialization - cancelling refresh attempt: org.springframework.beans.factory.UnsatisfiedDependencyException: Error creating bean with name 'brandController': Unsatisfied dependency expressed through field 'brandService': Error creating bean with name 'brandService': Unsatisfied dependency expressed through field 'toolProductRepo': Error creating bean with name 'toolProductRepo' defined in com.podocare.PodoCareWebsite.repo.product_category.ToolProductRepo defined in @EnableJpaRepositories declared on JpaRepositoriesRegistrar.EnableJpaRepositoriesConfiguration: Could not create query for public abstract java.util.List com.podocare.PodoCareWebsite.repo.product_category.ToolProductRepo.findAllActiveWithActiveInstances(); Reason: Validation failed for query for method public abstract java.util.List com.podocare.PodoCareWebsite.repo.product_category.ToolProductRepo.findAllActiveWithActiveInstances()
2024-12-20 22:03:41 INFO  - Closing JPA EntityManagerFactory for persistence unit 'default'
2024-12-20 22:03:41 INFO  - HikariPool-1 - Shutdown initiated...
2024-12-20 22:03:41 INFO  - HikariPool-1 - Shutdown completed.
2024-12-20 22:03:41 INFO  - Stopping service [Tomcat]
2024-12-20 22:03:41 INFO  - 

Error starting ApplicationContext. To display the condition evaluation report re-run your application with 'debug' enabled.
2024-12-20 22:03:41 ERROR - Application run failed
org.springframework.beans.factory.UnsatisfiedDependencyException: Error creating bean with name 'brandController': Unsatisfied dependency expressed through field 'brandService': Error creating bean with name 'brandService': Unsatisfied dependency expressed through field 'toolProductRepo': Error creating bean with name 'toolProductRepo' defined in com.podocare.PodoCareWebsite.repo.product_category.ToolProductRepo defined in @EnableJpaRepositories declared on JpaRepositoriesRegistrar.EnableJpaRepositoriesConfiguration: Could not create query for public abstract java.util.List com.podocare.PodoCareWebsite.repo.product_category.ToolProductRepo.findAllActiveWithActiveInstances(); Reason: Validation failed for query for method public abstract java.util.List com.podocare.PodoCareWebsite.repo.product_category.ToolProductRepo.findAllActiveWithActiveInstances()
	at org.springframework.beans.factory.annotation.AutowiredAnnotationBeanPostProcessor$AutowiredFieldElement.resolveFieldValue(AutowiredAnnotationBeanPostProcessor.java:788)
	at org.springframework.beans.factory.annotation.AutowiredAnnotationBeanPostProcessor$AutowiredFieldElement.inject(AutowiredAnnotationBeanPostProcessor.java:768)
	at org.springframework.beans.factory.annotation.InjectionMetadata.inject(InjectionMetadata.java:145)
	at org.springframework.beans.factory.annotation.AutowiredAnnotationBeanPostProcessor.postProcessProperties(AutowiredAnnotationBeanPostProcessor.java:509)
	at org.springframework.beans.factory.support.AbstractAutowireCapableBeanFactory.populateBean(AbstractAutowireCapableBeanFactory.java:1439)
	at org.springframework.beans.factory.support.AbstractAutowireCapableBeanFactory.doCreateBean(AbstractAutowireCapableBeanFactory.java:599)
	at org.springframework.beans.factory.support.AbstractAutowireCapableBeanFactory.createBean(AbstractAutowireCapableBeanFactory.java:522)
	at org.springframework.beans.factory.support.AbstractBeanFactory.lambda$doGetBean$0(AbstractBeanFactory.java:337)
	at org.springframework.beans.factory.support.DefaultSingletonBeanRegistry.getSingleton(DefaultSingletonBeanRegistry.java:234)
	at org.springframework.beans.factory.support.AbstractBeanFactory.doGetBean(AbstractBeanFactory.java:335)
	at org.springframework.beans.factory.support.AbstractBeanFactory.getBean(AbstractBeanFactory.java:200)
	at org.springframework.beans.factory.support.DefaultListableBeanFactory.preInstantiateSingletons(DefaultListableBeanFactory.java:975)
	at org.springframework.context.support.AbstractApplicationContext.finishBeanFactoryInitialization(AbstractApplicationContext.java:971)
	at org.springframework.context.support.AbstractApplicationContext.refresh(AbstractApplicationContext.java:625)
	at org.springframework.boot.web.servlet.context.ServletWebServerApplicationContext.refresh(ServletWebServerApplicationContext.java:146)
	at org.springframework.boot.SpringApplication.refresh(SpringApplication.java:754)
	at org.springframework.boot.SpringApplication.refreshContext(SpringApplication.java:456)
	at org.springframework.boot.SpringApplication.run(SpringApplication.java:335)
	at org.springframework.boot.SpringApplication.run(SpringApplication.java:1363)
	at org.springframework.boot.SpringApplication.run(SpringApplication.java:1352)
	at com.podocare.PodoCareWebsite.PodoCareWebsiteApplication.main(PodoCareWebsiteApplication.java:10)
Caused by: org.springframework.beans.factory.UnsatisfiedDependencyException: Error creating bean with name 'brandService': Unsatisfied dependency expressed through field 'toolProductRepo': Error creating bean with name 'toolProductRepo' defined in com.podocare.PodoCareWebsite.repo.product_category.ToolProductRepo defined in @EnableJpaRepositories declared on JpaRepositoriesRegistrar.EnableJpaRepositoriesConfiguration: Could not create query for public abstract java.util.List com.podocare.PodoCareWebsite.repo.product_category.ToolProductRepo.findAllActiveWithActiveInstances(); Reason: Validation failed for query for method public abstract java.util.List com.podocare.PodoCareWebsite.repo.product_category.ToolProductRepo.findAllActiveWithActiveInstances()
	at org.springframework.beans.factory.annotation.AutowiredAnnotationBeanPostProcessor$AutowiredFieldElement.resolveFieldValue(AutowiredAnnotationBeanPostProcessor.java:788)
	at org.springframework.beans.factory.annotation.AutowiredAnnotationBeanPostProcessor$AutowiredFieldElement.inject(AutowiredAnnotationBeanPostProcessor.java:768)
	at org.springframework.beans.factory.annotation.InjectionMetadata.inject(InjectionMetadata.java:145)
	at org.springframework.beans.factory.annotation.AutowiredAnnotationBeanPostProcessor.postProcessProperties(AutowiredAnnotationBeanPostProcessor.java:509)
	at org.springframework.beans.factory.support.AbstractAutowireCapableBeanFactory.populateBean(AbstractAutowireCapableBeanFactory.java:1439)
	at org.springframework.beans.factory.support.AbstractAutowireCapableBeanFactory.doCreateBean(AbstractAutowireCapableBeanFactory.java:599)
	at org.springframework.beans.factory.support.AbstractAutowireCapableBeanFactory.createBean(AbstractAutowireCapableBeanFactory.java:522)
	at org.springframework.beans.factory.support.AbstractBeanFactory.lambda$doGetBean$0(AbstractBeanFactory.java:337)
	at org.springframework.beans.factory.support.DefaultSingletonBeanRegistry.getSingleton(DefaultSingletonBeanRegistry.java:234)
	at org.springframework.beans.factory.support.AbstractBeanFactory.doGetBean(AbstractBeanFactory.java:335)
	at org.springframework.beans.factory.support.AbstractBeanFactory.getBean(AbstractBeanFactory.java:200)
	at org.springframework.beans.factory.config.DependencyDescriptor.resolveCandidate(DependencyDescriptor.java:254)
	at org.springframework.beans.factory.support.DefaultListableBeanFactory.doResolveDependency(DefaultListableBeanFactory.java:1443)
	at org.springframework.beans.factory.support.DefaultListableBeanFactory.resolveDependency(DefaultListableBeanFactory.java:1353)
	at org.springframework.beans.factory.annotation.AutowiredAnnotationBeanPostProcessor$AutowiredFieldElement.resolveFieldValue(AutowiredAnnotationBeanPostProcessor.java:785)
	... 20 common frames omitted
Caused by: org.springframework.beans.factory.BeanCreationException: Error creating bean with name 'toolProductRepo' defined in com.podocare.PodoCareWebsite.repo.product_category.ToolProductRepo defined in @EnableJpaRepositories declared on JpaRepositoriesRegistrar.EnableJpaRepositoriesConfiguration: Could not create query for public abstract java.util.List com.podocare.PodoCareWebsite.repo.product_category.ToolProductRepo.findAllActiveWithActiveInstances(); Reason: Validation failed for query for method public abstract java.util.List com.podocare.PodoCareWebsite.repo.product_category.ToolProductRepo.findAllActiveWithActiveInstances()
	at org.springframework.beans.factory.support.AbstractAutowireCapableBeanFactory.initializeBean(AbstractAutowireCapableBeanFactory.java:1806)
	at org.springframework.beans.factory.support.AbstractAutowireCapableBeanFactory.doCreateBean(AbstractAutowireCapableBeanFactory.java:600)
	at org.springframework.beans.factory.support.AbstractAutowireCapableBeanFactory.createBean(AbstractAutowireCapableBeanFactory.java:522)
	at org.springframework.beans.factory.support.AbstractBeanFactory.lambda$doGetBean$0(AbstractBeanFactory.java:337)
	at org.springframework.beans.factory.support.DefaultSingletonBeanRegistry.getSingleton(DefaultSingletonBeanRegistry.java:234)
	at org.springframework.beans.factory.support.AbstractBeanFactory.doGetBean(AbstractBeanFactory.java:335)
	at org.springframework.beans.factory.support.AbstractBeanFactory.getBean(AbstractBeanFactory.java:200)
	at org.springframework.beans.factory.config.DependencyDescriptor.resolveCandidate(DependencyDescriptor.java:254)
	at org.springframework.beans.factory.support.DefaultListableBeanFactory.doResolveDependency(DefaultListableBeanFactory.java:1443)
	at org.springframework.beans.factory.support.DefaultListableBeanFactory.resolveDependency(DefaultListableBeanFactory.java:1353)
	at org.springframework.beans.factory.annotation.AutowiredAnnotationBeanPostProcessor$AutowiredFieldElement.resolveFieldValue(AutowiredAnnotationBeanPostProcessor.java:785)
	... 34 common frames omitted
Caused by: org.springframework.data.repository.query.QueryCreationException: Could not create query for public abstract java.util.List com.podocare.PodoCareWebsite.repo.product_category.ToolProductRepo.findAllActiveWithActiveInstances(); Reason: Validation failed for query for method public abstract java.util.List com.podocare.PodoCareWebsite.repo.product_category.ToolProductRepo.findAllActiveWithActiveInstances()
	at org.springframework.data.repository.query.QueryCreationException.create(QueryCreationException.java:101)
	at org.springframework.data.repository.core.support.QueryExecutorMethodInterceptor.lookupQuery(QueryExecutorMethodInterceptor.java:119)
	at org.springframework.data.repository.core.support.QueryExecutorMethodInterceptor.mapMethodsToQuery(QueryExecutorMethodInterceptor.java:103)
	at org.springframework.data.repository.core.support.QueryExecutorMethodInterceptor.lambda$new$0(QueryExecutorMethodInterceptor.java:92)
	at java.base/java.util.Optional.map(Optional.java:260)
	at org.springframework.data.repository.core.support.QueryExecutorMethodInterceptor.<init>(QueryExecutorMethodInterceptor.java:92)
	at org.springframework.data.repository.core.support.RepositoryFactorySupport.getRepository(RepositoryFactorySupport.java:357)
	at org.springframework.data.repository.core.support.RepositoryFactoryBeanSupport.lambda$afterPropertiesSet$5(RepositoryFactoryBeanSupport.java:286)
	at org.springframework.data.util.Lazy.getNullable(Lazy.java:135)
	at org.springframework.data.util.Lazy.get(Lazy.java:113)
	at org.springframework.data.repository.core.support.RepositoryFactoryBeanSupport.afterPropertiesSet(RepositoryFactoryBeanSupport.java:292)
	at org.springframework.data.jpa.repository.support.JpaRepositoryFactoryBean.afterPropertiesSet(JpaRepositoryFactoryBean.java:132)
	at org.springframework.beans.factory.support.AbstractAutowireCapableBeanFactory.invokeInitMethods(AbstractAutowireCapableBeanFactory.java:1853)
	at org.springframework.beans.factory.support.AbstractAutowireCapableBeanFactory.initializeBean(AbstractAutowireCapableBeanFactory.java:1802)
	... 44 common frames omitted
Caused by: java.lang.IllegalArgumentException: Validation failed for query for method public abstract java.util.List com.podocare.PodoCareWebsite.repo.product_category.ToolProductRepo.findAllActiveWithActiveInstances()
	at org.springframework.data.jpa.repository.query.SimpleJpaQuery.validateQuery(SimpleJpaQuery.java:100)
	at org.springframework.data.jpa.repository.query.SimpleJpaQuery.<init>(SimpleJpaQuery.java:70)
	at org.springframework.data.jpa.repository.query.JpaQueryFactory.fromMethodWithQueryString(JpaQueryFactory.java:60)
	at org.springframework.data.jpa.repository.query.JpaQueryLookupStrategy$DeclaredQueryLookupStrategy.resolveQuery(JpaQueryLookupStrategy.java:170)
	at org.springframework.data.jpa.repository.query.JpaQueryLookupStrategy$CreateIfNotFoundQueryLookupStrategy.resolveQuery(JpaQueryLookupStrategy.java:252)
	at org.springframework.data.jpa.repository.query.JpaQueryLookupStrategy$AbstractQueryLookupStrategy.resolveQuery(JpaQueryLookupStrategy.java:95)
	at org.springframework.data.repository.core.support.QueryExecutorMethodInterceptor.lookupQuery(QueryExecutorMethodInterceptor.java:115)
	... 56 common frames omitted
Caused by: java.lang.IllegalArgumentException: org.hibernate.query.sqm.UnknownPathException: Could not resolve attribute 'isOutOfUse' of 'com.podocare.PodoCareWebsite.model.product.product_category.product_instances.ToolProductInstance' [SELECT DISTINCT sp FROM ToolProduct sp JOIN FETCH sp.productInstances pi WHERE sp.isDeleted = false AND pi.isDeleted = false AND pi.isOutOfUse = false]
	at org.hibernate.internal.ExceptionConverterImpl.convert(ExceptionConverterImpl.java:143)
	at org.hibernate.internal.ExceptionConverterImpl.convert(ExceptionConverterImpl.java:167)
	at org.hibernate.internal.ExceptionConverterImpl.convert(ExceptionConverterImpl.java:173)
	at org.hibernate.internal.AbstractSharedSessionContract.createQuery(AbstractSharedSessionContract.java:860)
	at org.hibernate.internal.AbstractSharedSessionContract.createQuery(AbstractSharedSessionContract.java:765)
	at org.hibernate.internal.AbstractSharedSessionContract.createQuery(AbstractSharedSessionContract.java:140)
	at java.base/jdk.internal.reflect.DirectMethodHandleAccessor.invoke(DirectMethodHandleAccessor.java:103)
	at java.base/java.lang.reflect.Method.invoke(Method.java:580)
	at org.springframework.orm.jpa.ExtendedEntityManagerCreator$ExtendedEntityManagerInvocationHandler.invoke(ExtendedEntityManagerCreator.java:364)
	at jdk.proxy2/jdk.proxy2.$Proxy127.createQuery(Unknown Source)
	at org.springframework.data.jpa.repository.query.SimpleJpaQuery.validateQuery(SimpleJpaQuery.java:94)
	... 62 common frames omitted
Caused by: org.hibernate.query.sqm.UnknownPathException: Could not resolve attribute 'isOutOfUse' of 'com.podocare.PodoCareWebsite.model.product.product_category.product_instances.ToolProductInstance' [SELECT DISTINCT sp FROM ToolProduct sp JOIN FETCH sp.productInstances pi WHERE sp.isDeleted = false AND pi.isDeleted = false AND pi.isOutOfUse = false]
	at org.hibernate.query.hql.internal.StandardHqlTranslator.translate(StandardHqlTranslator.java:88)
	at org.hibernate.query.internal.QueryInterpretationCacheStandardImpl.createHqlInterpretation(QueryInterpretationCacheStandardImpl.java:145)
	at org.hibernate.query.internal.QueryInterpretationCacheStandardImpl.resolveHqlInterpretation(QueryInterpretationCacheStandardImpl.java:132)
	at org.hibernate.internal.AbstractSharedSessionContract.interpretHql(AbstractSharedSessionContract.java:802)
	at org.hibernate.internal.AbstractSharedSessionContract.createQuery(AbstractSharedSessionContract.java:852)
	... 69 common frames omitted
Caused by: org.hibernate.query.sqm.PathElementException: Could not resolve attribute 'isOutOfUse' of 'com.podocare.PodoCareWebsite.model.product.product_category.product_instances.ToolProductInstance'
	at org.hibernate.query.sqm.SqmPathSource.getSubPathSource(SqmPathSource.java:95)
	at org.hibernate.query.sqm.tree.domain.AbstractSqmPath.get(AbstractSqmPath.java:196)
	at org.hibernate.query.sqm.tree.domain.AbstractSqmFrom.resolvePathPart(AbstractSqmFrom.java:198)
	at org.hibernate.query.hql.internal.DomainPathPart.resolvePathPart(DomainPathPart.java:42)
	at org.hibernate.query.hql.internal.BasicDotIdentifierConsumer.consumeIdentifier(BasicDotIdentifierConsumer.java:92)
	at org.hibernate.query.hql.internal.SemanticQueryBuilder.visitSimplePath(SemanticQueryBuilder.java:5269)
	at org.hibernate.query.hql.internal.SemanticQueryBuilder.visitIndexedPathAccessFragment(SemanticQueryBuilder.java:5218)
	at org.hibernate.query.hql.internal.SemanticQueryBuilder.visitGeneralPathFragment(SemanticQueryBuilder.java:5193)
	at org.hibernate.query.hql.internal.SemanticQueryBuilder.visitGeneralPathExpression(SemanticQueryBuilder.java:1886)
	at org.hibernate.grammars.hql.HqlParser$GeneralPathExpressionContext.accept(HqlParser.java:7967)
	at org.antlr.v4.runtime.tree.AbstractParseTreeVisitor.visitChildren(AbstractParseTreeVisitor.java:46)
	at org.hibernate.grammars.hql.HqlParserBaseVisitor.visitBarePrimaryExpression(HqlParserBaseVisitor.java:777)
	at org.hibernate.grammars.hql.HqlParser$BarePrimaryExpressionContext.accept(HqlParser.java:7425)
	at org.hibernate.query.hql.internal.SemanticQueryBuilder.createComparisonPredicate(SemanticQueryBuilder.java:2543)
	at org.hibernate.query.hql.internal.SemanticQueryBuilder.visitComparisonPredicate(SemanticQueryBuilder.java:2504)
	at org.hibernate.query.hql.internal.SemanticQueryBuilder.visitComparisonPredicate(SemanticQueryBuilder.java:275)
	at org.hibernate.grammars.hql.HqlParser$ComparisonPredicateContext.accept(HqlParser.java:6432)
	at org.hibernate.query.hql.internal.SemanticQueryBuilder.visitAndPredicate(SemanticQueryBuilder.java:2374)
	at org.hibernate.query.hql.internal.SemanticQueryBuilder.visitAndPredicate(SemanticQueryBuilder.java:275)
	at org.hibernate.grammars.hql.HqlParser$AndPredicateContext.accept(HqlParser.java:6307)
	at org.hibernate.query.hql.internal.SemanticQueryBuilder.visitWhereClause(SemanticQueryBuilder.java:2356)
	at org.hibernate.query.hql.internal.SemanticQueryBuilder.visitWhereClause(SemanticQueryBuilder.java:275)
	at org.hibernate.grammars.hql.HqlParser$WhereClauseContext.accept(HqlParser.java:6173)
	at org.hibernate.query.hql.internal.SemanticQueryBuilder.visitQuery(SemanticQueryBuilder.java:1254)
	at org.hibernate.query.hql.internal.SemanticQueryBuilder.visitQuerySpecExpression(SemanticQueryBuilder.java:1035)
	at org.hibernate.query.hql.internal.SemanticQueryBuilder.visitQuerySpecExpression(SemanticQueryBuilder.java:275)
	at org.hibernate.grammars.hql.HqlParser$QuerySpecExpressionContext.accept(HqlParser.java:2132)
	at org.hibernate.query.hql.internal.SemanticQueryBuilder.visitSimpleQueryGroup(SemanticQueryBuilder.java:1020)
	at org.hibernate.query.hql.internal.SemanticQueryBuilder.visitSimpleQueryGroup(SemanticQueryBuilder.java:275)
	at org.hibernate.grammars.hql.HqlParser$SimpleQueryGroupContext.accept(HqlParser.java:2003)
	at org.hibernate.query.hql.internal.SemanticQueryBuilder.visitSelectStatement(SemanticQueryBuilder.java:490)
	at org.hibernate.query.hql.internal.SemanticQueryBuilder.visitStatement(SemanticQueryBuilder.java:449)
	at org.hibernate.query.hql.internal.SemanticQueryBuilder.buildSemanticModel(SemanticQueryBuilder.java:322)
	at org.hibernate.query.hql.internal.StandardHqlTranslator.translate(StandardHqlTranslator.java:71)
	... 73 common frames omitted
2024-12-20 22:07:36 INFO  - Starting PodoCareWebsiteApplication using Java 21.0.2 with PID 5716 (C:\InteliJProjects\PodoCareWebsite\target\classes started by Wojtek in C:\InteliJProjects\PodoCareWebsite)
2024-12-20 22:07:36 INFO  - No active profile set, falling back to 1 default profile: "default"
2024-12-20 22:07:37 INFO  - Bootstrapping Spring Data JPA repositories in DEFAULT mode.
2024-12-20 22:07:37 INFO  - Finished Spring Data repository scanning in 81 ms. Found 11 JPA repository interfaces.
2024-12-20 22:07:37 INFO  - Tomcat initialized with port 8080 (http)
2024-12-20 22:07:37 INFO  - Initializing ProtocolHandler ["http-nio-8080"]
2024-12-20 22:07:37 INFO  - Starting service [Tomcat]
2024-12-20 22:07:37 INFO  - Starting Servlet engine: [Apache Tomcat/10.1.30]
2024-12-20 22:07:37 INFO  - Initializing Spring embedded WebApplicationContext
2024-12-20 22:07:37 INFO  - Root WebApplicationContext: initialization completed in 1209 ms
2024-12-20 22:07:37 INFO  - HHH000204: Processing PersistenceUnitInfo [name: default]
2024-12-20 22:07:37 INFO  - HHH000412: Hibernate ORM core version 6.5.3.Final
2024-12-20 22:07:37 INFO  - HHH000026: Second-level cache disabled
2024-12-20 22:07:38 INFO  - No LoadTimeWeaver setup: ignoring JPA class transformer
2024-12-20 22:07:38 INFO  - HikariPool-1 - Starting...
2024-12-20 22:07:38 INFO  - HikariPool-1 - Added connection org.postgresql.jdbc.PgConnection@3a88f6fb
2024-12-20 22:07:38 INFO  - HikariPool-1 - Start completed.
2024-12-20 22:07:38 WARN  - HHH90000025: PostgreSQLDialect does not need to be specified explicitly using 'hibernate.dialect' (remove the property setting and it will be selected by default)
2024-12-20 22:07:39 INFO  - HHH000489: No JTA platform available (set 'hibernate.transaction.jta.platform' to enable JTA platform integration)
2024-12-20 22:07:39 INFO  - Initialized JPA EntityManagerFactory for persistence unit 'default'
2024-12-20 22:07:39 INFO  - Hibernate is in classpath; If applicable, HQL parser will be used.
2024-12-20 22:07:40 WARN  - Exception encountered during context initialization - cancelling refresh attempt: org.springframework.beans.factory.UnsatisfiedDependencyException: Error creating bean with name 'orderController' defined in file [C:\InteliJProjects\PodoCareWebsite\target\classes\com\podocare\PodoCareWebsite\controller\order\OrderController.class]: Unsatisfied dependency expressed through constructor parameter 0: Error creating bean with name 'orderService': Unsatisfied dependency expressed through field 'supplierService': Error creating bean with name 'supplierService': Unsatisfied dependency expressed through field 'saleProductInstanceRepo': Error creating bean with name 'saleProductInstanceRepo' defined in com.podocare.PodoCareWebsite.repo.product_category.product_instances.SaleProductInstanceRepo defined in @EnableJpaRepositories declared on JpaRepositoriesRegistrar.EnableJpaRepositoriesConfiguration: Could not create query for public abstract java.util.List com.podocare.PodoCareWebsite.repo.product_category.product_instances.SaleProductInstanceRepo.findActiveInstancesByProductId(java.lang.Long); Reason: Using named parameters for method public abstract java.util.List com.podocare.PodoCareWebsite.repo.product_category.product_instances.SaleProductInstanceRepo.findActiveInstancesByProductId(java.lang.Long) but parameter 'Optional[saleProductId]' not found in annotated query 'SELECT pi FROM SaleProductInstance pi WHERE pi.saleProduct.id = :productId AND pi.isSold = false AND pi.isUsed = false AND pi.isDeleted = false'
2024-12-20 22:07:40 INFO  - Closing JPA EntityManagerFactory for persistence unit 'default'
2024-12-20 22:07:40 INFO  - HikariPool-1 - Shutdown initiated...
2024-12-20 22:07:40 INFO  - HikariPool-1 - Shutdown completed.
2024-12-20 22:07:40 INFO  - Stopping service [Tomcat]
2024-12-20 22:07:40 INFO  - 

Error starting ApplicationContext. To display the condition evaluation report re-run your application with 'debug' enabled.
2024-12-20 22:07:40 ERROR - Application run failed
org.springframework.beans.factory.UnsatisfiedDependencyException: Error creating bean with name 'orderController' defined in file [C:\InteliJProjects\PodoCareWebsite\target\classes\com\podocare\PodoCareWebsite\controller\order\OrderController.class]: Unsatisfied dependency expressed through constructor parameter 0: Error creating bean with name 'orderService': Unsatisfied dependency expressed through field 'supplierService': Error creating bean with name 'supplierService': Unsatisfied dependency expressed through field 'saleProductInstanceRepo': Error creating bean with name 'saleProductInstanceRepo' defined in com.podocare.PodoCareWebsite.repo.product_category.product_instances.SaleProductInstanceRepo defined in @EnableJpaRepositories declared on JpaRepositoriesRegistrar.EnableJpaRepositoriesConfiguration: Could not create query for public abstract java.util.List com.podocare.PodoCareWebsite.repo.product_category.product_instances.SaleProductInstanceRepo.findActiveInstancesByProductId(java.lang.Long); Reason: Using named parameters for method public abstract java.util.List com.podocare.PodoCareWebsite.repo.product_category.product_instances.SaleProductInstanceRepo.findActiveInstancesByProductId(java.lang.Long) but parameter 'Optional[saleProductId]' not found in annotated query 'SELECT pi FROM SaleProductInstance pi WHERE pi.saleProduct.id = :productId AND pi.isSold = false AND pi.isUsed = false AND pi.isDeleted = false'
	at org.springframework.beans.factory.support.ConstructorResolver.createArgumentArray(ConstructorResolver.java:795)
	at org.springframework.beans.factory.support.ConstructorResolver.autowireConstructor(ConstructorResolver.java:237)
	at org.springframework.beans.factory.support.AbstractAutowireCapableBeanFactory.autowireConstructor(AbstractAutowireCapableBeanFactory.java:1375)
	at org.springframework.beans.factory.support.AbstractAutowireCapableBeanFactory.createBeanInstance(AbstractAutowireCapableBeanFactory.java:1212)
	at org.springframework.beans.factory.support.AbstractAutowireCapableBeanFactory.doCreateBean(AbstractAutowireCapableBeanFactory.java:562)
	at org.springframework.beans.factory.support.AbstractAutowireCapableBeanFactory.createBean(AbstractAutowireCapableBeanFactory.java:522)
	at org.springframework.beans.factory.support.AbstractBeanFactory.lambda$doGetBean$0(AbstractBeanFactory.java:337)
	at org.springframework.beans.factory.support.DefaultSingletonBeanRegistry.getSingleton(DefaultSingletonBeanRegistry.java:234)
	at org.springframework.beans.factory.support.AbstractBeanFactory.doGetBean(AbstractBeanFactory.java:335)
	at org.springframework.beans.factory.support.AbstractBeanFactory.getBean(AbstractBeanFactory.java:200)
	at org.springframework.beans.factory.support.DefaultListableBeanFactory.preInstantiateSingletons(DefaultListableBeanFactory.java:975)
	at org.springframework.context.support.AbstractApplicationContext.finishBeanFactoryInitialization(AbstractApplicationContext.java:971)
	at org.springframework.context.support.AbstractApplicationContext.refresh(AbstractApplicationContext.java:625)
	at org.springframework.boot.web.servlet.context.ServletWebServerApplicationContext.refresh(ServletWebServerApplicationContext.java:146)
	at org.springframework.boot.SpringApplication.refresh(SpringApplication.java:754)
	at org.springframework.boot.SpringApplication.refreshContext(SpringApplication.java:456)
	at org.springframework.boot.SpringApplication.run(SpringApplication.java:335)
	at org.springframework.boot.SpringApplication.run(SpringApplication.java:1363)
	at org.springframework.boot.SpringApplication.run(SpringApplication.java:1352)
	at com.podocare.PodoCareWebsite.PodoCareWebsiteApplication.main(PodoCareWebsiteApplication.java:10)
Caused by: org.springframework.beans.factory.UnsatisfiedDependencyException: Error creating bean with name 'orderService': Unsatisfied dependency expressed through field 'supplierService': Error creating bean with name 'supplierService': Unsatisfied dependency expressed through field 'saleProductInstanceRepo': Error creating bean with name 'saleProductInstanceRepo' defined in com.podocare.PodoCareWebsite.repo.product_category.product_instances.SaleProductInstanceRepo defined in @EnableJpaRepositories declared on JpaRepositoriesRegistrar.EnableJpaRepositoriesConfiguration: Could not create query for public abstract java.util.List com.podocare.PodoCareWebsite.repo.product_category.product_instances.SaleProductInstanceRepo.findActiveInstancesByProductId(java.lang.Long); Reason: Using named parameters for method public abstract java.util.List com.podocare.PodoCareWebsite.repo.product_category.product_instances.SaleProductInstanceRepo.findActiveInstancesByProductId(java.lang.Long) but parameter 'Optional[saleProductId]' not found in annotated query 'SELECT pi FROM SaleProductInstance pi WHERE pi.saleProduct.id = :productId AND pi.isSold = false AND pi.isUsed = false AND pi.isDeleted = false'
	at org.springframework.beans.factory.annotation.AutowiredAnnotationBeanPostProcessor$AutowiredFieldElement.resolveFieldValue(AutowiredAnnotationBeanPostProcessor.java:788)
	at org.springframework.beans.factory.annotation.AutowiredAnnotationBeanPostProcessor$AutowiredFieldElement.inject(AutowiredAnnotationBeanPostProcessor.java:768)
	at org.springframework.beans.factory.annotation.InjectionMetadata.inject(InjectionMetadata.java:145)
	at org.springframework.beans.factory.annotation.AutowiredAnnotationBeanPostProcessor.postProcessProperties(AutowiredAnnotationBeanPostProcessor.java:509)
	at org.springframework.beans.factory.support.AbstractAutowireCapableBeanFactory.populateBean(AbstractAutowireCapableBeanFactory.java:1439)
	at org.springframework.beans.factory.support.AbstractAutowireCapableBeanFactory.doCreateBean(AbstractAutowireCapableBeanFactory.java:599)
	at org.springframework.beans.factory.support.AbstractAutowireCapableBeanFactory.createBean(AbstractAutowireCapableBeanFactory.java:522)
	at org.springframework.beans.factory.support.AbstractBeanFactory.lambda$doGetBean$0(AbstractBeanFactory.java:337)
	at org.springframework.beans.factory.support.DefaultSingletonBeanRegistry.getSingleton(DefaultSingletonBeanRegistry.java:234)
	at org.springframework.beans.factory.support.AbstractBeanFactory.doGetBean(AbstractBeanFactory.java:335)
	at org.springframework.beans.factory.support.AbstractBeanFactory.getBean(AbstractBeanFactory.java:200)
	at org.springframework.beans.factory.config.DependencyDescriptor.resolveCandidate(DependencyDescriptor.java:254)
	at org.springframework.beans.factory.support.DefaultListableBeanFactory.doResolveDependency(DefaultListableBeanFactory.java:1443)
	at org.springframework.beans.factory.support.DefaultListableBeanFactory.resolveDependency(DefaultListableBeanFactory.java:1353)
	at org.springframework.beans.factory.support.ConstructorResolver.resolveAutowiredArgument(ConstructorResolver.java:904)
	at org.springframework.beans.factory.support.ConstructorResolver.createArgumentArray(ConstructorResolver.java:782)
	... 19 common frames omitted
Caused by: org.springframework.beans.factory.UnsatisfiedDependencyException: Error creating bean with name 'supplierService': Unsatisfied dependency expressed through field 'saleProductInstanceRepo': Error creating bean with name 'saleProductInstanceRepo' defined in com.podocare.PodoCareWebsite.repo.product_category.product_instances.SaleProductInstanceRepo defined in @EnableJpaRepositories declared on JpaRepositoriesRegistrar.EnableJpaRepositoriesConfiguration: Could not create query for public abstract java.util.List com.podocare.PodoCareWebsite.repo.product_category.product_instances.SaleProductInstanceRepo.findActiveInstancesByProductId(java.lang.Long); Reason: Using named parameters for method public abstract java.util.List com.podocare.PodoCareWebsite.repo.product_category.product_instances.SaleProductInstanceRepo.findActiveInstancesByProductId(java.lang.Long) but parameter 'Optional[saleProductId]' not found in annotated query 'SELECT pi FROM SaleProductInstance pi WHERE pi.saleProduct.id = :productId AND pi.isSold = false AND pi.isUsed = false AND pi.isDeleted = false'
	at org.springframework.beans.factory.annotation.AutowiredAnnotationBeanPostProcessor$AutowiredFieldElement.resolveFieldValue(AutowiredAnnotationBeanPostProcessor.java:788)
	at org.springframework.beans.factory.annotation.AutowiredAnnotationBeanPostProcessor$AutowiredFieldElement.inject(AutowiredAnnotationBeanPostProcessor.java:768)
	at org.springframework.beans.factory.annotation.InjectionMetadata.inject(InjectionMetadata.java:145)
	at org.springframework.beans.factory.annotation.AutowiredAnnotationBeanPostProcessor.postProcessProperties(AutowiredAnnotationBeanPostProcessor.java:509)
	at org.springframework.beans.factory.support.AbstractAutowireCapableBeanFactory.populateBean(AbstractAutowireCapableBeanFactory.java:1439)
	at org.springframework.beans.factory.support.AbstractAutowireCapableBeanFactory.doCreateBean(AbstractAutowireCapableBeanFactory.java:599)
	at org.springframework.beans.factory.support.AbstractAutowireCapableBeanFactory.createBean(AbstractAutowireCapableBeanFactory.java:522)
	at org.springframework.beans.factory.support.AbstractBeanFactory.lambda$doGetBean$0(AbstractBeanFactory.java:337)
	at org.springframework.beans.factory.support.DefaultSingletonBeanRegistry.getSingleton(DefaultSingletonBeanRegistry.java:234)
	at org.springframework.beans.factory.support.AbstractBeanFactory.doGetBean(AbstractBeanFactory.java:335)
	at org.springframework.beans.factory.support.AbstractBeanFactory.getBean(AbstractBeanFactory.java:200)
	at org.springframework.beans.factory.config.DependencyDescriptor.resolveCandidate(DependencyDescriptor.java:254)
	at org.springframework.beans.factory.support.DefaultListableBeanFactory.doResolveDependency(DefaultListableBeanFactory.java:1443)
	at org.springframework.beans.factory.support.DefaultListableBeanFactory.resolveDependency(DefaultListableBeanFactory.java:1353)
	at org.springframework.beans.factory.annotation.AutowiredAnnotationBeanPostProcessor$AutowiredFieldElement.resolveFieldValue(AutowiredAnnotationBeanPostProcessor.java:785)
	... 34 common frames omitted
Caused by: org.springframework.beans.factory.BeanCreationException: Error creating bean with name 'saleProductInstanceRepo' defined in com.podocare.PodoCareWebsite.repo.product_category.product_instances.SaleProductInstanceRepo defined in @EnableJpaRepositories declared on JpaRepositoriesRegistrar.EnableJpaRepositoriesConfiguration: Could not create query for public abstract java.util.List com.podocare.PodoCareWebsite.repo.product_category.product_instances.SaleProductInstanceRepo.findActiveInstancesByProductId(java.lang.Long); Reason: Using named parameters for method public abstract java.util.List com.podocare.PodoCareWebsite.repo.product_category.product_instances.SaleProductInstanceRepo.findActiveInstancesByProductId(java.lang.Long) but parameter 'Optional[saleProductId]' not found in annotated query 'SELECT pi FROM SaleProductInstance pi WHERE pi.saleProduct.id = :productId AND pi.isSold = false AND pi.isUsed = false AND pi.isDeleted = false'
	at org.springframework.beans.factory.support.AbstractAutowireCapableBeanFactory.initializeBean(AbstractAutowireCapableBeanFactory.java:1806)
	at org.springframework.beans.factory.support.AbstractAutowireCapableBeanFactory.doCreateBean(AbstractAutowireCapableBeanFactory.java:600)
	at org.springframework.beans.factory.support.AbstractAutowireCapableBeanFactory.createBean(AbstractAutowireCapableBeanFactory.java:522)
	at org.springframework.beans.factory.support.AbstractBeanFactory.lambda$doGetBean$0(AbstractBeanFactory.java:337)
	at org.springframework.beans.factory.support.DefaultSingletonBeanRegistry.getSingleton(DefaultSingletonBeanRegistry.java:234)
	at org.springframework.beans.factory.support.AbstractBeanFactory.doGetBean(AbstractBeanFactory.java:335)
	at org.springframework.beans.factory.support.AbstractBeanFactory.getBean(AbstractBeanFactory.java:200)
	at org.springframework.beans.factory.config.DependencyDescriptor.resolveCandidate(DependencyDescriptor.java:254)
	at org.springframework.beans.factory.support.DefaultListableBeanFactory.doResolveDependency(DefaultListableBeanFactory.java:1443)
	at org.springframework.beans.factory.support.DefaultListableBeanFactory.resolveDependency(DefaultListableBeanFactory.java:1353)
	at org.springframework.beans.factory.annotation.AutowiredAnnotationBeanPostProcessor$AutowiredFieldElement.resolveFieldValue(AutowiredAnnotationBeanPostProcessor.java:785)
	... 48 common frames omitted
Caused by: org.springframework.data.repository.query.QueryCreationException: Could not create query for public abstract java.util.List com.podocare.PodoCareWebsite.repo.product_category.product_instances.SaleProductInstanceRepo.findActiveInstancesByProductId(java.lang.Long); Reason: Using named parameters for method public abstract java.util.List com.podocare.PodoCareWebsite.repo.product_category.product_instances.SaleProductInstanceRepo.findActiveInstancesByProductId(java.lang.Long) but parameter 'Optional[saleProductId]' not found in annotated query 'SELECT pi FROM SaleProductInstance pi WHERE pi.saleProduct.id = :productId AND pi.isSold = false AND pi.isUsed = false AND pi.isDeleted = false'
	at org.springframework.data.repository.query.QueryCreationException.create(QueryCreationException.java:101)
	at org.springframework.data.repository.core.support.QueryExecutorMethodInterceptor.lookupQuery(QueryExecutorMethodInterceptor.java:119)
	at org.springframework.data.repository.core.support.QueryExecutorMethodInterceptor.mapMethodsToQuery(QueryExecutorMethodInterceptor.java:103)
	at org.springframework.data.repository.core.support.QueryExecutorMethodInterceptor.lambda$new$0(QueryExecutorMethodInterceptor.java:92)
	at java.base/java.util.Optional.map(Optional.java:260)
	at org.springframework.data.repository.core.support.QueryExecutorMethodInterceptor.<init>(QueryExecutorMethodInterceptor.java:92)
	at org.springframework.data.repository.core.support.RepositoryFactorySupport.getRepository(RepositoryFactorySupport.java:357)
	at org.springframework.data.repository.core.support.RepositoryFactoryBeanSupport.lambda$afterPropertiesSet$5(RepositoryFactoryBeanSupport.java:286)
	at org.springframework.data.util.Lazy.getNullable(Lazy.java:135)
	at org.springframework.data.util.Lazy.get(Lazy.java:113)
	at org.springframework.data.repository.core.support.RepositoryFactoryBeanSupport.afterPropertiesSet(RepositoryFactoryBeanSupport.java:292)
	at org.springframework.data.jpa.repository.support.JpaRepositoryFactoryBean.afterPropertiesSet(JpaRepositoryFactoryBean.java:132)
	at org.springframework.beans.factory.support.AbstractAutowireCapableBeanFactory.invokeInitMethods(AbstractAutowireCapableBeanFactory.java:1853)
	at org.springframework.beans.factory.support.AbstractAutowireCapableBeanFactory.initializeBean(AbstractAutowireCapableBeanFactory.java:1802)
	... 58 common frames omitted
Caused by: java.lang.IllegalStateException: Using named parameters for method public abstract java.util.List com.podocare.PodoCareWebsite.repo.product_category.product_instances.SaleProductInstanceRepo.findActiveInstancesByProductId(java.lang.Long) but parameter 'Optional[saleProductId]' not found in annotated query 'SELECT pi FROM SaleProductInstance pi WHERE pi.saleProduct.id = :productId AND pi.isSold = false AND pi.isUsed = false AND pi.isDeleted = false'
	at org.springframework.data.jpa.repository.query.JpaQueryMethod.assertParameterNamesInAnnotatedQuery(JpaQueryMethod.java:181)
	at org.springframework.data.jpa.repository.query.JpaQueryMethod.<init>(JpaQueryMethod.java:149)
	at org.springframework.data.jpa.repository.query.DefaultJpaQueryMethodFactory.build(DefaultJpaQueryMethodFactory.java:44)
	at org.springframework.data.jpa.repository.query.JpaQueryLookupStrategy$AbstractQueryLookupStrategy.resolveQuery(JpaQueryLookupStrategy.java:94)
	at org.springframework.data.repository.core.support.QueryExecutorMethodInterceptor.lookupQuery(QueryExecutorMethodInterceptor.java:115)
	... 70 common frames omitted
2024-12-20 22:12:19 INFO  - Starting PodoCareWebsiteApplication using Java 21.0.2 with PID 15124 (C:\InteliJProjects\PodoCareWebsite\target\classes started by Wojtek in C:\InteliJProjects\PodoCareWebsite)
2024-12-20 22:12:19 INFO  - No active profile set, falling back to 1 default profile: "default"
2024-12-20 22:12:20 INFO  - Bootstrapping Spring Data JPA repositories in DEFAULT mode.
2024-12-20 22:12:20 INFO  - Finished Spring Data repository scanning in 94 ms. Found 11 JPA repository interfaces.
2024-12-20 22:12:20 INFO  - Tomcat initialized with port 8080 (http)
2024-12-20 22:12:20 INFO  - Initializing ProtocolHandler ["http-nio-8080"]
2024-12-20 22:12:20 INFO  - Starting service [Tomcat]
2024-12-20 22:12:20 INFO  - Starting Servlet engine: [Apache Tomcat/10.1.30]
2024-12-20 22:12:20 INFO  - Initializing Spring embedded WebApplicationContext
2024-12-20 22:12:20 INFO  - Root WebApplicationContext: initialization completed in 1342 ms
2024-12-20 22:12:21 INFO  - HHH000204: Processing PersistenceUnitInfo [name: default]
2024-12-20 22:12:21 INFO  - HHH000412: Hibernate ORM core version 6.5.3.Final
2024-12-20 22:12:21 INFO  - HHH000026: Second-level cache disabled
2024-12-20 22:12:21 INFO  - No LoadTimeWeaver setup: ignoring JPA class transformer
2024-12-20 22:12:21 INFO  - HikariPool-1 - Starting...
2024-12-20 22:12:21 INFO  - HikariPool-1 - Added connection org.postgresql.jdbc.PgConnection@5c8ab9de
2024-12-20 22:12:21 INFO  - HikariPool-1 - Start completed.
2024-12-20 22:12:21 WARN  - HHH90000025: PostgreSQLDialect does not need to be specified explicitly using 'hibernate.dialect' (remove the property setting and it will be selected by default)
2024-12-20 22:12:22 INFO  - HHH000489: No JTA platform available (set 'hibernate.transaction.jta.platform' to enable JTA platform integration)
2024-12-20 22:12:22 INFO  - Initialized JPA EntityManagerFactory for persistence unit 'default'
2024-12-20 22:12:23 INFO  - Hibernate is in classpath; If applicable, HQL parser will be used.
2024-12-20 22:12:23 WARN  - Exception encountered during context initialization - cancelling refresh attempt: org.springframework.beans.factory.UnsatisfiedDependencyException: Error creating bean with name 'orderController' defined in file [C:\InteliJProjects\PodoCareWebsite\target\classes\com\podocare\PodoCareWebsite\controller\order\OrderController.class]: Unsatisfied dependency expressed through constructor parameter 0: Error creating bean with name 'orderService': Unsatisfied dependency expressed through field 'supplierService': Error creating bean with name 'supplierService': Unsatisfied dependency expressed through field 'equipmentProductInstanceRepo': Error creating bean with name 'equipmentProductInstanceRepo' defined in com.podocare.PodoCareWebsite.repo.product_category.product_instances.EquipmentProductInstanceRepo defined in @EnableJpaRepositories declared on JpaRepositoriesRegistrar.EnableJpaRepositoriesConfiguration: Could not create query for public abstract java.util.List com.podocare.PodoCareWebsite.repo.product_category.product_instances.EquipmentProductInstanceRepo.findActiveInstancesByProductId(java.lang.Long); Reason: Validation failed for query for method public abstract java.util.List com.podocare.PodoCareWebsite.repo.product_category.product_instances.EquipmentProductInstanceRepo.findActiveInstancesByProductId(java.lang.Long)
2024-12-20 22:12:23 INFO  - Closing JPA EntityManagerFactory for persistence unit 'default'
2024-12-20 22:12:23 INFO  - HikariPool-1 - Shutdown initiated...
2024-12-20 22:12:23 INFO  - HikariPool-1 - Shutdown completed.
2024-12-20 22:12:23 INFO  - Stopping service [Tomcat]
2024-12-20 22:12:23 INFO  - 

Error starting ApplicationContext. To display the condition evaluation report re-run your application with 'debug' enabled.
2024-12-20 22:12:23 ERROR - Application run failed
org.springframework.beans.factory.UnsatisfiedDependencyException: Error creating bean with name 'orderController' defined in file [C:\InteliJProjects\PodoCareWebsite\target\classes\com\podocare\PodoCareWebsite\controller\order\OrderController.class]: Unsatisfied dependency expressed through constructor parameter 0: Error creating bean with name 'orderService': Unsatisfied dependency expressed through field 'supplierService': Error creating bean with name 'supplierService': Unsatisfied dependency expressed through field 'equipmentProductInstanceRepo': Error creating bean with name 'equipmentProductInstanceRepo' defined in com.podocare.PodoCareWebsite.repo.product_category.product_instances.EquipmentProductInstanceRepo defined in @EnableJpaRepositories declared on JpaRepositoriesRegistrar.EnableJpaRepositoriesConfiguration: Could not create query for public abstract java.util.List com.podocare.PodoCareWebsite.repo.product_category.product_instances.EquipmentProductInstanceRepo.findActiveInstancesByProductId(java.lang.Long); Reason: Validation failed for query for method public abstract java.util.List com.podocare.PodoCareWebsite.repo.product_category.product_instances.EquipmentProductInstanceRepo.findActiveInstancesByProductId(java.lang.Long)
	at org.springframework.beans.factory.support.ConstructorResolver.createArgumentArray(ConstructorResolver.java:795)
	at org.springframework.beans.factory.support.ConstructorResolver.autowireConstructor(ConstructorResolver.java:237)
	at org.springframework.beans.factory.support.AbstractAutowireCapableBeanFactory.autowireConstructor(AbstractAutowireCapableBeanFactory.java:1375)
	at org.springframework.beans.factory.support.AbstractAutowireCapableBeanFactory.createBeanInstance(AbstractAutowireCapableBeanFactory.java:1212)
	at org.springframework.beans.factory.support.AbstractAutowireCapableBeanFactory.doCreateBean(AbstractAutowireCapableBeanFactory.java:562)
	at org.springframework.beans.factory.support.AbstractAutowireCapableBeanFactory.createBean(AbstractAutowireCapableBeanFactory.java:522)
	at org.springframework.beans.factory.support.AbstractBeanFactory.lambda$doGetBean$0(AbstractBeanFactory.java:337)
	at org.springframework.beans.factory.support.DefaultSingletonBeanRegistry.getSingleton(DefaultSingletonBeanRegistry.java:234)
	at org.springframework.beans.factory.support.AbstractBeanFactory.doGetBean(AbstractBeanFactory.java:335)
	at org.springframework.beans.factory.support.AbstractBeanFactory.getBean(AbstractBeanFactory.java:200)
	at org.springframework.beans.factory.support.DefaultListableBeanFactory.preInstantiateSingletons(DefaultListableBeanFactory.java:975)
	at org.springframework.context.support.AbstractApplicationContext.finishBeanFactoryInitialization(AbstractApplicationContext.java:971)
	at org.springframework.context.support.AbstractApplicationContext.refresh(AbstractApplicationContext.java:625)
	at org.springframework.boot.web.servlet.context.ServletWebServerApplicationContext.refresh(ServletWebServerApplicationContext.java:146)
	at org.springframework.boot.SpringApplication.refresh(SpringApplication.java:754)
	at org.springframework.boot.SpringApplication.refreshContext(SpringApplication.java:456)
	at org.springframework.boot.SpringApplication.run(SpringApplication.java:335)
	at org.springframework.boot.SpringApplication.run(SpringApplication.java:1363)
	at org.springframework.boot.SpringApplication.run(SpringApplication.java:1352)
	at com.podocare.PodoCareWebsite.PodoCareWebsiteApplication.main(PodoCareWebsiteApplication.java:10)
Caused by: org.springframework.beans.factory.UnsatisfiedDependencyException: Error creating bean with name 'orderService': Unsatisfied dependency expressed through field 'supplierService': Error creating bean with name 'supplierService': Unsatisfied dependency expressed through field 'equipmentProductInstanceRepo': Error creating bean with name 'equipmentProductInstanceRepo' defined in com.podocare.PodoCareWebsite.repo.product_category.product_instances.EquipmentProductInstanceRepo defined in @EnableJpaRepositories declared on JpaRepositoriesRegistrar.EnableJpaRepositoriesConfiguration: Could not create query for public abstract java.util.List com.podocare.PodoCareWebsite.repo.product_category.product_instances.EquipmentProductInstanceRepo.findActiveInstancesByProductId(java.lang.Long); Reason: Validation failed for query for method public abstract java.util.List com.podocare.PodoCareWebsite.repo.product_category.product_instances.EquipmentProductInstanceRepo.findActiveInstancesByProductId(java.lang.Long)
	at org.springframework.beans.factory.annotation.AutowiredAnnotationBeanPostProcessor$AutowiredFieldElement.resolveFieldValue(AutowiredAnnotationBeanPostProcessor.java:788)
	at org.springframework.beans.factory.annotation.AutowiredAnnotationBeanPostProcessor$AutowiredFieldElement.inject(AutowiredAnnotationBeanPostProcessor.java:768)
	at org.springframework.beans.factory.annotation.InjectionMetadata.inject(InjectionMetadata.java:145)
	at org.springframework.beans.factory.annotation.AutowiredAnnotationBeanPostProcessor.postProcessProperties(AutowiredAnnotationBeanPostProcessor.java:509)
	at org.springframework.beans.factory.support.AbstractAutowireCapableBeanFactory.populateBean(AbstractAutowireCapableBeanFactory.java:1439)
	at org.springframework.beans.factory.support.AbstractAutowireCapableBeanFactory.doCreateBean(AbstractAutowireCapableBeanFactory.java:599)
	at org.springframework.beans.factory.support.AbstractAutowireCapableBeanFactory.createBean(AbstractAutowireCapableBeanFactory.java:522)
	at org.springframework.beans.factory.support.AbstractBeanFactory.lambda$doGetBean$0(AbstractBeanFactory.java:337)
	at org.springframework.beans.factory.support.DefaultSingletonBeanRegistry.getSingleton(DefaultSingletonBeanRegistry.java:234)
	at org.springframework.beans.factory.support.AbstractBeanFactory.doGetBean(AbstractBeanFactory.java:335)
	at org.springframework.beans.factory.support.AbstractBeanFactory.getBean(AbstractBeanFactory.java:200)
	at org.springframework.beans.factory.config.DependencyDescriptor.resolveCandidate(DependencyDescriptor.java:254)
	at org.springframework.beans.factory.support.DefaultListableBeanFactory.doResolveDependency(DefaultListableBeanFactory.java:1443)
	at org.springframework.beans.factory.support.DefaultListableBeanFactory.resolveDependency(DefaultListableBeanFactory.java:1353)
	at org.springframework.beans.factory.support.ConstructorResolver.resolveAutowiredArgument(ConstructorResolver.java:904)
	at org.springframework.beans.factory.support.ConstructorResolver.createArgumentArray(ConstructorResolver.java:782)
	... 19 common frames omitted
Caused by: org.springframework.beans.factory.UnsatisfiedDependencyException: Error creating bean with name 'supplierService': Unsatisfied dependency expressed through field 'equipmentProductInstanceRepo': Error creating bean with name 'equipmentProductInstanceRepo' defined in com.podocare.PodoCareWebsite.repo.product_category.product_instances.EquipmentProductInstanceRepo defined in @EnableJpaRepositories declared on JpaRepositoriesRegistrar.EnableJpaRepositoriesConfiguration: Could not create query for public abstract java.util.List com.podocare.PodoCareWebsite.repo.product_category.product_instances.EquipmentProductInstanceRepo.findActiveInstancesByProductId(java.lang.Long); Reason: Validation failed for query for method public abstract java.util.List com.podocare.PodoCareWebsite.repo.product_category.product_instances.EquipmentProductInstanceRepo.findActiveInstancesByProductId(java.lang.Long)
	at org.springframework.beans.factory.annotation.AutowiredAnnotationBeanPostProcessor$AutowiredFieldElement.resolveFieldValue(AutowiredAnnotationBeanPostProcessor.java:788)
	at org.springframework.beans.factory.annotation.AutowiredAnnotationBeanPostProcessor$AutowiredFieldElement.inject(AutowiredAnnotationBeanPostProcessor.java:768)
	at org.springframework.beans.factory.annotation.InjectionMetadata.inject(InjectionMetadata.java:145)
	at org.springframework.beans.factory.annotation.AutowiredAnnotationBeanPostProcessor.postProcessProperties(AutowiredAnnotationBeanPostProcessor.java:509)
	at org.springframework.beans.factory.support.AbstractAutowireCapableBeanFactory.populateBean(AbstractAutowireCapableBeanFactory.java:1439)
	at org.springframework.beans.factory.support.AbstractAutowireCapableBeanFactory.doCreateBean(AbstractAutowireCapableBeanFactory.java:599)
	at org.springframework.beans.factory.support.AbstractAutowireCapableBeanFactory.createBean(AbstractAutowireCapableBeanFactory.java:522)
	at org.springframework.beans.factory.support.AbstractBeanFactory.lambda$doGetBean$0(AbstractBeanFactory.java:337)
	at org.springframework.beans.factory.support.DefaultSingletonBeanRegistry.getSingleton(DefaultSingletonBeanRegistry.java:234)
	at org.springframework.beans.factory.support.AbstractBeanFactory.doGetBean(AbstractBeanFactory.java:335)
	at org.springframework.beans.factory.support.AbstractBeanFactory.getBean(AbstractBeanFactory.java:200)
	at org.springframework.beans.factory.config.DependencyDescriptor.resolveCandidate(DependencyDescriptor.java:254)
	at org.springframework.beans.factory.support.DefaultListableBeanFactory.doResolveDependency(DefaultListableBeanFactory.java:1443)
	at org.springframework.beans.factory.support.DefaultListableBeanFactory.resolveDependency(DefaultListableBeanFactory.java:1353)
	at org.springframework.beans.factory.annotation.AutowiredAnnotationBeanPostProcessor$AutowiredFieldElement.resolveFieldValue(AutowiredAnnotationBeanPostProcessor.java:785)
	... 34 common frames omitted
Caused by: org.springframework.beans.factory.BeanCreationException: Error creating bean with name 'equipmentProductInstanceRepo' defined in com.podocare.PodoCareWebsite.repo.product_category.product_instances.EquipmentProductInstanceRepo defined in @EnableJpaRepositories declared on JpaRepositoriesRegistrar.EnableJpaRepositoriesConfiguration: Could not create query for public abstract java.util.List com.podocare.PodoCareWebsite.repo.product_category.product_instances.EquipmentProductInstanceRepo.findActiveInstancesByProductId(java.lang.Long); Reason: Validation failed for query for method public abstract java.util.List com.podocare.PodoCareWebsite.repo.product_category.product_instances.EquipmentProductInstanceRepo.findActiveInstancesByProductId(java.lang.Long)
	at org.springframework.beans.factory.support.AbstractAutowireCapableBeanFactory.initializeBean(AbstractAutowireCapableBeanFactory.java:1806)
	at org.springframework.beans.factory.support.AbstractAutowireCapableBeanFactory.doCreateBean(AbstractAutowireCapableBeanFactory.java:600)
	at org.springframework.beans.factory.support.AbstractAutowireCapableBeanFactory.createBean(AbstractAutowireCapableBeanFactory.java:522)
	at org.springframework.beans.factory.support.AbstractBeanFactory.lambda$doGetBean$0(AbstractBeanFactory.java:337)
	at org.springframework.beans.factory.support.DefaultSingletonBeanRegistry.getSingleton(DefaultSingletonBeanRegistry.java:234)
	at org.springframework.beans.factory.support.AbstractBeanFactory.doGetBean(AbstractBeanFactory.java:335)
	at org.springframework.beans.factory.support.AbstractBeanFactory.getBean(AbstractBeanFactory.java:200)
	at org.springframework.beans.factory.config.DependencyDescriptor.resolveCandidate(DependencyDescriptor.java:254)
	at org.springframework.beans.factory.support.DefaultListableBeanFactory.doResolveDependency(DefaultListableBeanFactory.java:1443)
	at org.springframework.beans.factory.support.DefaultListableBeanFactory.resolveDependency(DefaultListableBeanFactory.java:1353)
	at org.springframework.beans.factory.annotation.AutowiredAnnotationBeanPostProcessor$AutowiredFieldElement.resolveFieldValue(AutowiredAnnotationBeanPostProcessor.java:785)
	... 48 common frames omitted
Caused by: org.springframework.data.repository.query.QueryCreationException: Could not create query for public abstract java.util.List com.podocare.PodoCareWebsite.repo.product_category.product_instances.EquipmentProductInstanceRepo.findActiveInstancesByProductId(java.lang.Long); Reason: Validation failed for query for method public abstract java.util.List com.podocare.PodoCareWebsite.repo.product_category.product_instances.EquipmentProductInstanceRepo.findActiveInstancesByProductId(java.lang.Long)
	at org.springframework.data.repository.query.QueryCreationException.create(QueryCreationException.java:101)
	at org.springframework.data.repository.core.support.QueryExecutorMethodInterceptor.lookupQuery(QueryExecutorMethodInterceptor.java:119)
	at org.springframework.data.repository.core.support.QueryExecutorMethodInterceptor.mapMethodsToQuery(QueryExecutorMethodInterceptor.java:103)
	at org.springframework.data.repository.core.support.QueryExecutorMethodInterceptor.lambda$new$0(QueryExecutorMethodInterceptor.java:92)
	at java.base/java.util.Optional.map(Optional.java:260)
	at org.springframework.data.repository.core.support.QueryExecutorMethodInterceptor.<init>(QueryExecutorMethodInterceptor.java:92)
	at org.springframework.data.repository.core.support.RepositoryFactorySupport.getRepository(RepositoryFactorySupport.java:357)
	at org.springframework.data.repository.core.support.RepositoryFactoryBeanSupport.lambda$afterPropertiesSet$5(RepositoryFactoryBeanSupport.java:286)
	at org.springframework.data.util.Lazy.getNullable(Lazy.java:135)
	at org.springframework.data.util.Lazy.get(Lazy.java:113)
	at org.springframework.data.repository.core.support.RepositoryFactoryBeanSupport.afterPropertiesSet(RepositoryFactoryBeanSupport.java:292)
	at org.springframework.data.jpa.repository.support.JpaRepositoryFactoryBean.afterPropertiesSet(JpaRepositoryFactoryBean.java:132)
	at org.springframework.beans.factory.support.AbstractAutowireCapableBeanFactory.invokeInitMethods(AbstractAutowireCapableBeanFactory.java:1853)
	at org.springframework.beans.factory.support.AbstractAutowireCapableBeanFactory.initializeBean(AbstractAutowireCapableBeanFactory.java:1802)
	... 58 common frames omitted
Caused by: java.lang.IllegalArgumentException: Validation failed for query for method public abstract java.util.List com.podocare.PodoCareWebsite.repo.product_category.product_instances.EquipmentProductInstanceRepo.findActiveInstancesByProductId(java.lang.Long)
	at org.springframework.data.jpa.repository.query.SimpleJpaQuery.validateQuery(SimpleJpaQuery.java:100)
	at org.springframework.data.jpa.repository.query.SimpleJpaQuery.<init>(SimpleJpaQuery.java:70)
	at org.springframework.data.jpa.repository.query.JpaQueryFactory.fromMethodWithQueryString(JpaQueryFactory.java:60)
	at org.springframework.data.jpa.repository.query.JpaQueryLookupStrategy$DeclaredQueryLookupStrategy.resolveQuery(JpaQueryLookupStrategy.java:170)
	at org.springframework.data.jpa.repository.query.JpaQueryLookupStrategy$CreateIfNotFoundQueryLookupStrategy.resolveQuery(JpaQueryLookupStrategy.java:252)
	at org.springframework.data.jpa.repository.query.JpaQueryLookupStrategy$AbstractQueryLookupStrategy.resolveQuery(JpaQueryLookupStrategy.java:95)
	at org.springframework.data.repository.core.support.QueryExecutorMethodInterceptor.lookupQuery(QueryExecutorMethodInterceptor.java:115)
	... 70 common frames omitted
Caused by: java.lang.IllegalArgumentException: org.hibernate.query.sqm.UnknownPathException: Could not resolve attribute 'isOutOfUse' of 'com.podocare.PodoCareWebsite.model.product.product_category.product_instances.EquipmentProductInstance' [SELECT pi FROM EquipmentProductInstance pi WHERE pi.equipmentProduct.id = :equipmentProductId AND pi.isOutOfUse = false AND pi.isDeleted = false]
	at org.hibernate.internal.ExceptionConverterImpl.convert(ExceptionConverterImpl.java:143)
	at org.hibernate.internal.ExceptionConverterImpl.convert(ExceptionConverterImpl.java:167)
	at org.hibernate.internal.ExceptionConverterImpl.convert(ExceptionConverterImpl.java:173)
	at org.hibernate.internal.AbstractSharedSessionContract.createQuery(AbstractSharedSessionContract.java:860)
	at org.hibernate.internal.AbstractSharedSessionContract.createQuery(AbstractSharedSessionContract.java:765)
	at org.hibernate.internal.AbstractSharedSessionContract.createQuery(AbstractSharedSessionContract.java:140)
	at java.base/jdk.internal.reflect.DirectMethodHandleAccessor.invoke(DirectMethodHandleAccessor.java:103)
	at java.base/java.lang.reflect.Method.invoke(Method.java:580)
	at org.springframework.orm.jpa.ExtendedEntityManagerCreator$ExtendedEntityManagerInvocationHandler.invoke(ExtendedEntityManagerCreator.java:364)
	at jdk.proxy2/jdk.proxy2.$Proxy127.createQuery(Unknown Source)
	at org.springframework.data.jpa.repository.query.SimpleJpaQuery.validateQuery(SimpleJpaQuery.java:94)
	... 76 common frames omitted
Caused by: org.hibernate.query.sqm.UnknownPathException: Could not resolve attribute 'isOutOfUse' of 'com.podocare.PodoCareWebsite.model.product.product_category.product_instances.EquipmentProductInstance' [SELECT pi FROM EquipmentProductInstance pi WHERE pi.equipmentProduct.id = :equipmentProductId AND pi.isOutOfUse = false AND pi.isDeleted = false]
	at org.hibernate.query.hql.internal.StandardHqlTranslator.translate(StandardHqlTranslator.java:88)
	at org.hibernate.query.internal.QueryInterpretationCacheStandardImpl.createHqlInterpretation(QueryInterpretationCacheStandardImpl.java:145)
	at org.hibernate.query.internal.QueryInterpretationCacheStandardImpl.resolveHqlInterpretation(QueryInterpretationCacheStandardImpl.java:132)
	at org.hibernate.internal.AbstractSharedSessionContract.interpretHql(AbstractSharedSessionContract.java:802)
	at org.hibernate.internal.AbstractSharedSessionContract.createQuery(AbstractSharedSessionContract.java:852)
	... 83 common frames omitted
Caused by: org.hibernate.query.sqm.PathElementException: Could not resolve attribute 'isOutOfUse' of 'com.podocare.PodoCareWebsite.model.product.product_category.product_instances.EquipmentProductInstance'
	at org.hibernate.query.sqm.SqmPathSource.getSubPathSource(SqmPathSource.java:95)
	at org.hibernate.query.sqm.tree.domain.AbstractSqmPath.get(AbstractSqmPath.java:196)
	at org.hibernate.query.sqm.tree.domain.AbstractSqmFrom.resolvePathPart(AbstractSqmFrom.java:198)
	at org.hibernate.query.hql.internal.DomainPathPart.resolvePathPart(DomainPathPart.java:42)
	at org.hibernate.query.hql.internal.BasicDotIdentifierConsumer.consumeIdentifier(BasicDotIdentifierConsumer.java:92)
	at org.hibernate.query.hql.internal.SemanticQueryBuilder.visitSimplePath(SemanticQueryBuilder.java:5269)
	at org.hibernate.query.hql.internal.SemanticQueryBuilder.visitIndexedPathAccessFragment(SemanticQueryBuilder.java:5218)
	at org.hibernate.query.hql.internal.SemanticQueryBuilder.visitGeneralPathFragment(SemanticQueryBuilder.java:5193)
	at org.hibernate.query.hql.internal.SemanticQueryBuilder.visitGeneralPathExpression(SemanticQueryBuilder.java:1886)
	at org.hibernate.grammars.hql.HqlParser$GeneralPathExpressionContext.accept(HqlParser.java:7967)
	at org.antlr.v4.runtime.tree.AbstractParseTreeVisitor.visitChildren(AbstractParseTreeVisitor.java:46)
	at org.hibernate.grammars.hql.HqlParserBaseVisitor.visitBarePrimaryExpression(HqlParserBaseVisitor.java:777)
	at org.hibernate.grammars.hql.HqlParser$BarePrimaryExpressionContext.accept(HqlParser.java:7425)
	at org.hibernate.query.hql.internal.SemanticQueryBuilder.createComparisonPredicate(SemanticQueryBuilder.java:2543)
	at org.hibernate.query.hql.internal.SemanticQueryBuilder.visitComparisonPredicate(SemanticQueryBuilder.java:2504)
	at org.hibernate.query.hql.internal.SemanticQueryBuilder.visitComparisonPredicate(SemanticQueryBuilder.java:275)
	at org.hibernate.grammars.hql.HqlParser$ComparisonPredicateContext.accept(HqlParser.java:6432)
	at org.hibernate.query.hql.internal.SemanticQueryBuilder.visitAndPredicate(SemanticQueryBuilder.java:2374)
	at org.hibernate.query.hql.internal.SemanticQueryBuilder.visitAndPredicate(SemanticQueryBuilder.java:275)
	at org.hibernate.grammars.hql.HqlParser$AndPredicateContext.accept(HqlParser.java:6307)
	at org.hibernate.query.hql.internal.SemanticQueryBuilder.visitAndPredicate(SemanticQueryBuilder.java:2373)
	at org.hibernate.query.hql.internal.SemanticQueryBuilder.visitAndPredicate(SemanticQueryBuilder.java:275)
	at org.hibernate.grammars.hql.HqlParser$AndPredicateContext.accept(HqlParser.java:6307)
	at org.hibernate.query.hql.internal.SemanticQueryBuilder.visitWhereClause(SemanticQueryBuilder.java:2356)
	at org.hibernate.query.hql.internal.SemanticQueryBuilder.visitWhereClause(SemanticQueryBuilder.java:275)
	at org.hibernate.grammars.hql.HqlParser$WhereClauseContext.accept(HqlParser.java:6173)
	at org.hibernate.query.hql.internal.SemanticQueryBuilder.visitQuery(SemanticQueryBuilder.java:1254)
	at org.hibernate.query.hql.internal.SemanticQueryBuilder.visitQuerySpecExpression(SemanticQueryBuilder.java:1035)
	at org.hibernate.query.hql.internal.SemanticQueryBuilder.visitQuerySpecExpression(SemanticQueryBuilder.java:275)
	at org.hibernate.grammars.hql.HqlParser$QuerySpecExpressionContext.accept(HqlParser.java:2132)
	at org.hibernate.query.hql.internal.SemanticQueryBuilder.visitSimpleQueryGroup(SemanticQueryBuilder.java:1020)
	at org.hibernate.query.hql.internal.SemanticQueryBuilder.visitSimpleQueryGroup(SemanticQueryBuilder.java:275)
	at org.hibernate.grammars.hql.HqlParser$SimpleQueryGroupContext.accept(HqlParser.java:2003)
	at org.hibernate.query.hql.internal.SemanticQueryBuilder.visitSelectStatement(SemanticQueryBuilder.java:490)
	at org.hibernate.query.hql.internal.SemanticQueryBuilder.visitStatement(SemanticQueryBuilder.java:449)
	at org.hibernate.query.hql.internal.SemanticQueryBuilder.buildSemanticModel(SemanticQueryBuilder.java:322)
	at org.hibernate.query.hql.internal.StandardHqlTranslator.translate(StandardHqlTranslator.java:71)
	... 87 common frames omitted
2024-12-20 22:20:14 INFO  - Starting PodoCareWebsiteApplication using Java 21.0.2 with PID 7700 (C:\InteliJProjects\PodoCareWebsite\target\classes started by Wojtek in C:\InteliJProjects\PodoCareWebsite)
2024-12-20 22:20:14 INFO  - No active profile set, falling back to 1 default profile: "default"
2024-12-20 22:20:14 INFO  - Bootstrapping Spring Data JPA repositories in DEFAULT mode.
2024-12-20 22:20:14 INFO  - Finished Spring Data repository scanning in 102 ms. Found 11 JPA repository interfaces.
2024-12-20 22:20:15 INFO  - Tomcat initialized with port 8080 (http)
2024-12-20 22:20:15 INFO  - Initializing ProtocolHandler ["http-nio-8080"]
2024-12-20 22:20:15 INFO  - Starting service [Tomcat]
2024-12-20 22:20:15 INFO  - Starting Servlet engine: [Apache Tomcat/10.1.30]
2024-12-20 22:20:15 INFO  - Initializing Spring embedded WebApplicationContext
2024-12-20 22:20:15 INFO  - Root WebApplicationContext: initialization completed in 1287 ms
2024-12-20 22:20:15 INFO  - HHH000204: Processing PersistenceUnitInfo [name: default]
2024-12-20 22:20:15 INFO  - HHH000412: Hibernate ORM core version 6.5.3.Final
2024-12-20 22:20:15 INFO  - HHH000026: Second-level cache disabled
2024-12-20 22:20:15 INFO  - No LoadTimeWeaver setup: ignoring JPA class transformer
2024-12-20 22:20:16 INFO  - HikariPool-1 - Starting...
2024-12-20 22:20:16 INFO  - HikariPool-1 - Added connection org.postgresql.jdbc.PgConnection@bfe47a8
2024-12-20 22:20:16 INFO  - HikariPool-1 - Start completed.
2024-12-20 22:20:16 WARN  - HHH90000025: PostgreSQLDialect does not need to be specified explicitly using 'hibernate.dialect' (remove the property setting and it will be selected by default)
2024-12-20 22:20:17 INFO  - HHH000489: No JTA platform available (set 'hibernate.transaction.jta.platform' to enable JTA platform integration)
2024-12-20 22:20:17 INFO  - Initialized JPA EntityManagerFactory for persistence unit 'default'
2024-12-20 22:20:17 INFO  - Hibernate is in classpath; If applicable, HQL parser will be used.
2024-12-20 22:20:18 WARN  - Exception encountered during context initialization - cancelling refresh attempt: org.springframework.beans.factory.UnsatisfiedDependencyException: Error creating bean with name 'orderController' defined in file [C:\InteliJProjects\PodoCareWebsite\target\classes\com\podocare\PodoCareWebsite\controller\order\OrderController.class]: Unsatisfied dependency expressed through constructor parameter 0: Error creating bean with name 'orderService': Unsatisfied dependency expressed through field 'supplierService': Error creating bean with name 'supplierService': Unsatisfied dependency expressed through field 'equipmentProductInstanceRepo': Error creating bean with name 'equipmentProductInstanceRepo' defined in com.podocare.PodoCareWebsite.repo.product_category.product_instances.EquipmentProductInstanceRepo defined in @EnableJpaRepositories declared on JpaRepositoriesRegistrar.EnableJpaRepositoriesConfiguration: Could not create query for public abstract java.util.List com.podocare.PodoCareWebsite.repo.product_category.product_instances.EquipmentProductInstanceRepo.findActiveInstancesByProductId(java.lang.Long); Reason: Validation failed for query for method public abstract java.util.List com.podocare.PodoCareWebsite.repo.product_category.product_instances.EquipmentProductInstanceRepo.findActiveInstancesByProductId(java.lang.Long)
2024-12-20 22:20:18 INFO  - Closing JPA EntityManagerFactory for persistence unit 'default'
2024-12-20 22:20:18 INFO  - HikariPool-1 - Shutdown initiated...
2024-12-20 22:20:18 INFO  - HikariPool-1 - Shutdown completed.
2024-12-20 22:20:18 INFO  - Stopping service [Tomcat]
2024-12-20 22:20:18 INFO  - 

Error starting ApplicationContext. To display the condition evaluation report re-run your application with 'debug' enabled.
2024-12-20 22:20:18 ERROR - Application run failed
org.springframework.beans.factory.UnsatisfiedDependencyException: Error creating bean with name 'orderController' defined in file [C:\InteliJProjects\PodoCareWebsite\target\classes\com\podocare\PodoCareWebsite\controller\order\OrderController.class]: Unsatisfied dependency expressed through constructor parameter 0: Error creating bean with name 'orderService': Unsatisfied dependency expressed through field 'supplierService': Error creating bean with name 'supplierService': Unsatisfied dependency expressed through field 'equipmentProductInstanceRepo': Error creating bean with name 'equipmentProductInstanceRepo' defined in com.podocare.PodoCareWebsite.repo.product_category.product_instances.EquipmentProductInstanceRepo defined in @EnableJpaRepositories declared on JpaRepositoriesRegistrar.EnableJpaRepositoriesConfiguration: Could not create query for public abstract java.util.List com.podocare.PodoCareWebsite.repo.product_category.product_instances.EquipmentProductInstanceRepo.findActiveInstancesByProductId(java.lang.Long); Reason: Validation failed for query for method public abstract java.util.List com.podocare.PodoCareWebsite.repo.product_category.product_instances.EquipmentProductInstanceRepo.findActiveInstancesByProductId(java.lang.Long)
	at org.springframework.beans.factory.support.ConstructorResolver.createArgumentArray(ConstructorResolver.java:795)
	at org.springframework.beans.factory.support.ConstructorResolver.autowireConstructor(ConstructorResolver.java:237)
	at org.springframework.beans.factory.support.AbstractAutowireCapableBeanFactory.autowireConstructor(AbstractAutowireCapableBeanFactory.java:1375)
	at org.springframework.beans.factory.support.AbstractAutowireCapableBeanFactory.createBeanInstance(AbstractAutowireCapableBeanFactory.java:1212)
	at org.springframework.beans.factory.support.AbstractAutowireCapableBeanFactory.doCreateBean(AbstractAutowireCapableBeanFactory.java:562)
	at org.springframework.beans.factory.support.AbstractAutowireCapableBeanFactory.createBean(AbstractAutowireCapableBeanFactory.java:522)
	at org.springframework.beans.factory.support.AbstractBeanFactory.lambda$doGetBean$0(AbstractBeanFactory.java:337)
	at org.springframework.beans.factory.support.DefaultSingletonBeanRegistry.getSingleton(DefaultSingletonBeanRegistry.java:234)
	at org.springframework.beans.factory.support.AbstractBeanFactory.doGetBean(AbstractBeanFactory.java:335)
	at org.springframework.beans.factory.support.AbstractBeanFactory.getBean(AbstractBeanFactory.java:200)
	at org.springframework.beans.factory.support.DefaultListableBeanFactory.preInstantiateSingletons(DefaultListableBeanFactory.java:975)
	at org.springframework.context.support.AbstractApplicationContext.finishBeanFactoryInitialization(AbstractApplicationContext.java:971)
	at org.springframework.context.support.AbstractApplicationContext.refresh(AbstractApplicationContext.java:625)
	at org.springframework.boot.web.servlet.context.ServletWebServerApplicationContext.refresh(ServletWebServerApplicationContext.java:146)
	at org.springframework.boot.SpringApplication.refresh(SpringApplication.java:754)
	at org.springframework.boot.SpringApplication.refreshContext(SpringApplication.java:456)
	at org.springframework.boot.SpringApplication.run(SpringApplication.java:335)
	at org.springframework.boot.SpringApplication.run(SpringApplication.java:1363)
	at org.springframework.boot.SpringApplication.run(SpringApplication.java:1352)
	at com.podocare.PodoCareWebsite.PodoCareWebsiteApplication.main(PodoCareWebsiteApplication.java:10)
Caused by: org.springframework.beans.factory.UnsatisfiedDependencyException: Error creating bean with name 'orderService': Unsatisfied dependency expressed through field 'supplierService': Error creating bean with name 'supplierService': Unsatisfied dependency expressed through field 'equipmentProductInstanceRepo': Error creating bean with name 'equipmentProductInstanceRepo' defined in com.podocare.PodoCareWebsite.repo.product_category.product_instances.EquipmentProductInstanceRepo defined in @EnableJpaRepositories declared on JpaRepositoriesRegistrar.EnableJpaRepositoriesConfiguration: Could not create query for public abstract java.util.List com.podocare.PodoCareWebsite.repo.product_category.product_instances.EquipmentProductInstanceRepo.findActiveInstancesByProductId(java.lang.Long); Reason: Validation failed for query for method public abstract java.util.List com.podocare.PodoCareWebsite.repo.product_category.product_instances.EquipmentProductInstanceRepo.findActiveInstancesByProductId(java.lang.Long)
	at org.springframework.beans.factory.annotation.AutowiredAnnotationBeanPostProcessor$AutowiredFieldElement.resolveFieldValue(AutowiredAnnotationBeanPostProcessor.java:788)
	at org.springframework.beans.factory.annotation.AutowiredAnnotationBeanPostProcessor$AutowiredFieldElement.inject(AutowiredAnnotationBeanPostProcessor.java:768)
	at org.springframework.beans.factory.annotation.InjectionMetadata.inject(InjectionMetadata.java:145)
	at org.springframework.beans.factory.annotation.AutowiredAnnotationBeanPostProcessor.postProcessProperties(AutowiredAnnotationBeanPostProcessor.java:509)
	at org.springframework.beans.factory.support.AbstractAutowireCapableBeanFactory.populateBean(AbstractAutowireCapableBeanFactory.java:1439)
	at org.springframework.beans.factory.support.AbstractAutowireCapableBeanFactory.doCreateBean(AbstractAutowireCapableBeanFactory.java:599)
	at org.springframework.beans.factory.support.AbstractAutowireCapableBeanFactory.createBean(AbstractAutowireCapableBeanFactory.java:522)
	at org.springframework.beans.factory.support.AbstractBeanFactory.lambda$doGetBean$0(AbstractBeanFactory.java:337)
	at org.springframework.beans.factory.support.DefaultSingletonBeanRegistry.getSingleton(DefaultSingletonBeanRegistry.java:234)
	at org.springframework.beans.factory.support.AbstractBeanFactory.doGetBean(AbstractBeanFactory.java:335)
	at org.springframework.beans.factory.support.AbstractBeanFactory.getBean(AbstractBeanFactory.java:200)
	at org.springframework.beans.factory.config.DependencyDescriptor.resolveCandidate(DependencyDescriptor.java:254)
	at org.springframework.beans.factory.support.DefaultListableBeanFactory.doResolveDependency(DefaultListableBeanFactory.java:1443)
	at org.springframework.beans.factory.support.DefaultListableBeanFactory.resolveDependency(DefaultListableBeanFactory.java:1353)
	at org.springframework.beans.factory.support.ConstructorResolver.resolveAutowiredArgument(ConstructorResolver.java:904)
	at org.springframework.beans.factory.support.ConstructorResolver.createArgumentArray(ConstructorResolver.java:782)
	... 19 common frames omitted
Caused by: org.springframework.beans.factory.UnsatisfiedDependencyException: Error creating bean with name 'supplierService': Unsatisfied dependency expressed through field 'equipmentProductInstanceRepo': Error creating bean with name 'equipmentProductInstanceRepo' defined in com.podocare.PodoCareWebsite.repo.product_category.product_instances.EquipmentProductInstanceRepo defined in @EnableJpaRepositories declared on JpaRepositoriesRegistrar.EnableJpaRepositoriesConfiguration: Could not create query for public abstract java.util.List com.podocare.PodoCareWebsite.repo.product_category.product_instances.EquipmentProductInstanceRepo.findActiveInstancesByProductId(java.lang.Long); Reason: Validation failed for query for method public abstract java.util.List com.podocare.PodoCareWebsite.repo.product_category.product_instances.EquipmentProductInstanceRepo.findActiveInstancesByProductId(java.lang.Long)
	at org.springframework.beans.factory.annotation.AutowiredAnnotationBeanPostProcessor$AutowiredFieldElement.resolveFieldValue(AutowiredAnnotationBeanPostProcessor.java:788)
	at org.springframework.beans.factory.annotation.AutowiredAnnotationBeanPostProcessor$AutowiredFieldElement.inject(AutowiredAnnotationBeanPostProcessor.java:768)
	at org.springframework.beans.factory.annotation.InjectionMetadata.inject(InjectionMetadata.java:145)
	at org.springframework.beans.factory.annotation.AutowiredAnnotationBeanPostProcessor.postProcessProperties(AutowiredAnnotationBeanPostProcessor.java:509)
	at org.springframework.beans.factory.support.AbstractAutowireCapableBeanFactory.populateBean(AbstractAutowireCapableBeanFactory.java:1439)
	at org.springframework.beans.factory.support.AbstractAutowireCapableBeanFactory.doCreateBean(AbstractAutowireCapableBeanFactory.java:599)
	at org.springframework.beans.factory.support.AbstractAutowireCapableBeanFactory.createBean(AbstractAutowireCapableBeanFactory.java:522)
	at org.springframework.beans.factory.support.AbstractBeanFactory.lambda$doGetBean$0(AbstractBeanFactory.java:337)
	at org.springframework.beans.factory.support.DefaultSingletonBeanRegistry.getSingleton(DefaultSingletonBeanRegistry.java:234)
	at org.springframework.beans.factory.support.AbstractBeanFactory.doGetBean(AbstractBeanFactory.java:335)
	at org.springframework.beans.factory.support.AbstractBeanFactory.getBean(AbstractBeanFactory.java:200)
	at org.springframework.beans.factory.config.DependencyDescriptor.resolveCandidate(DependencyDescriptor.java:254)
	at org.springframework.beans.factory.support.DefaultListableBeanFactory.doResolveDependency(DefaultListableBeanFactory.java:1443)
	at org.springframework.beans.factory.support.DefaultListableBeanFactory.resolveDependency(DefaultListableBeanFactory.java:1353)
	at org.springframework.beans.factory.annotation.AutowiredAnnotationBeanPostProcessor$AutowiredFieldElement.resolveFieldValue(AutowiredAnnotationBeanPostProcessor.java:785)
	... 34 common frames omitted
Caused by: org.springframework.beans.factory.BeanCreationException: Error creating bean with name 'equipmentProductInstanceRepo' defined in com.podocare.PodoCareWebsite.repo.product_category.product_instances.EquipmentProductInstanceRepo defined in @EnableJpaRepositories declared on JpaRepositoriesRegistrar.EnableJpaRepositoriesConfiguration: Could not create query for public abstract java.util.List com.podocare.PodoCareWebsite.repo.product_category.product_instances.EquipmentProductInstanceRepo.findActiveInstancesByProductId(java.lang.Long); Reason: Validation failed for query for method public abstract java.util.List com.podocare.PodoCareWebsite.repo.product_category.product_instances.EquipmentProductInstanceRepo.findActiveInstancesByProductId(java.lang.Long)
	at org.springframework.beans.factory.support.AbstractAutowireCapableBeanFactory.initializeBean(AbstractAutowireCapableBeanFactory.java:1806)
	at org.springframework.beans.factory.support.AbstractAutowireCapableBeanFactory.doCreateBean(AbstractAutowireCapableBeanFactory.java:600)
	at org.springframework.beans.factory.support.AbstractAutowireCapableBeanFactory.createBean(AbstractAutowireCapableBeanFactory.java:522)
	at org.springframework.beans.factory.support.AbstractBeanFactory.lambda$doGetBean$0(AbstractBeanFactory.java:337)
	at org.springframework.beans.factory.support.DefaultSingletonBeanRegistry.getSingleton(DefaultSingletonBeanRegistry.java:234)
	at org.springframework.beans.factory.support.AbstractBeanFactory.doGetBean(AbstractBeanFactory.java:335)
	at org.springframework.beans.factory.support.AbstractBeanFactory.getBean(AbstractBeanFactory.java:200)
	at org.springframework.beans.factory.config.DependencyDescriptor.resolveCandidate(DependencyDescriptor.java:254)
	at org.springframework.beans.factory.support.DefaultListableBeanFactory.doResolveDependency(DefaultListableBeanFactory.java:1443)
	at org.springframework.beans.factory.support.DefaultListableBeanFactory.resolveDependency(DefaultListableBeanFactory.java:1353)
	at org.springframework.beans.factory.annotation.AutowiredAnnotationBeanPostProcessor$AutowiredFieldElement.resolveFieldValue(AutowiredAnnotationBeanPostProcessor.java:785)
	... 48 common frames omitted
Caused by: org.springframework.data.repository.query.QueryCreationException: Could not create query for public abstract java.util.List com.podocare.PodoCareWebsite.repo.product_category.product_instances.EquipmentProductInstanceRepo.findActiveInstancesByProductId(java.lang.Long); Reason: Validation failed for query for method public abstract java.util.List com.podocare.PodoCareWebsite.repo.product_category.product_instances.EquipmentProductInstanceRepo.findActiveInstancesByProductId(java.lang.Long)
	at org.springframework.data.repository.query.QueryCreationException.create(QueryCreationException.java:101)
	at org.springframework.data.repository.core.support.QueryExecutorMethodInterceptor.lookupQuery(QueryExecutorMethodInterceptor.java:119)
	at org.springframework.data.repository.core.support.QueryExecutorMethodInterceptor.mapMethodsToQuery(QueryExecutorMethodInterceptor.java:103)
	at org.springframework.data.repository.core.support.QueryExecutorMethodInterceptor.lambda$new$0(QueryExecutorMethodInterceptor.java:92)
	at java.base/java.util.Optional.map(Optional.java:260)
	at org.springframework.data.repository.core.support.QueryExecutorMethodInterceptor.<init>(QueryExecutorMethodInterceptor.java:92)
	at org.springframework.data.repository.core.support.RepositoryFactorySupport.getRepository(RepositoryFactorySupport.java:357)
	at org.springframework.data.repository.core.support.RepositoryFactoryBeanSupport.lambda$afterPropertiesSet$5(RepositoryFactoryBeanSupport.java:286)
	at org.springframework.data.util.Lazy.getNullable(Lazy.java:135)
	at org.springframework.data.util.Lazy.get(Lazy.java:113)
	at org.springframework.data.repository.core.support.RepositoryFactoryBeanSupport.afterPropertiesSet(RepositoryFactoryBeanSupport.java:292)
	at org.springframework.data.jpa.repository.support.JpaRepositoryFactoryBean.afterPropertiesSet(JpaRepositoryFactoryBean.java:132)
	at org.springframework.beans.factory.support.AbstractAutowireCapableBeanFactory.invokeInitMethods(AbstractAutowireCapableBeanFactory.java:1853)
	at org.springframework.beans.factory.support.AbstractAutowireCapableBeanFactory.initializeBean(AbstractAutowireCapableBeanFactory.java:1802)
	... 58 common frames omitted
Caused by: java.lang.IllegalArgumentException: Validation failed for query for method public abstract java.util.List com.podocare.PodoCareWebsite.repo.product_category.product_instances.EquipmentProductInstanceRepo.findActiveInstancesByProductId(java.lang.Long)
	at org.springframework.data.jpa.repository.query.SimpleJpaQuery.validateQuery(SimpleJpaQuery.java:100)
	at org.springframework.data.jpa.repository.query.SimpleJpaQuery.<init>(SimpleJpaQuery.java:70)
	at org.springframework.data.jpa.repository.query.JpaQueryFactory.fromMethodWithQueryString(JpaQueryFactory.java:60)
	at org.springframework.data.jpa.repository.query.JpaQueryLookupStrategy$DeclaredQueryLookupStrategy.resolveQuery(JpaQueryLookupStrategy.java:170)
	at org.springframework.data.jpa.repository.query.JpaQueryLookupStrategy$CreateIfNotFoundQueryLookupStrategy.resolveQuery(JpaQueryLookupStrategy.java:252)
	at org.springframework.data.jpa.repository.query.JpaQueryLookupStrategy$AbstractQueryLookupStrategy.resolveQuery(JpaQueryLookupStrategy.java:95)
	at org.springframework.data.repository.core.support.QueryExecutorMethodInterceptor.lookupQuery(QueryExecutorMethodInterceptor.java:115)
	... 70 common frames omitted
Caused by: java.lang.IllegalArgumentException: org.hibernate.query.sqm.UnknownPathException: Could not resolve attribute 'isOutOfUse' of 'com.podocare.PodoCareWebsite.model.product.product_category.product_instances.EquipmentProductInstance' [SELECT pi FROM EquipmentProductInstance pi WHERE pi.equipmentProduct.id = :equipmentProductId AND pi.isOutOfUse = false AND pi.isDeleted = false]
	at org.hibernate.internal.ExceptionConverterImpl.convert(ExceptionConverterImpl.java:143)
	at org.hibernate.internal.ExceptionConverterImpl.convert(ExceptionConverterImpl.java:167)
	at org.hibernate.internal.ExceptionConverterImpl.convert(ExceptionConverterImpl.java:173)
	at org.hibernate.internal.AbstractSharedSessionContract.createQuery(AbstractSharedSessionContract.java:860)
	at org.hibernate.internal.AbstractSharedSessionContract.createQuery(AbstractSharedSessionContract.java:765)
	at org.hibernate.internal.AbstractSharedSessionContract.createQuery(AbstractSharedSessionContract.java:140)
	at java.base/jdk.internal.reflect.DirectMethodHandleAccessor.invoke(DirectMethodHandleAccessor.java:103)
	at java.base/java.lang.reflect.Method.invoke(Method.java:580)
	at org.springframework.orm.jpa.ExtendedEntityManagerCreator$ExtendedEntityManagerInvocationHandler.invoke(ExtendedEntityManagerCreator.java:364)
	at jdk.proxy2/jdk.proxy2.$Proxy127.createQuery(Unknown Source)
	at org.springframework.data.jpa.repository.query.SimpleJpaQuery.validateQuery(SimpleJpaQuery.java:94)
	... 76 common frames omitted
Caused by: org.hibernate.query.sqm.UnknownPathException: Could not resolve attribute 'isOutOfUse' of 'com.podocare.PodoCareWebsite.model.product.product_category.product_instances.EquipmentProductInstance' [SELECT pi FROM EquipmentProductInstance pi WHERE pi.equipmentProduct.id = :equipmentProductId AND pi.isOutOfUse = false AND pi.isDeleted = false]
	at org.hibernate.query.hql.internal.StandardHqlTranslator.translate(StandardHqlTranslator.java:88)
	at org.hibernate.query.internal.QueryInterpretationCacheStandardImpl.createHqlInterpretation(QueryInterpretationCacheStandardImpl.java:145)
	at org.hibernate.query.internal.QueryInterpretationCacheStandardImpl.resolveHqlInterpretation(QueryInterpretationCacheStandardImpl.java:132)
	at org.hibernate.internal.AbstractSharedSessionContract.interpretHql(AbstractSharedSessionContract.java:802)
	at org.hibernate.internal.AbstractSharedSessionContract.createQuery(AbstractSharedSessionContract.java:852)
	... 83 common frames omitted
Caused by: org.hibernate.query.sqm.PathElementException: Could not resolve attribute 'isOutOfUse' of 'com.podocare.PodoCareWebsite.model.product.product_category.product_instances.EquipmentProductInstance'
	at org.hibernate.query.sqm.SqmPathSource.getSubPathSource(SqmPathSource.java:95)
	at org.hibernate.query.sqm.tree.domain.AbstractSqmPath.get(AbstractSqmPath.java:196)
	at org.hibernate.query.sqm.tree.domain.AbstractSqmFrom.resolvePathPart(AbstractSqmFrom.java:198)
	at org.hibernate.query.hql.internal.DomainPathPart.resolvePathPart(DomainPathPart.java:42)
	at org.hibernate.query.hql.internal.BasicDotIdentifierConsumer.consumeIdentifier(BasicDotIdentifierConsumer.java:92)
	at org.hibernate.query.hql.internal.SemanticQueryBuilder.visitSimplePath(SemanticQueryBuilder.java:5269)
	at org.hibernate.query.hql.internal.SemanticQueryBuilder.visitIndexedPathAccessFragment(SemanticQueryBuilder.java:5218)
	at org.hibernate.query.hql.internal.SemanticQueryBuilder.visitGeneralPathFragment(SemanticQueryBuilder.java:5193)
	at org.hibernate.query.hql.internal.SemanticQueryBuilder.visitGeneralPathExpression(SemanticQueryBuilder.java:1886)
	at org.hibernate.grammars.hql.HqlParser$GeneralPathExpressionContext.accept(HqlParser.java:7967)
	at org.antlr.v4.runtime.tree.AbstractParseTreeVisitor.visitChildren(AbstractParseTreeVisitor.java:46)
	at org.hibernate.grammars.hql.HqlParserBaseVisitor.visitBarePrimaryExpression(HqlParserBaseVisitor.java:777)
	at org.hibernate.grammars.hql.HqlParser$BarePrimaryExpressionContext.accept(HqlParser.java:7425)
	at org.hibernate.query.hql.internal.SemanticQueryBuilder.createComparisonPredicate(SemanticQueryBuilder.java:2543)
	at org.hibernate.query.hql.internal.SemanticQueryBuilder.visitComparisonPredicate(SemanticQueryBuilder.java:2504)
	at org.hibernate.query.hql.internal.SemanticQueryBuilder.visitComparisonPredicate(SemanticQueryBuilder.java:275)
	at org.hibernate.grammars.hql.HqlParser$ComparisonPredicateContext.accept(HqlParser.java:6432)
	at org.hibernate.query.hql.internal.SemanticQueryBuilder.visitAndPredicate(SemanticQueryBuilder.java:2374)
	at org.hibernate.query.hql.internal.SemanticQueryBuilder.visitAndPredicate(SemanticQueryBuilder.java:275)
	at org.hibernate.grammars.hql.HqlParser$AndPredicateContext.accept(HqlParser.java:6307)
	at org.hibernate.query.hql.internal.SemanticQueryBuilder.visitAndPredicate(SemanticQueryBuilder.java:2373)
	at org.hibernate.query.hql.internal.SemanticQueryBuilder.visitAndPredicate(SemanticQueryBuilder.java:275)
	at org.hibernate.grammars.hql.HqlParser$AndPredicateContext.accept(HqlParser.java:6307)
	at org.hibernate.query.hql.internal.SemanticQueryBuilder.visitWhereClause(SemanticQueryBuilder.java:2356)
	at org.hibernate.query.hql.internal.SemanticQueryBuilder.visitWhereClause(SemanticQueryBuilder.java:275)
	at org.hibernate.grammars.hql.HqlParser$WhereClauseContext.accept(HqlParser.java:6173)
	at org.hibernate.query.hql.internal.SemanticQueryBuilder.visitQuery(SemanticQueryBuilder.java:1254)
	at org.hibernate.query.hql.internal.SemanticQueryBuilder.visitQuerySpecExpression(SemanticQueryBuilder.java:1035)
	at org.hibernate.query.hql.internal.SemanticQueryBuilder.visitQuerySpecExpression(SemanticQueryBuilder.java:275)
	at org.hibernate.grammars.hql.HqlParser$QuerySpecExpressionContext.accept(HqlParser.java:2132)
	at org.hibernate.query.hql.internal.SemanticQueryBuilder.visitSimpleQueryGroup(SemanticQueryBuilder.java:1020)
	at org.hibernate.query.hql.internal.SemanticQueryBuilder.visitSimpleQueryGroup(SemanticQueryBuilder.java:275)
	at org.hibernate.grammars.hql.HqlParser$SimpleQueryGroupContext.accept(HqlParser.java:2003)
	at org.hibernate.query.hql.internal.SemanticQueryBuilder.visitSelectStatement(SemanticQueryBuilder.java:490)
	at org.hibernate.query.hql.internal.SemanticQueryBuilder.visitStatement(SemanticQueryBuilder.java:449)
	at org.hibernate.query.hql.internal.SemanticQueryBuilder.buildSemanticModel(SemanticQueryBuilder.java:322)
	at org.hibernate.query.hql.internal.StandardHqlTranslator.translate(StandardHqlTranslator.java:71)
	... 87 common frames omitted
2024-12-20 22:21:40 INFO  - Starting PodoCareWebsiteApplication using Java 21.0.2 with PID 12696 (C:\InteliJProjects\PodoCareWebsite\target\classes started by Wojtek in C:\InteliJProjects\PodoCareWebsite)
2024-12-20 22:21:40 INFO  - No active profile set, falling back to 1 default profile: "default"
2024-12-20 22:21:41 INFO  - Bootstrapping Spring Data JPA repositories in DEFAULT mode.
2024-12-20 22:21:41 INFO  - Finished Spring Data repository scanning in 103 ms. Found 11 JPA repository interfaces.
2024-12-20 22:21:41 INFO  - Tomcat initialized with port 8080 (http)
2024-12-20 22:21:41 INFO  - Initializing ProtocolHandler ["http-nio-8080"]
2024-12-20 22:21:41 INFO  - Starting service [Tomcat]
2024-12-20 22:21:41 INFO  - Starting Servlet engine: [Apache Tomcat/10.1.30]
2024-12-20 22:21:41 INFO  - Initializing Spring embedded WebApplicationContext
2024-12-20 22:21:41 INFO  - Root WebApplicationContext: initialization completed in 1238 ms
2024-12-20 22:21:41 INFO  - HHH000204: Processing PersistenceUnitInfo [name: default]
2024-12-20 22:21:42 INFO  - HHH000412: Hibernate ORM core version 6.5.3.Final
2024-12-20 22:21:42 INFO  - HHH000026: Second-level cache disabled
2024-12-20 22:21:42 INFO  - No LoadTimeWeaver setup: ignoring JPA class transformer
2024-12-20 22:21:42 INFO  - HikariPool-1 - Starting...
2024-12-20 22:21:42 INFO  - HikariPool-1 - Added connection org.postgresql.jdbc.PgConnection@5ab5924c
2024-12-20 22:21:42 INFO  - HikariPool-1 - Start completed.
2024-12-20 22:21:42 WARN  - HHH90000025: PostgreSQLDialect does not need to be specified explicitly using 'hibernate.dialect' (remove the property setting and it will be selected by default)
2024-12-20 22:21:43 INFO  - HHH000489: No JTA platform available (set 'hibernate.transaction.jta.platform' to enable JTA platform integration)
2024-12-20 22:21:43 INFO  - Initialized JPA EntityManagerFactory for persistence unit 'default'
2024-12-20 22:21:43 INFO  - Hibernate is in classpath; If applicable, HQL parser will be used.
2024-12-20 22:21:44 WARN  - Exception encountered during context initialization - cancelling refresh attempt: org.springframework.beans.factory.UnsatisfiedDependencyException: Error creating bean with name 'orderController' defined in file [C:\InteliJProjects\PodoCareWebsite\target\classes\com\podocare\PodoCareWebsite\controller\order\OrderController.class]: Unsatisfied dependency expressed through constructor parameter 0: Error creating bean with name 'orderService': Unsatisfied dependency expressed through field 'orderProductService': Error creating bean with name 'orderProductService': Unsatisfied dependency expressed through field 'saleProductService': Error creating bean with name 'saleProductService': Unsatisfied dependency expressed through field 'saleProductInstanceService': Error creating bean with name 'saleProductInstanceService': Unsatisfied dependency expressed through field 'saleProductService': Error creating bean with name 'saleProductService': Requested bean is currently in creation: Is there an unresolvable circular reference?
2024-12-20 22:21:44 INFO  - Closing JPA EntityManagerFactory for persistence unit 'default'
2024-12-20 22:21:44 INFO  - HikariPool-1 - Shutdown initiated...
2024-12-20 22:21:44 INFO  - HikariPool-1 - Shutdown completed.
2024-12-20 22:21:44 INFO  - Stopping service [Tomcat]
2024-12-20 22:21:44 INFO  - 

Error starting ApplicationContext. To display the condition evaluation report re-run your application with 'debug' enabled.
2024-12-20 22:21:44 ERROR - 

***************************
APPLICATION FAILED TO START
***************************

Description:

The dependencies of some of the beans in the application context form a cycle:

   orderController defined in file [C:\InteliJProjects\PodoCareWebsite\target\classes\com\podocare\PodoCareWebsite\controller\order\OrderController.class]
      
   orderService (field private com.podocare.PodoCareWebsite.service.order.OrderProductService com.podocare.PodoCareWebsite.service.order.OrderService.orderProductService)
      
   orderProductService (field private com.podocare.PodoCareWebsite.service.product_category.SaleProductService com.podocare.PodoCareWebsite.service.order.OrderProductService.saleProductService)

|  saleProductService (field private com.podocare.PodoCareWebsite.service.product_category.product_instances.SaleProductInstanceService com.podocare.PodoCareWebsite.service.product_category.SaleProductService.saleProductInstanceService)
     
|  saleProductInstanceService (field private com.podocare.PodoCareWebsite.service.product_category.SaleProductService com.podocare.PodoCareWebsite.service.product_category.product_instances.SaleProductInstanceService.saleProductService)



Action:

Relying upon circular references is discouraged and they are prohibited by default. Update your application to remove the dependency cycle between beans. As a last resort, it may be possible to break the cycle automatically by setting spring.main.allow-circular-references to true.

