2024-12-19 09:41:02 INFO  - Starting PodoCareWebsiteApplication using Java 21.0.2 with PID 14700 (C:\InteliJProjects\PodoCareWebsite\target\classes started by Wojtek in C:\InteliJProjects\PodoCareWebsite)
2024-12-19 09:41:02 INFO  - No active profile set, falling back to 1 default profile: "default"
2024-12-19 09:41:03 INFO  - Bootstrapping Spring Data JPA repositories in DEFAULT mode.
2024-12-19 09:41:03 INFO  - Finished Spring Data repository scanning in 104 ms. Found 11 JPA repository interfaces.
2024-12-19 09:41:04 INFO  - Tomcat initialized with port 8080 (http)
2024-12-19 09:41:04 INFO  - Initializing ProtocolHandler ["http-nio-8080"]
2024-12-19 09:41:04 INFO  - Starting service [Tomcat]
2024-12-19 09:41:04 INFO  - Starting Servlet engine: [Apache Tomcat/10.1.30]
2024-12-19 09:41:04 INFO  - Initializing Spring embedded WebApplicationContext
2024-12-19 09:41:04 INFO  - Root WebApplicationContext: initialization completed in 1650 ms
2024-12-19 09:41:04 INFO  - HHH000204: Processing PersistenceUnitInfo [name: default]
2024-12-19 09:41:04 INFO  - HHH000412: Hibernate ORM core version 6.5.3.Final
2024-12-19 09:41:04 INFO  - HHH000026: Second-level cache disabled
2024-12-19 09:41:04 INFO  - No LoadTimeWeaver setup: ignoring JPA class transformer
2024-12-19 09:41:04 INFO  - HikariPool-1 - Starting...
2024-12-19 09:41:05 INFO  - HikariPool-1 - Added connection org.postgresql.jdbc.PgConnection@ce655b9
2024-12-19 09:41:05 INFO  - HikariPool-1 - Start completed.
2024-12-19 09:41:05 WARN  - HHH90000025: PostgreSQLDialect does not need to be specified explicitly using 'hibernate.dialect' (remove the property setting and it will be selected by default)
2024-12-19 09:41:06 INFO  - HHH000489: No JTA platform available (set 'hibernate.transaction.jta.platform' to enable JTA platform integration)
2024-12-19 09:41:06 INFO  - Initialized JPA EntityManagerFactory for persistence unit 'default'
2024-12-19 09:41:06 INFO  - Hibernate is in classpath; If applicable, HQL parser will be used.
2024-12-19 09:41:07 WARN  - spring.jpa.open-in-view is enabled by default. Therefore, database queries may be performed during view rendering. Explicitly configure spring.jpa.open-in-view to disable this warning
2024-12-19 09:41:08 INFO  - Starting ProtocolHandler ["http-nio-8080"]
2024-12-19 09:41:08 INFO  - Tomcat started on port 8080 (http) with context path '/'
2024-12-19 09:41:08 INFO  - Started PodoCareWebsiteApplication in 5.954 seconds (process running for 6.605)
2024-12-19 09:41:18 INFO  - Initializing Spring DispatcherServlet 'dispatcherServlet'
2024-12-19 09:41:18 INFO  - Initializing Servlet 'dispatcherServlet'
2024-12-19 09:41:18 INFO  - Completed initialization in 2 ms
2024-12-19 17:31:46 INFO  - Closing JPA EntityManagerFactory for persistence unit 'default'
2024-12-19 17:31:46 INFO  - HikariPool-1 - Shutdown initiated...
2024-12-19 17:31:46 INFO  - HikariPool-1 - Shutdown completed.
