2025-02-10 13:16:59 INFO  - Starting PodoCareWebsiteApplication using Java 21.0.2 with PID 8020 (C:\Users\Wojtek\Desktop\PodoCarePRO\be\PodoCareWebsite\target\classes started by Wojtek in C:\Users\Wojtek\Desktop\PodoCarePRO\be\PodoCareWebsite)
2025-02-10 13:16:59 INFO  - No active profile set, falling back to 1 default profile: "default"
2025-02-10 13:17:00 INFO  - Bootstrapping Spring Data JPA repositories in DEFAULT mode.
2025-02-10 13:17:00 INFO  - Finished Spring Data repository scanning in 85 ms. Found 10 JPA repository interfaces.
2025-02-10 13:17:01 INFO  - Tomcat initialized with port 8080 (http)
2025-02-10 13:17:01 INFO  - Initializing ProtocolHandler ["http-nio-8080"]
2025-02-10 13:17:01 INFO  - Starting service [Tomcat]
2025-02-10 13:17:01 INFO  - Starting Servlet engine: [Apache Tomcat/10.1.30]
2025-02-10 13:17:01 INFO  - Initializing Spring embedded WebApplicationContext
2025-02-10 13:17:01 INFO  - Root WebApplicationContext: initialization completed in 1309 ms
2025-02-10 13:17:01 INFO  - HHH000204: Processing PersistenceUnitInfo [name: default]
2025-02-10 13:17:01 INFO  - HHH000412: Hibernate ORM core version 6.5.3.Final
2025-02-10 13:17:01 INFO  - HHH000026: Second-level cache disabled
2025-02-10 13:17:01 INFO  - No LoadTimeWeaver setup: ignoring JPA class transformer
2025-02-10 13:17:01 INFO  - HikariPool-1 - Starting...
2025-02-10 13:17:02 INFO  - HikariPool-1 - Added connection org.postgresql.jdbc.PgConnection@241fc278
2025-02-10 13:17:02 INFO  - HikariPool-1 - Start completed.
2025-02-10 13:17:02 WARN  - HHH90000025: PostgreSQLDialect does not need to be specified explicitly using 'hibernate.dialect' (remove the property setting and it will be selected by default)
2025-02-10 13:17:03 INFO  - HHH000489: No JTA platform available (set 'hibernate.transaction.jta.platform' to enable JTA platform integration)
2025-02-10 13:17:03 INFO  - Initialized JPA EntityManagerFactory for persistence unit 'default'
2025-02-10 13:17:03 INFO  - Hibernate is in classpath; If applicable, HQL parser will be used.
2025-02-10 13:17:05 WARN  - spring.jpa.open-in-view is enabled by default. Therefore, database queries may be performed during view rendering. Explicitly configure spring.jpa.open-in-view to disable this warning
2025-02-10 13:17:06 INFO  - Starting ProtocolHandler ["http-nio-8080"]
2025-02-10 13:17:06 INFO  - Tomcat started on port 8080 (http) with context path '/'
2025-02-10 13:17:06 INFO  - Started PodoCareWebsiteApplication in 6.475 seconds (process running for 7.08)
2025-02-10 13:17:14 INFO  - Initializing Spring DispatcherServlet 'dispatcherServlet'
2025-02-10 13:17:14 INFO  - Initializing Servlet 'dispatcherServlet'
2025-02-10 13:17:14 INFO  - Completed initialization in 1 ms
2025-02-10 13:22:52 ERROR - Product creation failed: Product already exists.
2025-02-10 15:22:29 INFO  - Closing JPA EntityManagerFactory for persistence unit 'default'
2025-02-10 15:22:29 INFO  - HikariPool-1 - Shutdown initiated...
2025-02-10 15:22:29 INFO  - HikariPool-1 - Shutdown completed.
2025-02-10 15:22:33 INFO  - Starting PodoCareWebsiteApplication using Java 21.0.2 with PID 21988 (C:\Users\Wojtek\Desktop\PodoCarePRO\be\PodoCareWebsite\target\classes started by Wojtek in C:\Users\Wojtek\Desktop\PodoCarePRO\be\PodoCareWebsite)
2025-02-10 15:22:33 INFO  - No active profile set, falling back to 1 default profile: "default"
2025-02-10 15:22:33 INFO  - Bootstrapping Spring Data JPA repositories in DEFAULT mode.
2025-02-10 15:22:33 INFO  - Finished Spring Data repository scanning in 75 ms. Found 10 JPA repository interfaces.
2025-02-10 15:22:34 INFO  - Tomcat initialized with port 8080 (http)
2025-02-10 15:22:34 INFO  - Initializing ProtocolHandler ["http-nio-8080"]
2025-02-10 15:22:34 INFO  - Starting service [Tomcat]
2025-02-10 15:22:34 INFO  - Starting Servlet engine: [Apache Tomcat/10.1.30]
2025-02-10 15:22:34 INFO  - Initializing Spring embedded WebApplicationContext
2025-02-10 15:22:34 INFO  - Root WebApplicationContext: initialization completed in 1120 ms
2025-02-10 15:22:34 INFO  - HHH000204: Processing PersistenceUnitInfo [name: default]
2025-02-10 15:22:34 INFO  - HHH000412: Hibernate ORM core version 6.5.3.Final
2025-02-10 15:22:34 INFO  - HHH000026: Second-level cache disabled
2025-02-10 15:22:34 INFO  - No LoadTimeWeaver setup: ignoring JPA class transformer
2025-02-10 15:22:34 INFO  - HikariPool-1 - Starting...
2025-02-10 15:22:34 INFO  - HikariPool-1 - Added connection org.postgresql.jdbc.PgConnection@26a45089
2025-02-10 15:22:34 INFO  - HikariPool-1 - Start completed.
2025-02-10 15:22:34 WARN  - HHH90000025: PostgreSQLDialect does not need to be specified explicitly using 'hibernate.dialect' (remove the property setting and it will be selected by default)
2025-02-10 15:22:35 INFO  - HHH000489: No JTA platform available (set 'hibernate.transaction.jta.platform' to enable JTA platform integration)
2025-02-10 15:22:35 INFO  - Initialized JPA EntityManagerFactory for persistence unit 'default'
2025-02-10 15:22:36 INFO  - Hibernate is in classpath; If applicable, HQL parser will be used.
2025-02-10 15:22:37 WARN  - spring.jpa.open-in-view is enabled by default. Therefore, database queries may be performed during view rendering. Explicitly configure spring.jpa.open-in-view to disable this warning
2025-02-10 15:22:38 INFO  - Starting ProtocolHandler ["http-nio-8080"]
2025-02-10 15:22:38 INFO  - Tomcat started on port 8080 (http) with context path '/'
2025-02-10 15:22:38 INFO  - Started PodoCareWebsiteApplication in 5.277 seconds (process running for 5.791)
2025-02-10 15:23:02 INFO  - Initializing Spring DispatcherServlet 'dispatcherServlet'
2025-02-10 15:23:02 INFO  - Initializing Servlet 'dispatcherServlet'
2025-02-10 15:23:02 INFO  - Completed initialization in 1 ms
2025-02-10 15:23:24 INFO  - OrderDTO: 
2025-02-10 15:23:47 INFO  - OrderDTO: 
2025-02-10 15:24:34 INFO  - Closing JPA EntityManagerFactory for persistence unit 'default'
2025-02-10 15:24:34 INFO  - HikariPool-1 - Shutdown initiated...
2025-02-10 15:24:34 INFO  - HikariPool-1 - Shutdown completed.
2025-02-10 15:24:38 INFO  - Starting PodoCareWebsiteApplication using Java 21.0.2 with PID 20228 (C:\Users\Wojtek\Desktop\PodoCarePRO\be\PodoCareWebsite\target\classes started by Wojtek in C:\Users\Wojtek\Desktop\PodoCarePRO\be\PodoCareWebsite)
2025-02-10 15:24:38 INFO  - No active profile set, falling back to 1 default profile: "default"
2025-02-10 15:24:38 INFO  - Bootstrapping Spring Data JPA repositories in DEFAULT mode.
2025-02-10 15:24:38 INFO  - Finished Spring Data repository scanning in 74 ms. Found 10 JPA repository interfaces.
2025-02-10 15:24:39 INFO  - Tomcat initialized with port 8080 (http)
2025-02-10 15:24:39 INFO  - Initializing ProtocolHandler ["http-nio-8080"]
2025-02-10 15:24:39 INFO  - Starting service [Tomcat]
2025-02-10 15:24:39 INFO  - Starting Servlet engine: [Apache Tomcat/10.1.30]
2025-02-10 15:24:39 INFO  - Initializing Spring embedded WebApplicationContext
2025-02-10 15:24:39 INFO  - Root WebApplicationContext: initialization completed in 1104 ms
2025-02-10 15:24:39 INFO  - HHH000204: Processing PersistenceUnitInfo [name: default]
2025-02-10 15:24:39 INFO  - HHH000412: Hibernate ORM core version 6.5.3.Final
2025-02-10 15:24:39 INFO  - HHH000026: Second-level cache disabled
2025-02-10 15:24:39 INFO  - No LoadTimeWeaver setup: ignoring JPA class transformer
2025-02-10 15:24:39 INFO  - HikariPool-1 - Starting...
2025-02-10 15:24:39 INFO  - HikariPool-1 - Added connection org.postgresql.jdbc.PgConnection@5c8ab9de
2025-02-10 15:24:39 INFO  - HikariPool-1 - Start completed.
2025-02-10 15:24:39 WARN  - HHH90000025: PostgreSQLDialect does not need to be specified explicitly using 'hibernate.dialect' (remove the property setting and it will be selected by default)
2025-02-10 15:24:40 INFO  - HHH000489: No JTA platform available (set 'hibernate.transaction.jta.platform' to enable JTA platform integration)
2025-02-10 15:24:40 INFO  - Initialized JPA EntityManagerFactory for persistence unit 'default'
2025-02-10 15:24:41 INFO  - Hibernate is in classpath; If applicable, HQL parser will be used.
2025-02-10 15:24:42 WARN  - spring.jpa.open-in-view is enabled by default. Therefore, database queries may be performed during view rendering. Explicitly configure spring.jpa.open-in-view to disable this warning
2025-02-10 15:24:43 INFO  - Starting ProtocolHandler ["http-nio-8080"]
2025-02-10 15:24:43 INFO  - Tomcat started on port 8080 (http) with context path '/'
2025-02-10 15:24:43 INFO  - Started PodoCareWebsiteApplication in 5.325 seconds (process running for 5.814)
2025-02-10 15:25:04 INFO  - Initializing Spring DispatcherServlet 'dispatcherServlet'
2025-02-10 15:25:04 INFO  - Initializing Servlet 'dispatcherServlet'
2025-02-10 15:25:04 INFO  - Completed initialization in 1 ms
