2024-12-21 13:15:12 INFO  - Starting PodoCareWebsiteApplication using Java 21.0.2 with PID 13728 (C:\InteliJProjects\PodoCareWebsite\target\classes started by Wojtek in C:\InteliJProjects\PodoCareWebsite)
2024-12-21 13:15:12 INFO  - No active profile set, falling back to 1 default profile: "default"
2024-12-21 13:15:13 INFO  - Bootstrapping Spring Data JPA repositories in DEFAULT mode.
2024-12-21 13:15:13 INFO  - Finished Spring Data repository scanning in 103 ms. Found 11 JPA repository interfaces.
2024-12-21 13:15:13 INFO  - Tomcat initialized with port 8080 (http)
2024-12-21 13:15:13 INFO  - Initializing ProtocolHandler ["http-nio-8080"]
2024-12-21 13:15:13 INFO  - Starting service [Tomcat]
2024-12-21 13:15:13 INFO  - Starting Servlet engine: [Apache Tomcat/10.1.30]
2024-12-21 13:15:13 INFO  - Initializing Spring embedded WebApplicationContext
2024-12-21 13:15:13 INFO  - Root WebApplicationContext: initialization completed in 1536 ms
2024-12-21 13:15:14 INFO  - HHH000204: Processing PersistenceUnitInfo [name: default]
2024-12-21 13:15:14 INFO  - HHH000412: Hibernate ORM core version 6.5.3.Final
2024-12-21 13:15:14 INFO  - HHH000026: Second-level cache disabled
2024-12-21 13:15:14 INFO  - No LoadTimeWeaver setup: ignoring JPA class transformer
2024-12-21 13:15:14 INFO  - HikariPool-1 - Starting...
2024-12-21 13:15:14 INFO  - HikariPool-1 - Added connection org.postgresql.jdbc.PgConnection@5731caaf
2024-12-21 13:15:14 INFO  - HikariPool-1 - Start completed.
2024-12-21 13:15:14 WARN  - HHH90000025: PostgreSQLDialect does not need to be specified explicitly using 'hibernate.dialect' (remove the property setting and it will be selected by default)
2024-12-21 13:15:15 INFO  - HHH000489: No JTA platform available (set 'hibernate.transaction.jta.platform' to enable JTA platform integration)
2024-12-21 13:15:16 INFO  - Initialized JPA EntityManagerFactory for persistence unit 'default'
2024-12-21 13:15:16 INFO  - Hibernate is in classpath; If applicable, HQL parser will be used.
2024-12-21 13:15:17 WARN  - Exception encountered during context initialization - cancelling refresh attempt: org.springframework.beans.factory.UnsatisfiedDependencyException: Error creating bean with name 'orderController' defined in file [C:\InteliJProjects\PodoCareWebsite\target\classes\com\podocare\PodoCareWebsite\controller\order\OrderController.class]: Unsatisfied dependency expressed through constructor parameter 0: Error creating bean with name 'orderService': Unsatisfied dependency expressed through field 'orderProductService': Error creating bean with name 'orderProductService': Unsatisfied dependency expressed through field 'saleProductService': Error creating bean with name 'saleProductService': Unsatisfied dependency expressed through field 'saleProductInstanceService': Error creating bean with name 'saleProductInstanceService': Unsatisfied dependency expressed through field 'saleProductService': Error creating bean with name 'saleProductService': Requested bean is currently in creation: Is there an unresolvable circular reference?
2024-12-21 13:15:17 INFO  - Closing JPA EntityManagerFactory for persistence unit 'default'
2024-12-21 13:15:17 INFO  - HikariPool-1 - Shutdown initiated...
2024-12-21 13:15:17 INFO  - HikariPool-1 - Shutdown completed.
2024-12-21 13:15:17 INFO  - Stopping service [Tomcat]
2024-12-21 13:15:17 INFO  - 

Error starting ApplicationContext. To display the condition evaluation report re-run your application with 'debug' enabled.
2024-12-21 13:15:17 ERROR - 

***************************
APPLICATION FAILED TO START
***************************

Description:

The dependencies of some of the beans in the application context form a cycle:

   orderController defined in file [C:\InteliJProjects\PodoCareWebsite\target\classes\com\podocare\PodoCareWebsite\controller\order\OrderController.class]
      ↓
   orderService (field private com.podocare.PodoCareWebsite.service.order.OrderProductService com.podocare.PodoCareWebsite.service.order.OrderService.orderProductService)
      ↓
   orderProductService (field private com.podocare.PodoCareWebsite.service.product_category.SaleProductService com.podocare.PodoCareWebsite.service.order.OrderProductService.saleProductService)
┌─────┐
|  saleProductService (field private com.podocare.PodoCareWebsite.service.product_category.product_instances.SaleProductInstanceService com.podocare.PodoCareWebsite.service.product_category.SaleProductService.saleProductInstanceService)
↑     ↓
|  saleProductInstanceService (field private com.podocare.PodoCareWebsite.service.product_category.SaleProductService com.podocare.PodoCareWebsite.service.product_category.product_instances.SaleProductInstanceService.saleProductService)
└─────┘


Action:

Relying upon circular references is discouraged and they are prohibited by default. Update your application to remove the dependency cycle between beans. As a last resort, it may be possible to break the cycle automatically by setting spring.main.allow-circular-references to true.

2024-12-21 13:40:46 INFO  - Starting PodoCareWebsiteApplication using Java 21.0.2 with PID 5916 (C:\InteliJProjects\PodoCareWebsite\target\classes started by Wojtek in C:\InteliJProjects\PodoCareWebsite)
2024-12-21 13:40:46 INFO  - No active profile set, falling back to 1 default profile: "default"
2024-12-21 13:40:46 INFO  - Bootstrapping Spring Data JPA repositories in DEFAULT mode.
2024-12-21 13:40:46 INFO  - Finished Spring Data repository scanning in 89 ms. Found 11 JPA repository interfaces.
2024-12-21 13:40:47 INFO  - Tomcat initialized with port 8080 (http)
2024-12-21 13:40:47 INFO  - Initializing ProtocolHandler ["http-nio-8080"]
2024-12-21 13:40:47 INFO  - Starting service [Tomcat]
2024-12-21 13:40:47 INFO  - Starting Servlet engine: [Apache Tomcat/10.1.30]
2024-12-21 13:40:47 INFO  - Initializing Spring embedded WebApplicationContext
2024-12-21 13:40:47 INFO  - Root WebApplicationContext: initialization completed in 1161 ms
2024-12-21 13:40:47 INFO  - HHH000204: Processing PersistenceUnitInfo [name: default]
2024-12-21 13:40:47 INFO  - HHH000412: Hibernate ORM core version 6.5.3.Final
2024-12-21 13:40:47 INFO  - HHH000026: Second-level cache disabled
2024-12-21 13:40:47 INFO  - No LoadTimeWeaver setup: ignoring JPA class transformer
2024-12-21 13:40:47 INFO  - HikariPool-1 - Starting...
2024-12-21 13:40:48 INFO  - HikariPool-1 - Added connection org.postgresql.jdbc.PgConnection@33ebe4f0
2024-12-21 13:40:48 INFO  - HikariPool-1 - Start completed.
2024-12-21 13:40:48 WARN  - HHH90000025: PostgreSQLDialect does not need to be specified explicitly using 'hibernate.dialect' (remove the property setting and it will be selected by default)
2024-12-21 13:40:48 INFO  - HHH000489: No JTA platform available (set 'hibernate.transaction.jta.platform' to enable JTA platform integration)
2024-12-21 13:40:49 INFO  - Initialized JPA EntityManagerFactory for persistence unit 'default'
2024-12-21 13:40:49 INFO  - Hibernate is in classpath; If applicable, HQL parser will be used.
2024-12-21 13:40:50 WARN  - Exception encountered during context initialization - cancelling refresh attempt: org.springframework.beans.factory.UnsatisfiedDependencyException: Error creating bean with name 'orderController' defined in file [C:\InteliJProjects\PodoCareWebsite\target\classes\com\podocare\PodoCareWebsite\controller\order\OrderController.class]: Unsatisfied dependency expressed through constructor parameter 0: Error creating bean with name 'orderService': Unsatisfied dependency expressed through field 'toolProductService': Error creating bean with name 'toolProductService': Unsatisfied dependency expressed through field 'toolProductInstanceService': Error creating bean with name 'toolProductInstanceService': Unsatisfied dependency expressed through field 'toolProductService': Error creating bean with name 'toolProductService': Requested bean is currently in creation: Is there an unresolvable circular reference?
2024-12-21 13:40:50 INFO  - Closing JPA EntityManagerFactory for persistence unit 'default'
2024-12-21 13:40:50 INFO  - HikariPool-1 - Shutdown initiated...
2024-12-21 13:40:50 INFO  - HikariPool-1 - Shutdown completed.
2024-12-21 13:40:50 INFO  - Stopping service [Tomcat]
2024-12-21 13:40:50 INFO  - 

Error starting ApplicationContext. To display the condition evaluation report re-run your application with 'debug' enabled.
2024-12-21 13:40:50 ERROR - 

***************************
APPLICATION FAILED TO START
***************************

Description:

The dependencies of some of the beans in the application context form a cycle:

   orderController defined in file [C:\InteliJProjects\PodoCareWebsite\target\classes\com\podocare\PodoCareWebsite\controller\order\OrderController.class]
      ↓
   orderService (field private com.podocare.PodoCareWebsite.service.product_category.ToolProductService com.podocare.PodoCareWebsite.service.order.OrderService.toolProductService)
┌─────┐
|  toolProductService (field private com.podocare.PodoCareWebsite.service.product_category.product_instances.ToolProductInstanceService com.podocare.PodoCareWebsite.service.product_category.ToolProductService.toolProductInstanceService)
↑     ↓
|  toolProductInstanceService (field private com.podocare.PodoCareWebsite.service.product_category.ToolProductService com.podocare.PodoCareWebsite.service.product_category.product_instances.ToolProductInstanceService.toolProductService)
└─────┘


Action:

Relying upon circular references is discouraged and they are prohibited by default. Update your application to remove the dependency cycle between beans. As a last resort, it may be possible to break the cycle automatically by setting spring.main.allow-circular-references to true.

2024-12-21 13:41:24 INFO  - Starting PodoCareWebsiteApplication using Java 21.0.2 with PID 14404 (C:\InteliJProjects\PodoCareWebsite\target\classes started by Wojtek in C:\InteliJProjects\PodoCareWebsite)
2024-12-21 13:41:24 INFO  - No active profile set, falling back to 1 default profile: "default"
2024-12-21 13:41:25 INFO  - Bootstrapping Spring Data JPA repositories in DEFAULT mode.
2024-12-21 13:41:25 INFO  - Finished Spring Data repository scanning in 83 ms. Found 11 JPA repository interfaces.
2024-12-21 13:41:26 INFO  - Tomcat initialized with port 8080 (http)
2024-12-21 13:41:26 INFO  - Initializing ProtocolHandler ["http-nio-8080"]
2024-12-21 13:41:26 INFO  - Starting service [Tomcat]
2024-12-21 13:41:26 INFO  - Starting Servlet engine: [Apache Tomcat/10.1.30]
2024-12-21 13:41:26 INFO  - Initializing Spring embedded WebApplicationContext
2024-12-21 13:41:26 INFO  - Root WebApplicationContext: initialization completed in 1138 ms
2024-12-21 13:41:26 INFO  - HHH000204: Processing PersistenceUnitInfo [name: default]
2024-12-21 13:41:26 INFO  - HHH000412: Hibernate ORM core version 6.5.3.Final
2024-12-21 13:41:26 INFO  - HHH000026: Second-level cache disabled
2024-12-21 13:41:26 INFO  - No LoadTimeWeaver setup: ignoring JPA class transformer
2024-12-21 13:41:26 INFO  - HikariPool-1 - Starting...
2024-12-21 13:41:26 INFO  - HikariPool-1 - Added connection org.postgresql.jdbc.PgConnection@266da047
2024-12-21 13:41:26 INFO  - HikariPool-1 - Start completed.
2024-12-21 13:41:26 WARN  - HHH90000025: PostgreSQLDialect does not need to be specified explicitly using 'hibernate.dialect' (remove the property setting and it will be selected by default)
2024-12-21 13:41:27 INFO  - HHH000489: No JTA platform available (set 'hibernate.transaction.jta.platform' to enable JTA platform integration)
2024-12-21 13:41:27 INFO  - Initialized JPA EntityManagerFactory for persistence unit 'default'
2024-12-21 13:41:28 INFO  - Hibernate is in classpath; If applicable, HQL parser will be used.
2024-12-21 13:41:29 WARN  - spring.jpa.open-in-view is enabled by default. Therefore, database queries may be performed during view rendering. Explicitly configure spring.jpa.open-in-view to disable this warning
2024-12-21 13:41:29 INFO  - Starting ProtocolHandler ["http-nio-8080"]
2024-12-21 13:41:29 INFO  - Tomcat started on port 8080 (http) with context path '/'
2024-12-21 13:41:29 INFO  - Started PodoCareWebsiteApplication in 4.684 seconds (process running for 5.201)
2024-12-21 13:41:49 INFO  - Closing JPA EntityManagerFactory for persistence unit 'default'
2024-12-21 13:41:49 INFO  - HikariPool-1 - Shutdown initiated...
2024-12-21 13:41:49 INFO  - HikariPool-1 - Shutdown completed.
2024-12-21 14:25:47 INFO  - Starting PodoCareWebsiteApplication using Java 21.0.2 with PID 20444 (C:\InteliJProjects\PodoCareWebsite\target\classes started by Wojtek in C:\InteliJProjects\PodoCareWebsite)
2024-12-21 14:25:47 INFO  - No active profile set, falling back to 1 default profile: "default"
2024-12-21 14:25:47 INFO  - Bootstrapping Spring Data JPA repositories in DEFAULT mode.
2024-12-21 14:25:47 INFO  - Finished Spring Data repository scanning in 83 ms. Found 11 JPA repository interfaces.
2024-12-21 14:25:48 INFO  - Tomcat initialized with port 8080 (http)
2024-12-21 14:25:48 INFO  - Initializing ProtocolHandler ["http-nio-8080"]
2024-12-21 14:25:48 INFO  - Starting service [Tomcat]
2024-12-21 14:25:48 INFO  - Starting Servlet engine: [Apache Tomcat/10.1.30]
2024-12-21 14:25:48 INFO  - Initializing Spring embedded WebApplicationContext
2024-12-21 14:25:48 INFO  - Root WebApplicationContext: initialization completed in 1147 ms
2024-12-21 14:25:48 INFO  - HHH000204: Processing PersistenceUnitInfo [name: default]
2024-12-21 14:25:48 INFO  - HHH000412: Hibernate ORM core version 6.5.3.Final
2024-12-21 14:25:48 INFO  - HHH000026: Second-level cache disabled
2024-12-21 14:25:48 INFO  - No LoadTimeWeaver setup: ignoring JPA class transformer
2024-12-21 14:25:48 INFO  - HikariPool-1 - Starting...
2024-12-21 14:25:49 INFO  - HikariPool-1 - Added connection org.postgresql.jdbc.PgConnection@704d3b00
2024-12-21 14:25:49 INFO  - HikariPool-1 - Start completed.
2024-12-21 14:25:49 WARN  - HHH90000025: PostgreSQLDialect does not need to be specified explicitly using 'hibernate.dialect' (remove the property setting and it will be selected by default)
2024-12-21 14:25:50 INFO  - HHH000489: No JTA platform available (set 'hibernate.transaction.jta.platform' to enable JTA platform integration)
2024-12-21 14:25:50 INFO  - Initialized JPA EntityManagerFactory for persistence unit 'default'
2024-12-21 14:25:50 INFO  - Hibernate is in classpath; If applicable, HQL parser will be used.
2024-12-21 14:25:51 WARN  - spring.jpa.open-in-view is enabled by default. Therefore, database queries may be performed during view rendering. Explicitly configure spring.jpa.open-in-view to disable this warning
2024-12-21 14:25:51 INFO  - Starting ProtocolHandler ["http-nio-8080"]
2024-12-21 14:25:51 INFO  - Tomcat started on port 8080 (http) with context path '/'
2024-12-21 14:25:51 INFO  - Started PodoCareWebsiteApplication in 4.599 seconds (process running for 5.098)
2024-12-21 14:25:55 INFO  - Initializing Spring DispatcherServlet 'dispatcherServlet'
2024-12-21 14:25:55 INFO  - Initializing Servlet 'dispatcherServlet'
2024-12-21 14:25:55 INFO  - Completed initialization in 1 ms
2024-12-21 17:53:28 INFO  - Closing JPA EntityManagerFactory for persistence unit 'default'
2024-12-21 17:53:28 INFO  - HikariPool-1 - Shutdown initiated...
2024-12-21 17:53:28 INFO  - HikariPool-1 - Shutdown completed.
2024-12-21 17:53:32 INFO  - Starting PodoCareWebsiteApplication using Java 21.0.2 with PID 20288 (C:\InteliJProjects\PodoCareWebsite\target\classes started by Wojtek in C:\InteliJProjects\PodoCareWebsite)
2024-12-21 17:53:32 INFO  - No active profile set, falling back to 1 default profile: "default"
2024-12-21 17:53:33 INFO  - Bootstrapping Spring Data JPA repositories in DEFAULT mode.
2024-12-21 17:53:33 INFO  - Finished Spring Data repository scanning in 91 ms. Found 11 JPA repository interfaces.
2024-12-21 17:53:33 INFO  - Tomcat initialized with port 8080 (http)
2024-12-21 17:53:33 INFO  - Initializing ProtocolHandler ["http-nio-8080"]
2024-12-21 17:53:33 INFO  - Starting service [Tomcat]
2024-12-21 17:53:33 INFO  - Starting Servlet engine: [Apache Tomcat/10.1.30]
2024-12-21 17:53:33 INFO  - Initializing Spring embedded WebApplicationContext
2024-12-21 17:53:33 INFO  - Root WebApplicationContext: initialization completed in 1146 ms
2024-12-21 17:53:34 INFO  - HHH000204: Processing PersistenceUnitInfo [name: default]
2024-12-21 17:53:34 INFO  - HHH000412: Hibernate ORM core version 6.5.3.Final
2024-12-21 17:53:34 INFO  - HHH000026: Second-level cache disabled
2024-12-21 17:53:34 INFO  - No LoadTimeWeaver setup: ignoring JPA class transformer
2024-12-21 17:53:34 INFO  - HikariPool-1 - Starting...
2024-12-21 17:53:34 INFO  - HikariPool-1 - Added connection org.postgresql.jdbc.PgConnection@5c8ab9de
2024-12-21 17:53:34 INFO  - HikariPool-1 - Start completed.
2024-12-21 17:53:34 WARN  - HHH90000025: PostgreSQLDialect does not need to be specified explicitly using 'hibernate.dialect' (remove the property setting and it will be selected by default)
2024-12-21 17:53:35 INFO  - HHH000489: No JTA platform available (set 'hibernate.transaction.jta.platform' to enable JTA platform integration)
2024-12-21 17:53:35 INFO  - Initialized JPA EntityManagerFactory for persistence unit 'default'
2024-12-21 17:53:35 INFO  - Hibernate is in classpath; If applicable, HQL parser will be used.
2024-12-21 17:53:36 WARN  - spring.jpa.open-in-view is enabled by default. Therefore, database queries may be performed during view rendering. Explicitly configure spring.jpa.open-in-view to disable this warning
2024-12-21 17:53:37 INFO  - Starting ProtocolHandler ["http-nio-8080"]
2024-12-21 17:53:37 INFO  - Tomcat started on port 8080 (http) with context path '/'
2024-12-21 17:53:37 INFO  - Started PodoCareWebsiteApplication in 4.704 seconds (process running for 5.215)
2024-12-21 17:53:43 INFO  - Initializing Spring DispatcherServlet 'dispatcherServlet'
2024-12-21 17:53:43 INFO  - Initializing Servlet 'dispatcherServlet'
2024-12-21 17:53:43 INFO  - Completed initialization in 1 ms
2024-12-21 19:07:14 INFO  - Closing JPA EntityManagerFactory for persistence unit 'default'
2024-12-21 19:07:14 INFO  - HikariPool-1 - Shutdown initiated...
2024-12-21 19:07:14 INFO  - HikariPool-1 - Shutdown completed.
2024-12-21 19:07:17 INFO  - Starting PodoCareWebsiteApplication using Java 21.0.2 with PID 9344 (C:\InteliJProjects\PodoCareWebsite\target\classes started by Wojtek in C:\InteliJProjects\PodoCareWebsite)
2024-12-21 19:07:17 INFO  - No active profile set, falling back to 1 default profile: "default"
2024-12-21 19:07:18 INFO  - Bootstrapping Spring Data JPA repositories in DEFAULT mode.
2024-12-21 19:07:18 INFO  - Finished Spring Data repository scanning in 81 ms. Found 11 JPA repository interfaces.
2024-12-21 19:07:19 INFO  - Tomcat initialized with port 8080 (http)
2024-12-21 19:07:19 INFO  - Initializing ProtocolHandler ["http-nio-8080"]
2024-12-21 19:07:19 INFO  - Starting service [Tomcat]
2024-12-21 19:07:19 INFO  - Starting Servlet engine: [Apache Tomcat/10.1.30]
2024-12-21 19:07:19 INFO  - Initializing Spring embedded WebApplicationContext
2024-12-21 19:07:19 INFO  - Root WebApplicationContext: initialization completed in 1218 ms
2024-12-21 19:07:19 INFO  - HHH000204: Processing PersistenceUnitInfo [name: default]
2024-12-21 19:07:19 INFO  - HHH000412: Hibernate ORM core version 6.5.3.Final
2024-12-21 19:07:19 INFO  - HHH000026: Second-level cache disabled
2024-12-21 19:07:19 INFO  - No LoadTimeWeaver setup: ignoring JPA class transformer
2024-12-21 19:07:19 INFO  - HikariPool-1 - Starting...
2024-12-21 19:07:19 INFO  - HikariPool-1 - Added connection org.postgresql.jdbc.PgConnection@37cfda1c
2024-12-21 19:07:19 INFO  - HikariPool-1 - Start completed.
2024-12-21 19:07:20 WARN  - HHH90000025: PostgreSQLDialect does not need to be specified explicitly using 'hibernate.dialect' (remove the property setting and it will be selected by default)
2024-12-21 19:07:20 INFO  - HHH000489: No JTA platform available (set 'hibernate.transaction.jta.platform' to enable JTA platform integration)
2024-12-21 19:07:21 INFO  - Initialized JPA EntityManagerFactory for persistence unit 'default'
2024-12-21 19:07:21 INFO  - Hibernate is in classpath; If applicable, HQL parser will be used.
2024-12-21 19:07:21 WARN  - Exception encountered during context initialization - cancelling refresh attempt: org.springframework.beans.factory.UnsatisfiedDependencyException: Error creating bean with name 'brandController': Unsatisfied dependency expressed through field 'brandService': Error creating bean with name 'brandService': Unsatisfied dependency expressed through field 'brandRepo': Error creating bean with name 'brandRepo' defined in com.podocare.PodoCareWebsite.repo.order.BrandRepo defined in @EnableJpaRepositories declared on JpaRepositoriesRegistrar.EnableJpaRepositoriesConfiguration: Could not create query for public abstract java.util.List com.podocare.PodoCareWebsite.repo.order.BrandRepo.findDistinctBrandsByProductTypes(java.util.List); Reason: Validation failed for query for method public abstract java.util.List com.podocare.PodoCareWebsite.repo.order.BrandRepo.findDistinctBrandsByProductTypes(java.util.List)
2024-12-21 19:07:21 INFO  - Closing JPA EntityManagerFactory for persistence unit 'default'
2024-12-21 19:07:21 INFO  - HikariPool-1 - Shutdown initiated...
2024-12-21 19:07:21 INFO  - HikariPool-1 - Shutdown completed.
2024-12-21 19:07:21 INFO  - Stopping service [Tomcat]
2024-12-21 19:07:21 INFO  - 

Error starting ApplicationContext. To display the condition evaluation report re-run your application with 'debug' enabled.
2024-12-21 19:07:21 ERROR - Application run failed
org.springframework.beans.factory.UnsatisfiedDependencyException: Error creating bean with name 'brandController': Unsatisfied dependency expressed through field 'brandService': Error creating bean with name 'brandService': Unsatisfied dependency expressed through field 'brandRepo': Error creating bean with name 'brandRepo' defined in com.podocare.PodoCareWebsite.repo.order.BrandRepo defined in @EnableJpaRepositories declared on JpaRepositoriesRegistrar.EnableJpaRepositoriesConfiguration: Could not create query for public abstract java.util.List com.podocare.PodoCareWebsite.repo.order.BrandRepo.findDistinctBrandsByProductTypes(java.util.List); Reason: Validation failed for query for method public abstract java.util.List com.podocare.PodoCareWebsite.repo.order.BrandRepo.findDistinctBrandsByProductTypes(java.util.List)
	at org.springframework.beans.factory.annotation.AutowiredAnnotationBeanPostProcessor$AutowiredFieldElement.resolveFieldValue(AutowiredAnnotationBeanPostProcessor.java:788)
	at org.springframework.beans.factory.annotation.AutowiredAnnotationBeanPostProcessor$AutowiredFieldElement.inject(AutowiredAnnotationBeanPostProcessor.java:768)
	at org.springframework.beans.factory.annotation.InjectionMetadata.inject(InjectionMetadata.java:145)
	at org.springframework.beans.factory.annotation.AutowiredAnnotationBeanPostProcessor.postProcessProperties(AutowiredAnnotationBeanPostProcessor.java:509)
	at org.springframework.beans.factory.support.AbstractAutowireCapableBeanFactory.populateBean(AbstractAutowireCapableBeanFactory.java:1439)
	at org.springframework.beans.factory.support.AbstractAutowireCapableBeanFactory.doCreateBean(AbstractAutowireCapableBeanFactory.java:599)
	at org.springframework.beans.factory.support.AbstractAutowireCapableBeanFactory.createBean(AbstractAutowireCapableBeanFactory.java:522)
	at org.springframework.beans.factory.support.AbstractBeanFactory.lambda$doGetBean$0(AbstractBeanFactory.java:337)
	at org.springframework.beans.factory.support.DefaultSingletonBeanRegistry.getSingleton(DefaultSingletonBeanRegistry.java:234)
	at org.springframework.beans.factory.support.AbstractBeanFactory.doGetBean(AbstractBeanFactory.java:335)
	at org.springframework.beans.factory.support.AbstractBeanFactory.getBean(AbstractBeanFactory.java:200)
	at org.springframework.beans.factory.support.DefaultListableBeanFactory.preInstantiateSingletons(DefaultListableBeanFactory.java:975)
	at org.springframework.context.support.AbstractApplicationContext.finishBeanFactoryInitialization(AbstractApplicationContext.java:971)
	at org.springframework.context.support.AbstractApplicationContext.refresh(AbstractApplicationContext.java:625)
	at org.springframework.boot.web.servlet.context.ServletWebServerApplicationContext.refresh(ServletWebServerApplicationContext.java:146)
	at org.springframework.boot.SpringApplication.refresh(SpringApplication.java:754)
	at org.springframework.boot.SpringApplication.refreshContext(SpringApplication.java:456)
	at org.springframework.boot.SpringApplication.run(SpringApplication.java:335)
	at org.springframework.boot.SpringApplication.run(SpringApplication.java:1363)
	at org.springframework.boot.SpringApplication.run(SpringApplication.java:1352)
	at com.podocare.PodoCareWebsite.PodoCareWebsiteApplication.main(PodoCareWebsiteApplication.java:10)
Caused by: org.springframework.beans.factory.UnsatisfiedDependencyException: Error creating bean with name 'brandService': Unsatisfied dependency expressed through field 'brandRepo': Error creating bean with name 'brandRepo' defined in com.podocare.PodoCareWebsite.repo.order.BrandRepo defined in @EnableJpaRepositories declared on JpaRepositoriesRegistrar.EnableJpaRepositoriesConfiguration: Could not create query for public abstract java.util.List com.podocare.PodoCareWebsite.repo.order.BrandRepo.findDistinctBrandsByProductTypes(java.util.List); Reason: Validation failed for query for method public abstract java.util.List com.podocare.PodoCareWebsite.repo.order.BrandRepo.findDistinctBrandsByProductTypes(java.util.List)
	at org.springframework.beans.factory.annotation.AutowiredAnnotationBeanPostProcessor$AutowiredFieldElement.resolveFieldValue(AutowiredAnnotationBeanPostProcessor.java:788)
	at org.springframework.beans.factory.annotation.AutowiredAnnotationBeanPostProcessor$AutowiredFieldElement.inject(AutowiredAnnotationBeanPostProcessor.java:768)
	at org.springframework.beans.factory.annotation.InjectionMetadata.inject(InjectionMetadata.java:145)
	at org.springframework.beans.factory.annotation.AutowiredAnnotationBeanPostProcessor.postProcessProperties(AutowiredAnnotationBeanPostProcessor.java:509)
	at org.springframework.beans.factory.support.AbstractAutowireCapableBeanFactory.populateBean(AbstractAutowireCapableBeanFactory.java:1439)
	at org.springframework.beans.factory.support.AbstractAutowireCapableBeanFactory.doCreateBean(AbstractAutowireCapableBeanFactory.java:599)
	at org.springframework.beans.factory.support.AbstractAutowireCapableBeanFactory.createBean(AbstractAutowireCapableBeanFactory.java:522)
	at org.springframework.beans.factory.support.AbstractBeanFactory.lambda$doGetBean$0(AbstractBeanFactory.java:337)
	at org.springframework.beans.factory.support.DefaultSingletonBeanRegistry.getSingleton(DefaultSingletonBeanRegistry.java:234)
	at org.springframework.beans.factory.support.AbstractBeanFactory.doGetBean(AbstractBeanFactory.java:335)
	at org.springframework.beans.factory.support.AbstractBeanFactory.getBean(AbstractBeanFactory.java:200)
	at org.springframework.beans.factory.config.DependencyDescriptor.resolveCandidate(DependencyDescriptor.java:254)
	at org.springframework.beans.factory.support.DefaultListableBeanFactory.doResolveDependency(DefaultListableBeanFactory.java:1443)
	at org.springframework.beans.factory.support.DefaultListableBeanFactory.resolveDependency(DefaultListableBeanFactory.java:1353)
	at org.springframework.beans.factory.annotation.AutowiredAnnotationBeanPostProcessor$AutowiredFieldElement.resolveFieldValue(AutowiredAnnotationBeanPostProcessor.java:785)
	... 20 common frames omitted
Caused by: org.springframework.beans.factory.BeanCreationException: Error creating bean with name 'brandRepo' defined in com.podocare.PodoCareWebsite.repo.order.BrandRepo defined in @EnableJpaRepositories declared on JpaRepositoriesRegistrar.EnableJpaRepositoriesConfiguration: Could not create query for public abstract java.util.List com.podocare.PodoCareWebsite.repo.order.BrandRepo.findDistinctBrandsByProductTypes(java.util.List); Reason: Validation failed for query for method public abstract java.util.List com.podocare.PodoCareWebsite.repo.order.BrandRepo.findDistinctBrandsByProductTypes(java.util.List)
	at org.springframework.beans.factory.support.AbstractAutowireCapableBeanFactory.initializeBean(AbstractAutowireCapableBeanFactory.java:1806)
	at org.springframework.beans.factory.support.AbstractAutowireCapableBeanFactory.doCreateBean(AbstractAutowireCapableBeanFactory.java:600)
	at org.springframework.beans.factory.support.AbstractAutowireCapableBeanFactory.createBean(AbstractAutowireCapableBeanFactory.java:522)
	at org.springframework.beans.factory.support.AbstractBeanFactory.lambda$doGetBean$0(AbstractBeanFactory.java:337)
	at org.springframework.beans.factory.support.DefaultSingletonBeanRegistry.getSingleton(DefaultSingletonBeanRegistry.java:234)
	at org.springframework.beans.factory.support.AbstractBeanFactory.doGetBean(AbstractBeanFactory.java:335)
	at org.springframework.beans.factory.support.AbstractBeanFactory.getBean(AbstractBeanFactory.java:200)
	at org.springframework.beans.factory.config.DependencyDescriptor.resolveCandidate(DependencyDescriptor.java:254)
	at org.springframework.beans.factory.support.DefaultListableBeanFactory.doResolveDependency(DefaultListableBeanFactory.java:1443)
	at org.springframework.beans.factory.support.DefaultListableBeanFactory.resolveDependency(DefaultListableBeanFactory.java:1353)
	at org.springframework.beans.factory.annotation.AutowiredAnnotationBeanPostProcessor$AutowiredFieldElement.resolveFieldValue(AutowiredAnnotationBeanPostProcessor.java:785)
	... 34 common frames omitted
Caused by: org.springframework.data.repository.query.QueryCreationException: Could not create query for public abstract java.util.List com.podocare.PodoCareWebsite.repo.order.BrandRepo.findDistinctBrandsByProductTypes(java.util.List); Reason: Validation failed for query for method public abstract java.util.List com.podocare.PodoCareWebsite.repo.order.BrandRepo.findDistinctBrandsByProductTypes(java.util.List)
	at org.springframework.data.repository.query.QueryCreationException.create(QueryCreationException.java:101)
	at org.springframework.data.repository.core.support.QueryExecutorMethodInterceptor.lookupQuery(QueryExecutorMethodInterceptor.java:119)
	at org.springframework.data.repository.core.support.QueryExecutorMethodInterceptor.mapMethodsToQuery(QueryExecutorMethodInterceptor.java:103)
	at org.springframework.data.repository.core.support.QueryExecutorMethodInterceptor.lambda$new$0(QueryExecutorMethodInterceptor.java:92)
	at java.base/java.util.Optional.map(Optional.java:260)
	at org.springframework.data.repository.core.support.QueryExecutorMethodInterceptor.<init>(QueryExecutorMethodInterceptor.java:92)
	at org.springframework.data.repository.core.support.RepositoryFactorySupport.getRepository(RepositoryFactorySupport.java:357)
	at org.springframework.data.repository.core.support.RepositoryFactoryBeanSupport.lambda$afterPropertiesSet$5(RepositoryFactoryBeanSupport.java:286)
	at org.springframework.data.util.Lazy.getNullable(Lazy.java:135)
	at org.springframework.data.util.Lazy.get(Lazy.java:113)
	at org.springframework.data.repository.core.support.RepositoryFactoryBeanSupport.afterPropertiesSet(RepositoryFactoryBeanSupport.java:292)
	at org.springframework.data.jpa.repository.support.JpaRepositoryFactoryBean.afterPropertiesSet(JpaRepositoryFactoryBean.java:132)
	at org.springframework.beans.factory.support.AbstractAutowireCapableBeanFactory.invokeInitMethods(AbstractAutowireCapableBeanFactory.java:1853)
	at org.springframework.beans.factory.support.AbstractAutowireCapableBeanFactory.initializeBean(AbstractAutowireCapableBeanFactory.java:1802)
	... 44 common frames omitted
Caused by: java.lang.IllegalArgumentException: Validation failed for query for method public abstract java.util.List com.podocare.PodoCareWebsite.repo.order.BrandRepo.findDistinctBrandsByProductTypes(java.util.List)
	at org.springframework.data.jpa.repository.query.SimpleJpaQuery.validateQuery(SimpleJpaQuery.java:100)
	at org.springframework.data.jpa.repository.query.SimpleJpaQuery.<init>(SimpleJpaQuery.java:70)
	at org.springframework.data.jpa.repository.query.JpaQueryFactory.fromMethodWithQueryString(JpaQueryFactory.java:60)
	at org.springframework.data.jpa.repository.query.JpaQueryLookupStrategy$DeclaredQueryLookupStrategy.resolveQuery(JpaQueryLookupStrategy.java:170)
	at org.springframework.data.jpa.repository.query.JpaQueryLookupStrategy$CreateIfNotFoundQueryLookupStrategy.resolveQuery(JpaQueryLookupStrategy.java:252)
	at org.springframework.data.jpa.repository.query.JpaQueryLookupStrategy$AbstractQueryLookupStrategy.resolveQuery(JpaQueryLookupStrategy.java:95)
	at org.springframework.data.repository.core.support.QueryExecutorMethodInterceptor.lookupQuery(QueryExecutorMethodInterceptor.java:115)
	... 56 common frames omitted
Caused by: java.lang.IllegalArgumentException: org.hibernate.query.sqm.UnknownPathException: Could not resolve attribute 'products' of 'com.podocare.PodoCareWebsite.model.Brand_Supplier.Brand' [SELECT DISTINCT b FROM Brand b JOIN b.products p WHERE p.type IN :productTypes]
	at org.hibernate.internal.ExceptionConverterImpl.convert(ExceptionConverterImpl.java:143)
	at org.hibernate.internal.ExceptionConverterImpl.convert(ExceptionConverterImpl.java:167)
	at org.hibernate.internal.ExceptionConverterImpl.convert(ExceptionConverterImpl.java:173)
	at org.hibernate.internal.AbstractSharedSessionContract.createQuery(AbstractSharedSessionContract.java:860)
	at org.hibernate.internal.AbstractSharedSessionContract.createQuery(AbstractSharedSessionContract.java:765)
	at org.hibernate.internal.AbstractSharedSessionContract.createQuery(AbstractSharedSessionContract.java:140)
	at java.base/jdk.internal.reflect.DirectMethodHandleAccessor.invoke(DirectMethodHandleAccessor.java:103)
	at java.base/java.lang.reflect.Method.invoke(Method.java:580)
	at org.springframework.orm.jpa.ExtendedEntityManagerCreator$ExtendedEntityManagerInvocationHandler.invoke(ExtendedEntityManagerCreator.java:364)
	at jdk.proxy2/jdk.proxy2.$Proxy127.createQuery(Unknown Source)
	at org.springframework.data.jpa.repository.query.SimpleJpaQuery.validateQuery(SimpleJpaQuery.java:94)
	... 62 common frames omitted
Caused by: org.hibernate.query.sqm.UnknownPathException: Could not resolve attribute 'products' of 'com.podocare.PodoCareWebsite.model.Brand_Supplier.Brand' [SELECT DISTINCT b FROM Brand b JOIN b.products p WHERE p.type IN :productTypes]
	at org.hibernate.query.hql.internal.StandardHqlTranslator.translate(StandardHqlTranslator.java:88)
	at org.hibernate.query.internal.QueryInterpretationCacheStandardImpl.createHqlInterpretation(QueryInterpretationCacheStandardImpl.java:145)
	at org.hibernate.query.internal.QueryInterpretationCacheStandardImpl.resolveHqlInterpretation(QueryInterpretationCacheStandardImpl.java:132)
	at org.hibernate.internal.AbstractSharedSessionContract.interpretHql(AbstractSharedSessionContract.java:802)
	at org.hibernate.internal.AbstractSharedSessionContract.createQuery(AbstractSharedSessionContract.java:852)
	... 69 common frames omitted
Caused by: org.hibernate.query.sqm.PathElementException: Could not resolve attribute 'products' of 'com.podocare.PodoCareWebsite.model.Brand_Supplier.Brand'
	at org.hibernate.query.sqm.SqmPathSource.getSubPathSource(SqmPathSource.java:95)
	at org.hibernate.query.hql.internal.QualifiedJoinPathConsumer.createJoin(QualifiedJoinPathConsumer.java:192)
	at org.hibernate.query.hql.internal.QualifiedJoinPathConsumer$AttributeJoinDelegate.consumeIdentifier(QualifiedJoinPathConsumer.java:270)
	at org.hibernate.query.hql.internal.QualifiedJoinPathConsumer.consumeIdentifier(QualifiedJoinPathConsumer.java:106)
	at org.hibernate.query.hql.internal.SemanticQueryBuilder.visitSimplePath(SemanticQueryBuilder.java:5269)
	at org.hibernate.query.hql.internal.SemanticQueryBuilder.visitIndexedPathAccessFragment(SemanticQueryBuilder.java:5218)
	at org.hibernate.query.hql.internal.SemanticQueryBuilder.visitGeneralPathFragment(SemanticQueryBuilder.java:5193)
	at org.hibernate.query.hql.internal.SemanticQueryBuilder.visitGeneralPathFragment(SemanticQueryBuilder.java:275)
	at org.hibernate.grammars.hql.HqlParser$GeneralPathFragmentContext.accept(HqlParser.java:4719)
	at org.hibernate.query.hql.internal.SemanticQueryBuilder.visitPath(SemanticQueryBuilder.java:5184)
	at org.hibernate.query.hql.internal.SemanticQueryBuilder.visitPath(SemanticQueryBuilder.java:275)
	at org.hibernate.grammars.hql.HqlParser$PathContext.accept(HqlParser.java:4514)
	at org.hibernate.query.hql.internal.SemanticQueryBuilder.getJoin(SemanticQueryBuilder.java:2275)
	at org.hibernate.query.hql.internal.SemanticQueryBuilder.consumeJoin(SemanticQueryBuilder.java:2219)
	at org.hibernate.query.hql.internal.SemanticQueryBuilder.visitEntityWithJoins(SemanticQueryBuilder.java:2032)
	at org.hibernate.query.hql.internal.SemanticQueryBuilder.visitFromClause(SemanticQueryBuilder.java:2011)
	at org.hibernate.query.hql.internal.SemanticQueryBuilder.visitQuery(SemanticQueryBuilder.java:1243)
	at org.hibernate.query.hql.internal.SemanticQueryBuilder.visitQuerySpecExpression(SemanticQueryBuilder.java:1035)
	at org.hibernate.query.hql.internal.SemanticQueryBuilder.visitQuerySpecExpression(SemanticQueryBuilder.java:275)
	at org.hibernate.grammars.hql.HqlParser$QuerySpecExpressionContext.accept(HqlParser.java:2132)
	at org.hibernate.query.hql.internal.SemanticQueryBuilder.visitSimpleQueryGroup(SemanticQueryBuilder.java:1020)
	at org.hibernate.query.hql.internal.SemanticQueryBuilder.visitSimpleQueryGroup(SemanticQueryBuilder.java:275)
	at org.hibernate.grammars.hql.HqlParser$SimpleQueryGroupContext.accept(HqlParser.java:2003)
	at org.hibernate.query.hql.internal.SemanticQueryBuilder.visitSelectStatement(SemanticQueryBuilder.java:490)
	at org.hibernate.query.hql.internal.SemanticQueryBuilder.visitStatement(SemanticQueryBuilder.java:449)
	at org.hibernate.query.hql.internal.SemanticQueryBuilder.buildSemanticModel(SemanticQueryBuilder.java:322)
	at org.hibernate.query.hql.internal.StandardHqlTranslator.translate(StandardHqlTranslator.java:71)
	... 73 common frames omitted
2024-12-21 19:42:16 INFO  - Starting PodoCareWebsiteApplication using Java 21.0.2 with PID 22308 (C:\InteliJProjects\PodoCareWebsite\target\classes started by Wojtek in C:\InteliJProjects\PodoCareWebsite)
2024-12-21 19:42:16 INFO  - No active profile set, falling back to 1 default profile: "default"
2024-12-21 19:42:17 INFO  - Bootstrapping Spring Data JPA repositories in DEFAULT mode.
2024-12-21 19:42:17 INFO  - Finished Spring Data repository scanning in 83 ms. Found 11 JPA repository interfaces.
2024-12-21 19:42:17 INFO  - Tomcat initialized with port 8080 (http)
2024-12-21 19:42:17 INFO  - Initializing ProtocolHandler ["http-nio-8080"]
2024-12-21 19:42:17 INFO  - Starting service [Tomcat]
2024-12-21 19:42:17 INFO  - Starting Servlet engine: [Apache Tomcat/10.1.30]
2024-12-21 19:42:18 INFO  - Initializing Spring embedded WebApplicationContext
2024-12-21 19:42:18 INFO  - Root WebApplicationContext: initialization completed in 1131 ms
2024-12-21 19:42:18 INFO  - HHH000204: Processing PersistenceUnitInfo [name: default]
2024-12-21 19:42:18 INFO  - HHH000412: Hibernate ORM core version 6.5.3.Final
2024-12-21 19:42:18 INFO  - HHH000026: Second-level cache disabled
2024-12-21 19:42:18 INFO  - No LoadTimeWeaver setup: ignoring JPA class transformer
2024-12-21 19:42:18 INFO  - HikariPool-1 - Starting...
2024-12-21 19:42:18 INFO  - HikariPool-1 - Added connection org.postgresql.jdbc.PgConnection@283d3628
2024-12-21 19:42:18 INFO  - HikariPool-1 - Start completed.
2024-12-21 19:42:18 WARN  - HHH90000025: PostgreSQLDialect does not need to be specified explicitly using 'hibernate.dialect' (remove the property setting and it will be selected by default)
2024-12-21 19:42:19 INFO  - HHH000489: No JTA platform available (set 'hibernate.transaction.jta.platform' to enable JTA platform integration)
2024-12-21 19:42:19 INFO  - Initialized JPA EntityManagerFactory for persistence unit 'default'
2024-12-21 19:42:19 INFO  - Hibernate is in classpath; If applicable, HQL parser will be used.
2024-12-21 19:42:20 WARN  - Exception encountered during context initialization - cancelling refresh attempt: org.springframework.beans.factory.UnsatisfiedDependencyException: Error creating bean with name 'brandController': Unsatisfied dependency expressed through field 'brandService': Error creating bean with name 'brandService': Unsatisfied dependency expressed through field 'brandRepo': Error creating bean with name 'brandRepo' defined in com.podocare.PodoCareWebsite.repo.order.BrandRepo defined in @EnableJpaRepositories declared on JpaRepositoriesRegistrar.EnableJpaRepositoriesConfiguration: Could not create query for public abstract java.util.List com.podocare.PodoCareWebsite.repo.order.BrandRepo.findDistinctBrandsByProductTypes(java.util.List); Reason: Validation failed for query for method public abstract java.util.List com.podocare.PodoCareWebsite.repo.order.BrandRepo.findDistinctBrandsByProductTypes(java.util.List)
2024-12-21 19:42:20 INFO  - Closing JPA EntityManagerFactory for persistence unit 'default'
2024-12-21 19:42:20 INFO  - HikariPool-1 - Shutdown initiated...
2024-12-21 19:42:20 INFO  - HikariPool-1 - Shutdown completed.
2024-12-21 19:42:20 INFO  - Stopping service [Tomcat]
2024-12-21 19:42:20 INFO  - 

Error starting ApplicationContext. To display the condition evaluation report re-run your application with 'debug' enabled.
2024-12-21 19:42:20 ERROR - Application run failed
org.springframework.beans.factory.UnsatisfiedDependencyException: Error creating bean with name 'brandController': Unsatisfied dependency expressed through field 'brandService': Error creating bean with name 'brandService': Unsatisfied dependency expressed through field 'brandRepo': Error creating bean with name 'brandRepo' defined in com.podocare.PodoCareWebsite.repo.order.BrandRepo defined in @EnableJpaRepositories declared on JpaRepositoriesRegistrar.EnableJpaRepositoriesConfiguration: Could not create query for public abstract java.util.List com.podocare.PodoCareWebsite.repo.order.BrandRepo.findDistinctBrandsByProductTypes(java.util.List); Reason: Validation failed for query for method public abstract java.util.List com.podocare.PodoCareWebsite.repo.order.BrandRepo.findDistinctBrandsByProductTypes(java.util.List)
	at org.springframework.beans.factory.annotation.AutowiredAnnotationBeanPostProcessor$AutowiredFieldElement.resolveFieldValue(AutowiredAnnotationBeanPostProcessor.java:788)
	at org.springframework.beans.factory.annotation.AutowiredAnnotationBeanPostProcessor$AutowiredFieldElement.inject(AutowiredAnnotationBeanPostProcessor.java:768)
	at org.springframework.beans.factory.annotation.InjectionMetadata.inject(InjectionMetadata.java:145)
	at org.springframework.beans.factory.annotation.AutowiredAnnotationBeanPostProcessor.postProcessProperties(AutowiredAnnotationBeanPostProcessor.java:509)
	at org.springframework.beans.factory.support.AbstractAutowireCapableBeanFactory.populateBean(AbstractAutowireCapableBeanFactory.java:1439)
	at org.springframework.beans.factory.support.AbstractAutowireCapableBeanFactory.doCreateBean(AbstractAutowireCapableBeanFactory.java:599)
	at org.springframework.beans.factory.support.AbstractAutowireCapableBeanFactory.createBean(AbstractAutowireCapableBeanFactory.java:522)
	at org.springframework.beans.factory.support.AbstractBeanFactory.lambda$doGetBean$0(AbstractBeanFactory.java:337)
	at org.springframework.beans.factory.support.DefaultSingletonBeanRegistry.getSingleton(DefaultSingletonBeanRegistry.java:234)
	at org.springframework.beans.factory.support.AbstractBeanFactory.doGetBean(AbstractBeanFactory.java:335)
	at org.springframework.beans.factory.support.AbstractBeanFactory.getBean(AbstractBeanFactory.java:200)
	at org.springframework.beans.factory.support.DefaultListableBeanFactory.preInstantiateSingletons(DefaultListableBeanFactory.java:975)
	at org.springframework.context.support.AbstractApplicationContext.finishBeanFactoryInitialization(AbstractApplicationContext.java:971)
	at org.springframework.context.support.AbstractApplicationContext.refresh(AbstractApplicationContext.java:625)
	at org.springframework.boot.web.servlet.context.ServletWebServerApplicationContext.refresh(ServletWebServerApplicationContext.java:146)
	at org.springframework.boot.SpringApplication.refresh(SpringApplication.java:754)
	at org.springframework.boot.SpringApplication.refreshContext(SpringApplication.java:456)
	at org.springframework.boot.SpringApplication.run(SpringApplication.java:335)
	at org.springframework.boot.SpringApplication.run(SpringApplication.java:1363)
	at org.springframework.boot.SpringApplication.run(SpringApplication.java:1352)
	at com.podocare.PodoCareWebsite.PodoCareWebsiteApplication.main(PodoCareWebsiteApplication.java:10)
Caused by: org.springframework.beans.factory.UnsatisfiedDependencyException: Error creating bean with name 'brandService': Unsatisfied dependency expressed through field 'brandRepo': Error creating bean with name 'brandRepo' defined in com.podocare.PodoCareWebsite.repo.order.BrandRepo defined in @EnableJpaRepositories declared on JpaRepositoriesRegistrar.EnableJpaRepositoriesConfiguration: Could not create query for public abstract java.util.List com.podocare.PodoCareWebsite.repo.order.BrandRepo.findDistinctBrandsByProductTypes(java.util.List); Reason: Validation failed for query for method public abstract java.util.List com.podocare.PodoCareWebsite.repo.order.BrandRepo.findDistinctBrandsByProductTypes(java.util.List)
	at org.springframework.beans.factory.annotation.AutowiredAnnotationBeanPostProcessor$AutowiredFieldElement.resolveFieldValue(AutowiredAnnotationBeanPostProcessor.java:788)
	at org.springframework.beans.factory.annotation.AutowiredAnnotationBeanPostProcessor$AutowiredFieldElement.inject(AutowiredAnnotationBeanPostProcessor.java:768)
	at org.springframework.beans.factory.annotation.InjectionMetadata.inject(InjectionMetadata.java:145)
	at org.springframework.beans.factory.annotation.AutowiredAnnotationBeanPostProcessor.postProcessProperties(AutowiredAnnotationBeanPostProcessor.java:509)
	at org.springframework.beans.factory.support.AbstractAutowireCapableBeanFactory.populateBean(AbstractAutowireCapableBeanFactory.java:1439)
	at org.springframework.beans.factory.support.AbstractAutowireCapableBeanFactory.doCreateBean(AbstractAutowireCapableBeanFactory.java:599)
	at org.springframework.beans.factory.support.AbstractAutowireCapableBeanFactory.createBean(AbstractAutowireCapableBeanFactory.java:522)
	at org.springframework.beans.factory.support.AbstractBeanFactory.lambda$doGetBean$0(AbstractBeanFactory.java:337)
	at org.springframework.beans.factory.support.DefaultSingletonBeanRegistry.getSingleton(DefaultSingletonBeanRegistry.java:234)
	at org.springframework.beans.factory.support.AbstractBeanFactory.doGetBean(AbstractBeanFactory.java:335)
	at org.springframework.beans.factory.support.AbstractBeanFactory.getBean(AbstractBeanFactory.java:200)
	at org.springframework.beans.factory.config.DependencyDescriptor.resolveCandidate(DependencyDescriptor.java:254)
	at org.springframework.beans.factory.support.DefaultListableBeanFactory.doResolveDependency(DefaultListableBeanFactory.java:1443)
	at org.springframework.beans.factory.support.DefaultListableBeanFactory.resolveDependency(DefaultListableBeanFactory.java:1353)
	at org.springframework.beans.factory.annotation.AutowiredAnnotationBeanPostProcessor$AutowiredFieldElement.resolveFieldValue(AutowiredAnnotationBeanPostProcessor.java:785)
	... 20 common frames omitted
Caused by: org.springframework.beans.factory.BeanCreationException: Error creating bean with name 'brandRepo' defined in com.podocare.PodoCareWebsite.repo.order.BrandRepo defined in @EnableJpaRepositories declared on JpaRepositoriesRegistrar.EnableJpaRepositoriesConfiguration: Could not create query for public abstract java.util.List com.podocare.PodoCareWebsite.repo.order.BrandRepo.findDistinctBrandsByProductTypes(java.util.List); Reason: Validation failed for query for method public abstract java.util.List com.podocare.PodoCareWebsite.repo.order.BrandRepo.findDistinctBrandsByProductTypes(java.util.List)
	at org.springframework.beans.factory.support.AbstractAutowireCapableBeanFactory.initializeBean(AbstractAutowireCapableBeanFactory.java:1806)
	at org.springframework.beans.factory.support.AbstractAutowireCapableBeanFactory.doCreateBean(AbstractAutowireCapableBeanFactory.java:600)
	at org.springframework.beans.factory.support.AbstractAutowireCapableBeanFactory.createBean(AbstractAutowireCapableBeanFactory.java:522)
	at org.springframework.beans.factory.support.AbstractBeanFactory.lambda$doGetBean$0(AbstractBeanFactory.java:337)
	at org.springframework.beans.factory.support.DefaultSingletonBeanRegistry.getSingleton(DefaultSingletonBeanRegistry.java:234)
	at org.springframework.beans.factory.support.AbstractBeanFactory.doGetBean(AbstractBeanFactory.java:335)
	at org.springframework.beans.factory.support.AbstractBeanFactory.getBean(AbstractBeanFactory.java:200)
	at org.springframework.beans.factory.config.DependencyDescriptor.resolveCandidate(DependencyDescriptor.java:254)
	at org.springframework.beans.factory.support.DefaultListableBeanFactory.doResolveDependency(DefaultListableBeanFactory.java:1443)
	at org.springframework.beans.factory.support.DefaultListableBeanFactory.resolveDependency(DefaultListableBeanFactory.java:1353)
	at org.springframework.beans.factory.annotation.AutowiredAnnotationBeanPostProcessor$AutowiredFieldElement.resolveFieldValue(AutowiredAnnotationBeanPostProcessor.java:785)
	... 34 common frames omitted
Caused by: org.springframework.data.repository.query.QueryCreationException: Could not create query for public abstract java.util.List com.podocare.PodoCareWebsite.repo.order.BrandRepo.findDistinctBrandsByProductTypes(java.util.List); Reason: Validation failed for query for method public abstract java.util.List com.podocare.PodoCareWebsite.repo.order.BrandRepo.findDistinctBrandsByProductTypes(java.util.List)
	at org.springframework.data.repository.query.QueryCreationException.create(QueryCreationException.java:101)
	at org.springframework.data.repository.core.support.QueryExecutorMethodInterceptor.lookupQuery(QueryExecutorMethodInterceptor.java:119)
	at org.springframework.data.repository.core.support.QueryExecutorMethodInterceptor.mapMethodsToQuery(QueryExecutorMethodInterceptor.java:103)
	at org.springframework.data.repository.core.support.QueryExecutorMethodInterceptor.lambda$new$0(QueryExecutorMethodInterceptor.java:92)
	at java.base/java.util.Optional.map(Optional.java:260)
	at org.springframework.data.repository.core.support.QueryExecutorMethodInterceptor.<init>(QueryExecutorMethodInterceptor.java:92)
	at org.springframework.data.repository.core.support.RepositoryFactorySupport.getRepository(RepositoryFactorySupport.java:357)
	at org.springframework.data.repository.core.support.RepositoryFactoryBeanSupport.lambda$afterPropertiesSet$5(RepositoryFactoryBeanSupport.java:286)
	at org.springframework.data.util.Lazy.getNullable(Lazy.java:135)
	at org.springframework.data.util.Lazy.get(Lazy.java:113)
	at org.springframework.data.repository.core.support.RepositoryFactoryBeanSupport.afterPropertiesSet(RepositoryFactoryBeanSupport.java:292)
	at org.springframework.data.jpa.repository.support.JpaRepositoryFactoryBean.afterPropertiesSet(JpaRepositoryFactoryBean.java:132)
	at org.springframework.beans.factory.support.AbstractAutowireCapableBeanFactory.invokeInitMethods(AbstractAutowireCapableBeanFactory.java:1853)
	at org.springframework.beans.factory.support.AbstractAutowireCapableBeanFactory.initializeBean(AbstractAutowireCapableBeanFactory.java:1802)
	... 44 common frames omitted
Caused by: java.lang.IllegalArgumentException: Validation failed for query for method public abstract java.util.List com.podocare.PodoCareWebsite.repo.order.BrandRepo.findDistinctBrandsByProductTypes(java.util.List)
	at org.springframework.data.jpa.repository.query.SimpleJpaQuery.validateQuery(SimpleJpaQuery.java:100)
	at org.springframework.data.jpa.repository.query.SimpleJpaQuery.<init>(SimpleJpaQuery.java:70)
	at org.springframework.data.jpa.repository.query.JpaQueryFactory.fromMethodWithQueryString(JpaQueryFactory.java:60)
	at org.springframework.data.jpa.repository.query.JpaQueryLookupStrategy$DeclaredQueryLookupStrategy.resolveQuery(JpaQueryLookupStrategy.java:170)
	at org.springframework.data.jpa.repository.query.JpaQueryLookupStrategy$CreateIfNotFoundQueryLookupStrategy.resolveQuery(JpaQueryLookupStrategy.java:252)
	at org.springframework.data.jpa.repository.query.JpaQueryLookupStrategy$AbstractQueryLookupStrategy.resolveQuery(JpaQueryLookupStrategy.java:95)
	at org.springframework.data.repository.core.support.QueryExecutorMethodInterceptor.lookupQuery(QueryExecutorMethodInterceptor.java:115)
	... 56 common frames omitted
Caused by: java.lang.IllegalArgumentException: org.hibernate.query.sqm.UnknownPathException: Could not resolve attribute 'products' of 'com.podocare.PodoCareWebsite.model.Brand_Supplier.Brand' [SELECT DISTINCT b FROM Brand b JOIN b.products p WHERE p.type IN :productTypes]
	at org.hibernate.internal.ExceptionConverterImpl.convert(ExceptionConverterImpl.java:143)
	at org.hibernate.internal.ExceptionConverterImpl.convert(ExceptionConverterImpl.java:167)
	at org.hibernate.internal.ExceptionConverterImpl.convert(ExceptionConverterImpl.java:173)
	at org.hibernate.internal.AbstractSharedSessionContract.createQuery(AbstractSharedSessionContract.java:860)
	at org.hibernate.internal.AbstractSharedSessionContract.createQuery(AbstractSharedSessionContract.java:765)
	at org.hibernate.internal.AbstractSharedSessionContract.createQuery(AbstractSharedSessionContract.java:140)
	at java.base/jdk.internal.reflect.DirectMethodHandleAccessor.invoke(DirectMethodHandleAccessor.java:103)
	at java.base/java.lang.reflect.Method.invoke(Method.java:580)
	at org.springframework.orm.jpa.ExtendedEntityManagerCreator$ExtendedEntityManagerInvocationHandler.invoke(ExtendedEntityManagerCreator.java:364)
	at jdk.proxy2/jdk.proxy2.$Proxy127.createQuery(Unknown Source)
	at org.springframework.data.jpa.repository.query.SimpleJpaQuery.validateQuery(SimpleJpaQuery.java:94)
	... 62 common frames omitted
Caused by: org.hibernate.query.sqm.UnknownPathException: Could not resolve attribute 'products' of 'com.podocare.PodoCareWebsite.model.Brand_Supplier.Brand' [SELECT DISTINCT b FROM Brand b JOIN b.products p WHERE p.type IN :productTypes]
	at org.hibernate.query.hql.internal.StandardHqlTranslator.translate(StandardHqlTranslator.java:88)
	at org.hibernate.query.internal.QueryInterpretationCacheStandardImpl.createHqlInterpretation(QueryInterpretationCacheStandardImpl.java:145)
	at org.hibernate.query.internal.QueryInterpretationCacheStandardImpl.resolveHqlInterpretation(QueryInterpretationCacheStandardImpl.java:132)
	at org.hibernate.internal.AbstractSharedSessionContract.interpretHql(AbstractSharedSessionContract.java:802)
	at org.hibernate.internal.AbstractSharedSessionContract.createQuery(AbstractSharedSessionContract.java:852)
	... 69 common frames omitted
Caused by: org.hibernate.query.sqm.PathElementException: Could not resolve attribute 'products' of 'com.podocare.PodoCareWebsite.model.Brand_Supplier.Brand'
	at org.hibernate.query.sqm.SqmPathSource.getSubPathSource(SqmPathSource.java:95)
	at org.hibernate.query.hql.internal.QualifiedJoinPathConsumer.createJoin(QualifiedJoinPathConsumer.java:192)
	at org.hibernate.query.hql.internal.QualifiedJoinPathConsumer$AttributeJoinDelegate.consumeIdentifier(QualifiedJoinPathConsumer.java:270)
	at org.hibernate.query.hql.internal.QualifiedJoinPathConsumer.consumeIdentifier(QualifiedJoinPathConsumer.java:106)
	at org.hibernate.query.hql.internal.SemanticQueryBuilder.visitSimplePath(SemanticQueryBuilder.java:5269)
	at org.hibernate.query.hql.internal.SemanticQueryBuilder.visitIndexedPathAccessFragment(SemanticQueryBuilder.java:5218)
	at org.hibernate.query.hql.internal.SemanticQueryBuilder.visitGeneralPathFragment(SemanticQueryBuilder.java:5193)
	at org.hibernate.query.hql.internal.SemanticQueryBuilder.visitGeneralPathFragment(SemanticQueryBuilder.java:275)
	at org.hibernate.grammars.hql.HqlParser$GeneralPathFragmentContext.accept(HqlParser.java:4719)
	at org.hibernate.query.hql.internal.SemanticQueryBuilder.visitPath(SemanticQueryBuilder.java:5184)
	at org.hibernate.query.hql.internal.SemanticQueryBuilder.visitPath(SemanticQueryBuilder.java:275)
	at org.hibernate.grammars.hql.HqlParser$PathContext.accept(HqlParser.java:4514)
	at org.hibernate.query.hql.internal.SemanticQueryBuilder.getJoin(SemanticQueryBuilder.java:2275)
	at org.hibernate.query.hql.internal.SemanticQueryBuilder.consumeJoin(SemanticQueryBuilder.java:2219)
	at org.hibernate.query.hql.internal.SemanticQueryBuilder.visitEntityWithJoins(SemanticQueryBuilder.java:2032)
	at org.hibernate.query.hql.internal.SemanticQueryBuilder.visitFromClause(SemanticQueryBuilder.java:2011)
	at org.hibernate.query.hql.internal.SemanticQueryBuilder.visitQuery(SemanticQueryBuilder.java:1243)
	at org.hibernate.query.hql.internal.SemanticQueryBuilder.visitQuerySpecExpression(SemanticQueryBuilder.java:1035)
	at org.hibernate.query.hql.internal.SemanticQueryBuilder.visitQuerySpecExpression(SemanticQueryBuilder.java:275)
	at org.hibernate.grammars.hql.HqlParser$QuerySpecExpressionContext.accept(HqlParser.java:2132)
	at org.hibernate.query.hql.internal.SemanticQueryBuilder.visitSimpleQueryGroup(SemanticQueryBuilder.java:1020)
	at org.hibernate.query.hql.internal.SemanticQueryBuilder.visitSimpleQueryGroup(SemanticQueryBuilder.java:275)
	at org.hibernate.grammars.hql.HqlParser$SimpleQueryGroupContext.accept(HqlParser.java:2003)
	at org.hibernate.query.hql.internal.SemanticQueryBuilder.visitSelectStatement(SemanticQueryBuilder.java:490)
	at org.hibernate.query.hql.internal.SemanticQueryBuilder.visitStatement(SemanticQueryBuilder.java:449)
	at org.hibernate.query.hql.internal.SemanticQueryBuilder.buildSemanticModel(SemanticQueryBuilder.java:322)
	at org.hibernate.query.hql.internal.StandardHqlTranslator.translate(StandardHqlTranslator.java:71)
	... 73 common frames omitted
2024-12-21 19:42:50 INFO  - Starting PodoCareWebsiteApplication using Java 21.0.2 with PID 1592 (C:\InteliJProjects\PodoCareWebsite\target\classes started by Wojtek in C:\InteliJProjects\PodoCareWebsite)
2024-12-21 19:42:50 INFO  - No active profile set, falling back to 1 default profile: "default"
2024-12-21 19:42:51 INFO  - Bootstrapping Spring Data JPA repositories in DEFAULT mode.
2024-12-21 19:42:51 INFO  - Finished Spring Data repository scanning in 83 ms. Found 11 JPA repository interfaces.
2024-12-21 19:42:51 INFO  - Tomcat initialized with port 8080 (http)
2024-12-21 19:42:51 INFO  - Initializing ProtocolHandler ["http-nio-8080"]
2024-12-21 19:42:51 INFO  - Starting service [Tomcat]
2024-12-21 19:42:51 INFO  - Starting Servlet engine: [Apache Tomcat/10.1.30]
2024-12-21 19:42:51 INFO  - Initializing Spring embedded WebApplicationContext
2024-12-21 19:42:51 INFO  - Root WebApplicationContext: initialization completed in 1144 ms
2024-12-21 19:42:51 INFO  - HHH000204: Processing PersistenceUnitInfo [name: default]
2024-12-21 19:42:51 INFO  - HHH000412: Hibernate ORM core version 6.5.3.Final
2024-12-21 19:42:51 INFO  - HHH000026: Second-level cache disabled
2024-12-21 19:42:52 INFO  - No LoadTimeWeaver setup: ignoring JPA class transformer
2024-12-21 19:42:52 INFO  - HikariPool-1 - Starting...
2024-12-21 19:42:52 INFO  - HikariPool-1 - Added connection org.postgresql.jdbc.PgConnection@7b451bf4
2024-12-21 19:42:52 INFO  - HikariPool-1 - Start completed.
2024-12-21 19:42:52 WARN  - HHH90000025: PostgreSQLDialect does not need to be specified explicitly using 'hibernate.dialect' (remove the property setting and it will be selected by default)
2024-12-21 19:42:53 INFO  - HHH000489: No JTA platform available (set 'hibernate.transaction.jta.platform' to enable JTA platform integration)
2024-12-21 19:42:53 INFO  - Initialized JPA EntityManagerFactory for persistence unit 'default'
2024-12-21 19:42:53 INFO  - Hibernate is in classpath; If applicable, HQL parser will be used.
2024-12-21 19:42:54 WARN  - spring.jpa.open-in-view is enabled by default. Therefore, database queries may be performed during view rendering. Explicitly configure spring.jpa.open-in-view to disable this warning
2024-12-21 19:42:54 INFO  - Starting ProtocolHandler ["http-nio-8080"]
2024-12-21 19:42:54 INFO  - Tomcat started on port 8080 (http) with context path '/'
2024-12-21 19:42:54 INFO  - Started PodoCareWebsiteApplication in 4.704 seconds (process running for 5.195)
2024-12-21 19:43:02 INFO  - Initializing Spring DispatcherServlet 'dispatcherServlet'
2024-12-21 19:43:02 INFO  - Initializing Servlet 'dispatcherServlet'
2024-12-21 19:43:02 INFO  - Completed initialization in 1 ms
2024-12-21 21:49:21 INFO  - Closing JPA EntityManagerFactory for persistence unit 'default'
2024-12-21 21:49:21 INFO  - HikariPool-1 - Shutdown initiated...
2024-12-21 21:49:21 INFO  - HikariPool-1 - Shutdown completed.
